[ 2015-01-12T13:14:06+08:00 ] 111.78.21.227 /dnspodt/?m=Reg
INFO: [ app_begin ] --START--
INFO: ReadHtmlCache Behavior ::run [ RunTime:0.000381s ]
INFO: [ app_begin ] --END-- [ RunTime:0.000458s ]
INFO: [ view_parse ] --START--
INFO: ParseTemplate Behavior ::run [ RunTime:0.005320s ]
INFO: [ view_parse ] --END-- [ RunTime:0.005396s ]
INFO: [ view_filter ] --START--
INFO: ContentReplace Behavior ::run [ RunTime:0.000193s ]
INFO: TokenBuild Behavior ::run [ RunTime:0.000218s ]
INFO: WriteHtmlCache Behavior ::run [ RunTime:0.000144s ]
INFO: ShowRuntime Behavior ::run [ RunTime:0.000270s ]
INFO: [ view_filter ] --END-- [ RunTime:0.000964s ]
INFO: [ view_end ] --START--
INFO: ShowPageTrace Behavior ::run [ RunTime:0.000354s ]
INFO: [ view_end ] --END-- [ RunTime:0.000399s ]

[ 2015-01-12T13:14:07+08:00 ] 111.78.21.227 /dnspodt/index.php?m=Public&a=verify
INFO: [ app_begin ] --START--
INFO: ReadHtmlCache Behavior ::run [ RunTime:0.000310s ]
INFO: [ app_begin ] --END-- [ RunTime:0.000370s ]
NOTIC: [8] Undefined index: dns /home/ftp/n/nkstu/wwwroot/dnspodt/ThinkPHP/Common/functions.php 第 617 行.

[ 2015-01-12T13:14:08+08:00 ] 111.78.21.227 /dnspodt/index.php?m=Login&a=index
INFO: [ app_begin ] --START--
INFO: ReadHtmlCache Behavior ::run [ RunTime:0.000316s ]
INFO: [ app_begin ] --END-- [ RunTime:0.000390s ]
INFO: [ view_parse ] --START--
INFO: ParseTemplate Behavior ::run [ RunTime:0.004505s ]
INFO: [ view_parse ] --END-- [ RunTime:0.004557s ]
INFO: [ view_filter ] --START--
INFO: ContentReplace Behavior ::run [ RunTime:0.000177s ]
INFO: TokenBuild Behavior ::run [ RunTime:0.000187s ]
INFO: WriteHtmlCache Behavior ::run [ RunTime:0.000128s ]
INFO: ShowRuntime Behavior ::run [ RunTime:0.000258s ]
INFO: [ view_filter ] --END-- [ RunTime:0.000880s ]
INFO: [ view_end ] --START--
INFO: ShowPageTrace Behavior ::run [ RunTime:0.000330s ]
INFO: [ view_end ] --END-- [ RunTime:0.000379s ]

[ 2015-01-12T13:14:08+08:00 ] 111.78.21.227 /dnspodt/index.php?m=Public&a=verify
INFO: [ app_begin ] --START--
INFO: ReadHtmlCache Behavior ::run [ RunTime:0.000292s ]
INFO: [ app_begin ] --END-- [ RunTime:0.000354s ]

[ 2015-01-12T13:14:15+08:00 ] 111.78.21.227 /dnspodt/index.php?m=Login&a=logining
INFO: [ app_begin ] --START--
INFO: ReadHtmlCache Behavior ::run [ RunTime:0.000295s ]
INFO: [ app_begin ] --END-- [ RunTime:0.000363s ]
SQL: SHOW COLUMNS FROM `cj_user` [ RunTime:0.000584s ]
SQL: SELECT * FROM `cj_user` WHERE ( `name`='km' and  `password` = '9b05de73d43f8c4ec1110c6bcc5312bc' ) LIMIT 1   [ RunTime:0.000212s ]
SQL: UPDATE `cj_user` SET `name`='km',`password`='9b05de73d43f8c4ec1110c6bcc5312bc',`email`='km@qq.com',`create_time`=1420817972,`login_time`=1421039655 WHERE ( `id` = 1 ) [ RunTime:0.000150s ]
INFO: [ view_parse ] --START--
INFO: ParseTemplate Behavior ::run [ RunTime:0.004573s ]
INFO: [ view_parse ] --END-- [ RunTime:0.004634s ]
INFO: [ view_filter ] --START--
INFO: ContentReplace Behavior ::run [ RunTime:0.000203s ]
INFO: TokenBuild Behavior ::run [ RunTime:0.000200s ]
INFO: WriteHtmlCache Behavior ::run [ RunTime:0.000126s ]
INFO: ShowRuntime Behavior ::run [ RunTime:0.000233s ]
INFO: [ view_filter ] --END-- [ RunTime:0.000889s ]
INFO: [ view_end ] --START--
INFO: ShowPageTrace Behavior ::run [ RunTime:0.000338s ]
INFO: [ view_end ] --END-- [ RunTime:0.000382s ]

[ 2015-01-12T13:14:17+08:00 ] 111.78.21.227 /dnspodt/index.php?m=Index&a=index
INFO: [ app_begin ] --START--
INFO: ReadHtmlCache Behavior ::run [ RunTime:0.000294s ]
INFO: [ app_begin ] --END-- [ RunTime:0.000353s ]
SQL: SHOW COLUMNS FROM `cj_user` [ RunTime:0.000420s ]
SQL: SELECT * FROM `cj_user` WHERE ( id='1' and password='9b05de73d43f8c4ec1110c6bcc5312bc' ) LIMIT 1   [ RunTime:0.000227s ]

[ 2015-01-12T13:15:07+08:00 ] 111.78.21.227 /dnspodt/?m=Reg
INFO: [ app_begin ] --START--
INFO: ReadHtmlCache Behavior ::run [ RunTime:0.000284s ]
INFO: [ app_begin ] --END-- [ RunTime:0.000349s ]
INFO: [ view_parse ] --START--
INFO: ParseTemplate Behavior ::run [ RunTime:0.004367s ]
INFO: [ view_parse ] --END-- [ RunTime:0.004421s ]
INFO: [ view_filter ] --START--
INFO: ContentReplace Behavior ::run [ RunTime:0.000174s ]
INFO: TokenBuild Behavior ::run [ RunTime:0.000187s ]
INFO: WriteHtmlCache Behavior ::run [ RunTime:0.000122s ]
INFO: ShowRuntime Behavior ::run [ RunTime:0.000245s ]
INFO: [ view_filter ] --END-- [ RunTime:0.000851s ]
INFO: [ view_end ] --START--
INFO: ShowPageTrace Behavior ::run [ RunTime:0.000320s ]
INFO: [ view_end ] --END-- [ RunTime:0.000360s ]

[ 2015-01-12T13:15:08+08:00 ] 111.78.21.227 /dnspodt/index.php?m=Public&a=verify
INFO: [ app_begin ] --START--
INFO: ReadHtmlCache Behavior ::run [ RunTime:0.000282s ]
INFO: [ app_begin ] --END-- [ RunTime:0.000340s ]
NOTIC: [8] Undefined index: dns /home/ftp/n/nkstu/wwwroot/dnspodt/ThinkPHP/Common/functions.php 第 617 行.

[ 2015-01-12T13:15:09+08:00 ] 111.78.21.227 /dnspodt/index.php?m=Login&a=index
INFO: [ app_begin ] --START--
INFO: ReadHtmlCache Behavior ::run [ RunTime:0.000280s ]
INFO: [ app_begin ] --END-- [ RunTime:0.000341s ]
INFO: [ view_parse ] --START--
INFO: ParseTemplate Behavior ::run [ RunTime:0.004307s ]
INFO: [ view_parse ] --END-- [ RunTime:0.004356s ]
INFO: [ view_filter ] --START--
INFO: ContentReplace Behavior ::run [ RunTime:0.000175s ]
INFO: TokenBuild Behavior ::run [ RunTime:0.000190s ]
INFO: WriteHtmlCache Behavior ::run [ RunTime:0.000123s ]
INFO: ShowRuntime Behavior ::run [ RunTime:0.000244s ]
INFO: [ view_filter ] --END-- [ RunTime:0.000861s ]
INFO: [ view_end ] --START--
INFO: ShowPageTrace Behavior ::run [ RunTime:0.000321s ]
INFO: [ view_end ] --END-- [ RunTime:0.000363s ]

[ 2015-01-12T13:15:09+08:00 ] 111.78.21.227 /dnspodt/index.php?m=Public&a=verify
INFO: [ app_begin ] --START--
INFO: ReadHtmlCache Behavior ::run [ RunTime:0.000280s ]
INFO: [ app_begin ] --END-- [ RunTime:0.000339s ]

[ 2015-01-12T13:15:19+08:00 ] 111.78.21.227 /dnspodt/index.php?m=Login&a=logining
INFO: [ app_begin ] --START--
INFO: ReadHtmlCache Behavior ::run [ RunTime:0.000346s ]
INFO: [ app_begin ] --END-- [ RunTime:0.000413s ]
SQL: SHOW COLUMNS FROM `cj_user` [ RunTime:0.000530s ]
SQL: SELECT * FROM `cj_user` WHERE ( `name`='km' and  `password` = '9b05de73d43f8c4ec1110c6bcc5312bc' ) LIMIT 1   [ RunTime:0.000418s ]
SQL: UPDATE `cj_user` SET `name`='km',`password`='9b05de73d43f8c4ec1110c6bcc5312bc',`email`='km@qq.com',`create_time`=1420817972,`login_time`=1421039719 WHERE ( `id` = 1 ) [ RunTime:0.000141s ]
INFO: [ view_parse ] --START--
INFO: ParseTemplate Behavior ::run [ RunTime:0.004878s ]
INFO: [ view_parse ] --END-- [ RunTime:0.004928s ]
INFO: [ view_filter ] --START--
INFO: ContentReplace Behavior ::run [ RunTime:0.000183s ]
INFO: TokenBuild Behavior ::run [ RunTime:0.000189s ]
INFO: WriteHtmlCache Behavior ::run [ RunTime:0.000123s ]
INFO: ShowRuntime Behavior ::run [ RunTime:0.000347s ]
INFO: [ view_filter ] --END-- [ RunTime:0.000978s ]
INFO: [ view_end ] --START--
INFO: ShowPageTrace Behavior ::run [ RunTime:0.000330s ]
INFO: [ view_end ] --END-- [ RunTime:0.000388s ]

[ 2015-01-12T13:15:22+08:00 ] 111.78.21.227 /dnspodt/index.php?m=Index&a=index
INFO: [ app_begin ] --START--
INFO: ReadHtmlCache Behavior ::run [ RunTime:0.000276s ]
INFO: [ app_begin ] --END-- [ RunTime:0.000330s ]
SQL: SHOW COLUMNS FROM `cj_user` [ RunTime:0.000418s ]
SQL: SELECT * FROM `cj_user` WHERE ( id='1' and password='9b05de73d43f8c4ec1110c6bcc5312bc' ) LIMIT 1   [ RunTime:0.000231s ]

[ 2015-01-12T13:15:45+08:00 ] 111.78.21.227 /dnspodt/index.php?m=Index&a=index
INFO: [ app_begin ] --START--
INFO: ReadHtmlCache Behavior ::run [ RunTime:0.000275s ]
INFO: [ app_begin ] --END-- [ RunTime:0.000330s ]
SQL: SHOW COLUMNS FROM `cj_user` [ RunTime:0.000415s ]
SQL: SELECT * FROM `cj_user` WHERE ( id='1' and password='9b05de73d43f8c4ec1110c6bcc5312bc' ) LIMIT 1   [ RunTime:0.000209s ]

[ 2015-01-12T13:16:06+08:00 ] 111.78.21.227 /dnspodt/index.php?m=Index&a=index
INFO: [ app_begin ] --START--
INFO: ReadHtmlCache Behavior ::run [ RunTime:0.000294s ]
INFO: [ app_begin ] --END-- [ RunTime:0.000359s ]
SQL: SHOW COLUMNS FROM `cj_user` [ RunTime:0.000490s ]
SQL: SELECT * FROM `cj_user` WHERE ( id='1' and password='9b05de73d43f8c4ec1110c6bcc5312bc' ) LIMIT 1   [ RunTime:0.000192s ]

[ 2015-01-12T13:16:07+08:00 ] 111.78.21.227 /dnspodt/index.php?m=User&a=index
INFO: [ app_begin ] --START--
INFO: ReadHtmlCache Behavior ::run [ RunTime:0.000309s ]
INFO: [ app_begin ] --END-- [ RunTime:0.000417s ]
SQL: SHOW COLUMNS FROM `cj_user` [ RunTime:0.000474s ]
SQL: SELECT * FROM `cj_user` WHERE ( id='1' and password='9b05de73d43f8c4ec1110c6bcc5312bc' ) LIMIT 1   [ RunTime:0.000277s ]

[ 2015-01-12T13:16:47+08:00 ] 111.78.21.227 /dnspodt/index.php?m=User&a=index
INFO: [ app_begin ] --START--
INFO: ReadHtmlCache Behavior ::run [ RunTime:0.000340s ]
INFO: [ app_begin ] --END-- [ RunTime:0.000407s ]
SQL: SHOW COLUMNS FROM `cj_user` [ RunTime:0.000557s ]
SQL: SELECT * FROM `cj_user` WHERE ( id='1' and password='9b05de73d43f8c4ec1110c6bcc5312bc' ) LIMIT 1   [ RunTime:0.000271s ]

[ 2015-01-12T13:17:21+08:00 ] 111.78.21.227 /dnspodt/index.php?m=User&a=index
INFO: [ app_begin ] --START--
INFO: ReadHtmlCache Behavior ::run [ RunTime:0.000297s ]
INFO: [ app_begin ] --END-- [ RunTime:0.000352s ]
SQL: SHOW COLUMNS FROM `cj_user` [ RunTime:0.000434s ]
SQL: SELECT * FROM `cj_user` WHERE ( id='1' and password='9b05de73d43f8c4ec1110c6bcc5312bc' ) LIMIT 1   [ RunTime:0.000269s ]

[ 2015-01-12T13:21:01+08:00 ] 111.78.21.227 /dnspodt/index.php?m=User&a=index
INFO: [ app_begin ] --START--
INFO: ReadHtmlCache Behavior ::run [ RunTime:0.000286s ]
INFO: [ app_begin ] --END-- [ RunTime:0.000340s ]
SQL: SHOW COLUMNS FROM `cj_user` [ RunTime:0.000428s ]
SQL: SELECT * FROM `cj_user` WHERE ( id='1' and password='9b05de73d43f8c4ec1110c6bcc5312bc' ) LIMIT 1   [ RunTime:0.000211s ]
SQL: SHOW COLUMNS FROM `cj_record` [ RunTime:0.000239s ]
ERR: 1146:Table 'nkstu.cj_record' doesn't exist
 [ SQL语句 ] : SHOW COLUMNS FROM `cj_record`

[ 2015-01-12T13:22:19+08:00 ] 111.78.21.227 /dnspodt/index.php?m=User&a=index
INFO: [ app_begin ] --START--
INFO: ReadHtmlCache Behavior ::run [ RunTime:0.000465s ]
INFO: [ app_begin ] --END-- [ RunTime:0.000542s ]
SQL: SHOW COLUMNS FROM `cj_user` [ RunTime:0.000460s ]
SQL: SELECT * FROM `cj_user` WHERE ( id='1' and password='9b05de73d43f8c4ec1110c6bcc5312bc' ) LIMIT 1   [ RunTime:0.000218s ]
SQL: SHOW COLUMNS FROM `cj_record` [ RunTime:0.000219s ]
ERR: 1146:Table 'nkstu.cj_record' doesn't exist
 [ SQL语句 ] : SHOW COLUMNS FROM `cj_record`
SQL: SELECT * FROM `cj_record` WHERE ( userid= '1' )  [ RunTime:0.000127s ]
ERR: 1146:Table 'nkstu.cj_record' doesn't exist
 [ SQL语句 ] : SELECT * FROM `cj_record` WHERE ( userid= '1' ) 
INFO: [ view_parse ] --START--
INFO: ParseTemplate Behavior ::run [ RunTime:0.004284s ]
INFO: [ view_parse ] --END-- [ RunTime:0.004345s ]
INFO: [ view_filter ] --START--
INFO: ContentReplace Behavior ::run [ RunTime:0.000177s ]
INFO: TokenBuild Behavior ::run [ RunTime:0.000189s ]
INFO: WriteHtmlCache Behavior ::run [ RunTime:0.000134s ]
INFO: ShowRuntime Behavior ::run [ RunTime:0.000254s ]
INFO: [ view_filter ] --END-- [ RunTime:0.000878s ]
INFO: [ view_end ] --START--
INFO: ShowPageTrace Behavior ::run [ RunTime:0.000330s ]
INFO: [ view_end ] --END-- [ RunTime:0.000373s ]

[ 2015-01-12T13:22:22+08:00 ] 111.78.21.227 /dnspodt/index.php?m=User&a=updateuser
INFO: [ app_begin ] --START--
INFO: ReadHtmlCache Behavior ::run [ RunTime:0.000292s ]
INFO: [ app_begin ] --END-- [ RunTime:0.000349s ]
ERR: 非法操作:updateuser

[ 2015-01-12T13:29:14+08:00 ] 111.78.21.227 /dnspodt/index.php?m=User&a=logoff
INFO: [ app_begin ] --START--
INFO: ReadHtmlCache Behavior ::run [ RunTime:0.000291s ]
INFO: [ app_begin ] --END-- [ RunTime:0.000353s ]

[ 2015-01-12T13:29:15+08:00 ] 111.78.21.227 /dnspodt/index.php?m=Index&a=index
INFO: [ app_begin ] --START--
INFO: ReadHtmlCache Behavior ::run [ RunTime:0.000474s ]
INFO: [ app_begin ] --END-- [ RunTime:0.000559s ]
SQL: SHOW COLUMNS FROM `cj_user` [ RunTime:0.000420s ]
SQL: SELECT * FROM `cj_user` WHERE ( id='' and password='' ) LIMIT 1   [ RunTime:0.000241s ]

[ 2015-01-12T13:29:15+08:00 ] 111.78.21.227 /dnspodt/index.php?m=Index&a=index
INFO: [ app_begin ] --START--
INFO: ReadHtmlCache Behavior ::run [ RunTime:0.000291s ]
INFO: [ app_begin ] --END-- [ RunTime:0.000352s ]
SQL: SHOW COLUMNS FROM `cj_user` [ RunTime:0.000404s ]
SQL: SELECT * FROM `cj_user` WHERE ( id='' and password='' ) LIMIT 1   [ RunTime:0.000212s ]

[ 2015-01-12T13:29:17+08:00 ] 111.78.21.227 /dnspodt/index.php?m=Index&a=index
INFO: [ app_begin ] --START--
INFO: ReadHtmlCache Behavior ::run [ RunTime:0.000348s ]
INFO: [ app_begin ] --END-- [ RunTime:0.000410s ]
SQL: SHOW COLUMNS FROM `cj_user` [ RunTime:0.000434s ]
SQL: SELECT * FROM `cj_user` WHERE ( id='' and password='' ) LIMIT 1   [ RunTime:0.000238s ]

[ 2015-01-12T13:29:17+08:00 ] 111.78.21.227 /dnspodt/index.php?m=Index&a=index
INFO: [ app_begin ] --START--
INFO: ReadHtmlCache Behavior ::run [ RunTime:0.000298s ]
INFO: [ app_begin ] --END-- [ RunTime:0.000354s ]
SQL: SHOW COLUMNS FROM `cj_user` [ RunTime:0.000423s ]
SQL: SELECT * FROM `cj_user` WHERE ( id='' and password='' ) LIMIT 1   [ RunTime:0.000210s ]

[ 2015-01-12T13:29:18+08:00 ] 111.78.21.227 /dnspodt/index.php?m=Index&a=index
INFO: [ app_begin ] --START--
INFO: ReadHtmlCache Behavior ::run [ RunTime:0.000282s ]
INFO: [ app_begin ] --END-- [ RunTime:0.000335s ]
SQL: SHOW COLUMNS FROM `cj_user` [ RunTime:0.000497s ]
SQL: SELECT * FROM `cj_user` WHERE ( id='' and password='' ) LIMIT 1   [ RunTime:0.000223s ]

[ 2015-01-12T13:29:18+08:00 ] 111.78.21.227 /dnspodt/index.php?m=Index&a=index
INFO: [ app_begin ] --START--
INFO: ReadHtmlCache Behavior ::run [ RunTime:0.000315s ]
INFO: [ app_begin ] --END-- [ RunTime:0.000377s ]
SQL: SHOW COLUMNS FROM `cj_user` [ RunTime:0.000457s ]
SQL: SELECT * FROM `cj_user` WHERE ( id='' and password='' ) LIMIT 1   [ RunTime:0.000221s ]

[ 2015-01-12T13:29:19+08:00 ] 111.78.21.227 /dnspodt/index.php?m=Index&a=index
INFO: [ app_begin ] --START--
INFO: ReadHtmlCache Behavior ::run [ RunTime:0.000284s ]
INFO: [ app_begin ] --END-- [ RunTime:0.000338s ]
SQL: SHOW COLUMNS FROM `cj_user` [ RunTime:0.000424s ]
SQL: SELECT * FROM `cj_user` WHERE ( id='' and password='' ) LIMIT 1   [ RunTime:0.000211s ]

[ 2015-01-12T13:29:19+08:00 ] 111.78.21.227 /dnspodt/index.php?m=Index&a=index
INFO: [ app_begin ] --START--
INFO: ReadHtmlCache Behavior ::run [ RunTime:0.000327s ]
INFO: [ app_begin ] --END-- [ RunTime:0.000385s ]
SQL: SHOW COLUMNS FROM `cj_user` [ RunTime:0.000417s ]
SQL: SELECT * FROM `cj_user` WHERE ( id='' and password='' ) LIMIT 1   [ RunTime:0.000206s ]

[ 2015-01-12T13:29:19+08:00 ] 111.78.21.227 /dnspodt/index.php?m=Index&a=index
INFO: [ app_begin ] --START--
INFO: ReadHtmlCache Behavior ::run [ RunTime:0.000293s ]
INFO: [ app_begin ] --END-- [ RunTime:0.000355s ]
SQL: SHOW COLUMNS FROM `cj_user` [ RunTime:0.000406s ]
SQL: SELECT * FROM `cj_user` WHERE ( id='' and password='' ) LIMIT 1   [ RunTime:0.000218s ]

[ 2015-01-12T13:29:20+08:00 ] 111.78.21.227 /dnspodt/index.php?m=Index&a=index
INFO: [ app_begin ] --START--
INFO: ReadHtmlCache Behavior ::run [ RunTime:0.000283s ]
INFO: [ app_begin ] --END-- [ RunTime:0.000341s ]
SQL: SHOW COLUMNS FROM `cj_user` [ RunTime:0.000418s ]
SQL: SELECT * FROM `cj_user` WHERE ( id='' and password='' ) LIMIT 1   [ RunTime:0.000207s ]

[ 2015-01-12T13:29:20+08:00 ] 111.78.21.227 /dnspodt/index.php?m=Index&a=index
INFO: [ app_begin ] --START--
INFO: ReadHtmlCache Behavior ::run [ RunTime:0.000287s ]
INFO: [ app_begin ] --END-- [ RunTime:0.000342s ]
SQL: SHOW COLUMNS FROM `cj_user` [ RunTime:0.000429s ]
SQL: SELECT * FROM `cj_user` WHERE ( id='' and password='' ) LIMIT 1   [ RunTime:0.000205s ]

[ 2015-01-12T13:29:20+08:00 ] 111.78.21.227 /dnspodt/index.php?m=Index&a=index
INFO: [ app_begin ] --START--
INFO: ReadHtmlCache Behavior ::run [ RunTime:0.000288s ]
INFO: [ app_begin ] --END-- [ RunTime:0.000344s ]
SQL: SHOW COLUMNS FROM `cj_user` [ RunTime:0.000405s ]
SQL: SELECT * FROM `cj_user` WHERE ( id='' and password='' ) LIMIT 1   [ RunTime:0.000212s ]

[ 2015-01-12T13:29:21+08:00 ] 111.78.21.227 /dnspodt/index.php?m=Index&a=index
INFO: [ app_begin ] --START--
INFO: ReadHtmlCache Behavior ::run [ RunTime:0.000293s ]
INFO: [ app_begin ] --END-- [ RunTime:0.000348s ]
SQL: SHOW COLUMNS FROM `cj_user` [ RunTime:0.000398s ]
SQL: SELECT * FROM `cj_user` WHERE ( id='' and password='' ) LIMIT 1   [ RunTime:0.000217s ]

[ 2015-01-12T13:30:08+08:00 ] 111.78.21.227 /dnspodt/index.php?m=User&a=logoff
INFO: [ app_begin ] --START--
INFO: ReadHtmlCache Behavior ::run [ RunTime:0.000297s ]
INFO: [ app_begin ] --END-- [ RunTime:0.000352s ]

[ 2015-01-12T13:30:09+08:00 ] 111.78.21.227 /dnspodt/index.php?m=Index&a=index
INFO: [ app_begin ] --START--
INFO: ReadHtmlCache Behavior ::run [ RunTime:0.000297s ]
INFO: [ app_begin ] --END-- [ RunTime:0.000352s ]
SQL: SHOW COLUMNS FROM `cj_user` [ RunTime:0.000423s ]
SQL: SELECT * FROM `cj_user` WHERE ( id='' and password='' ) LIMIT 1   [ RunTime:0.000213s ]

[ 2015-01-12T13:30:10+08:00 ] 111.78.21.227 /dnspodt/index.php?m=User&a=index
INFO: [ app_begin ] --START--
INFO: ReadHtmlCache Behavior ::run [ RunTime:0.000284s ]
INFO: [ app_begin ] --END-- [ RunTime:0.000338s ]
SQL: SHOW COLUMNS FROM `cj_user` [ RunTime:0.000441s ]
SQL: SELECT * FROM `cj_user` WHERE ( id='' and password='' ) LIMIT 1   [ RunTime:0.000229s ]

[ 2015-01-12T13:30:13+08:00 ] 111.78.21.227 /dnspodt/index.php?m=Index&a=index
INFO: [ app_begin ] --START--
INFO: ReadHtmlCache Behavior ::run [ RunTime:0.000398s ]
INFO: [ app_begin ] --END-- [ RunTime:0.000465s ]
SQL: SHOW COLUMNS FROM `cj_user` [ RunTime:0.001167s ]
SQL: SELECT * FROM `cj_user` WHERE ( id='' and password='' ) LIMIT 1   [ RunTime:0.000158s ]

[ 2015-01-12T13:30:14+08:00 ] 111.78.21.227 /dnspodt/index.php?m=User&a=index
INFO: [ app_begin ] --START--
INFO: ReadHtmlCache Behavior ::run [ RunTime:0.000404s ]
INFO: [ app_begin ] --END-- [ RunTime:0.000471s ]
SQL: SHOW COLUMNS FROM `cj_user` [ RunTime:0.000872s ]
SQL: SELECT * FROM `cj_user` WHERE ( id='' and password='' ) LIMIT 1   [ RunTime:0.000487s ]

[ 2015-01-12T13:30:15+08:00 ] 111.78.21.227 /dnspodt/index.php?m=Index&a=index
INFO: [ app_begin ] --START--
INFO: ReadHtmlCache Behavior ::run [ RunTime:0.000423s ]
INFO: [ app_begin ] --END-- [ RunTime:0.000503s ]
SQL: SHOW COLUMNS FROM `cj_user` [ RunTime:0.000586s ]
SQL: SELECT * FROM `cj_user` WHERE ( id='' and password='' ) LIMIT 1   [ RunTime:0.000253s ]

[ 2015-01-12T13:30:15+08:00 ] 111.78.21.227 /dnspodt/index.php?m=User&a=index
INFO: [ app_begin ] --START--
INFO: ReadHtmlCache Behavior ::run [ RunTime:0.000285s ]
INFO: [ app_begin ] --END-- [ RunTime:0.000352s ]
SQL: SHOW COLUMNS FROM `cj_user` [ RunTime:0.000584s ]
SQL: SELECT * FROM `cj_user` WHERE ( id='' and password='' ) LIMIT 1   [ RunTime:0.000373s ]

[ 2015-01-12T13:30:16+08:00 ] 111.78.21.227 /dnspodt/index.php?m=Index&a=index
INFO: [ app_begin ] --START--
INFO: ReadHtmlCache Behavior ::run [ RunTime:0.000463s ]
INFO: [ app_begin ] --END-- [ RunTime:0.000542s ]
SQL: SHOW COLUMNS FROM `cj_user` [ RunTime:0.000718s ]
SQL: SELECT * FROM `cj_user` WHERE ( id='' and password='' ) LIMIT 1   [ RunTime:0.000432s ]

[ 2015-01-12T13:30:16+08:00 ] 111.78.21.227 /dnspodt/index.php?m=User&a=index
INFO: [ app_begin ] --START--
INFO: ReadHtmlCache Behavior ::run [ RunTime:0.000284s ]
INFO: [ app_begin ] --END-- [ RunTime:0.000338s ]
SQL: SHOW COLUMNS FROM `cj_user` [ RunTime:0.000420s ]
SQL: SELECT * FROM `cj_user` WHERE ( id='' and password='' ) LIMIT 1   [ RunTime:0.000206s ]

[ 2015-01-12T13:30:17+08:00 ] 111.78.21.227 /dnspodt/index.php?m=Index&a=index
INFO: [ app_begin ] --START--
INFO: ReadHtmlCache Behavior ::run [ RunTime:0.000281s ]
INFO: [ app_begin ] --END-- [ RunTime:0.000336s ]
SQL: SHOW COLUMNS FROM `cj_user` [ RunTime:0.000430s ]
SQL: SELECT * FROM `cj_user` WHERE ( id='' and password='' ) LIMIT 1   [ RunTime:0.000208s ]

[ 2015-01-12T13:30:17+08:00 ] 111.78.21.227 /dnspodt/index.php?m=User&a=index
INFO: [ app_begin ] --START--
INFO: ReadHtmlCache Behavior ::run [ RunTime:0.000370s ]
INFO: [ app_begin ] --END-- [ RunTime:0.000426s ]
SQL: SHOW COLUMNS FROM `cj_user` [ RunTime:0.000406s ]
SQL: SELECT * FROM `cj_user` WHERE ( id='' and password='' ) LIMIT 1   [ RunTime:0.000212s ]

[ 2015-01-12T13:30:18+08:00 ] 111.78.21.227 /dnspodt/index.php?m=Index&a=index
INFO: [ app_begin ] --START--
INFO: ReadHtmlCache Behavior ::run [ RunTime:0.000283s ]
INFO: [ app_begin ] --END-- [ RunTime:0.000336s ]
SQL: SHOW COLUMNS FROM `cj_user` [ RunTime:0.000551s ]
SQL: SELECT * FROM `cj_user` WHERE ( id='' and password='' ) LIMIT 1   [ RunTime:0.000152s ]

[ 2015-01-12T13:30:18+08:00 ] 111.78.21.227 /dnspodt/index.php?m=User&a=index
INFO: [ app_begin ] --START--
INFO: ReadHtmlCache Behavior ::run [ RunTime:0.000300s ]
INFO: [ app_begin ] --END-- [ RunTime:0.000362s ]
SQL: SHOW COLUMNS FROM `cj_user` [ RunTime:0.000405s ]
SQL: SELECT * FROM `cj_user` WHERE ( id='' and password='' ) LIMIT 1   [ RunTime:0.000221s ]

[ 2015-01-12T13:30:18+08:00 ] 111.78.21.227 /dnspodt/index.php?m=Index&a=index
INFO: [ app_begin ] --START--
INFO: ReadHtmlCache Behavior ::run [ RunTime:0.000281s ]
INFO: [ app_begin ] --END-- [ RunTime:0.000335s ]
SQL: SHOW COLUMNS FROM `cj_user` [ RunTime:0.000430s ]
SQL: SELECT * FROM `cj_user` WHERE ( id='' and password='' ) LIMIT 1   [ RunTime:0.000210s ]

[ 2015-01-12T13:30:19+08:00 ] 111.78.21.227 /dnspodt/index.php?m=User&a=index
INFO: [ app_begin ] --START--
INFO: ReadHtmlCache Behavior ::run [ RunTime:0.000307s ]
INFO: [ app_begin ] --END-- [ RunTime:0.000361s ]
SQL: SHOW COLUMNS FROM `cj_user` [ RunTime:0.000403s ]
SQL: SELECT * FROM `cj_user` WHERE ( id='' and password='' ) LIMIT 1   [ RunTime:0.000209s ]

[ 2015-01-12T13:30:19+08:00 ] 111.78.21.227 /dnspodt/index.php?m=Index&a=index
INFO: [ app_begin ] --START--
INFO: ReadHtmlCache Behavior ::run [ RunTime:0.000337s ]
INFO: [ app_begin ] --END-- [ RunTime:0.000403s ]
SQL: SHOW COLUMNS FROM `cj_user` [ RunTime:0.000436s ]
SQL: SELECT * FROM `cj_user` WHERE ( id='' and password='' ) LIMIT 1   [ RunTime:0.000208s ]

[ 2015-01-12T13:30:20+08:00 ] 111.78.21.227 /dnspodt/index.php?m=User&a=index
INFO: [ app_begin ] --START--
INFO: ReadHtmlCache Behavior ::run [ RunTime:0.000293s ]
INFO: [ app_begin ] --END-- [ RunTime:0.000351s ]
SQL: SHOW COLUMNS FROM `cj_user` [ RunTime:0.000429s ]
SQL: SELECT * FROM `cj_user` WHERE ( id='' and password='' ) LIMIT 1   [ RunTime:0.000297s ]

[ 2015-01-12T13:30:20+08:00 ] 111.78.21.227 /dnspodt/index.php?m=Index&a=index
INFO: [ app_begin ] --START--
INFO: ReadHtmlCache Behavior ::run [ RunTime:0.000431s ]
INFO: [ app_begin ] --END-- [ RunTime:0.000493s ]
SQL: SHOW COLUMNS FROM `cj_user` [ RunTime:0.000469s ]
SQL: SELECT * FROM `cj_user` WHERE ( id='' and password='' ) LIMIT 1   [ RunTime:0.000230s ]

[ 2015-01-12T13:30:21+08:00 ] 111.78.21.227 /dnspodt/index.php?m=User&a=index
INFO: [ app_begin ] --START--
INFO: ReadHtmlCache Behavior ::run [ RunTime:0.000310s ]
INFO: [ app_begin ] --END-- [ RunTime:0.000365s ]
SQL: SHOW COLUMNS FROM `cj_user` [ RunTime:0.000427s ]
SQL: SELECT * FROM `cj_user` WHERE ( id='' and password='' ) LIMIT 1   [ RunTime:0.000202s ]

[ 2015-01-12T13:30:21+08:00 ] 111.78.21.227 /dnspodt/index.php?m=Index&a=index
INFO: [ app_begin ] --START--
INFO: ReadHtmlCache Behavior ::run [ RunTime:0.000335s ]
INFO: [ app_begin ] --END-- [ RunTime:0.000393s ]
SQL: SHOW COLUMNS FROM `cj_user` [ RunTime:0.000427s ]
SQL: SELECT * FROM `cj_user` WHERE ( id='' and password='' ) LIMIT 1   [ RunTime:0.000210s ]

[ 2015-01-12T13:30:22+08:00 ] 111.78.21.227 /dnspodt/index.php?m=User&a=index
INFO: [ app_begin ] --START--
INFO: ReadHtmlCache Behavior ::run [ RunTime:0.000295s ]
INFO: [ app_begin ] --END-- [ RunTime:0.000349s ]
SQL: SHOW COLUMNS FROM `cj_user` [ RunTime:0.000399s ]
SQL: SELECT * FROM `cj_user` WHERE ( id='' and password='' ) LIMIT 1   [ RunTime:0.000203s ]

[ 2015-01-12T13:30:22+08:00 ] 111.78.21.227 /dnspodt/index.php?m=Index&a=index
INFO: [ app_begin ] --START--
INFO: ReadHtmlCache Behavior ::run [ RunTime:0.000297s ]
INFO: [ app_begin ] --END-- [ RunTime:0.000352s ]
SQL: SHOW COLUMNS FROM `cj_user` [ RunTime:0.000406s ]
SQL: SELECT * FROM `cj_user` WHERE ( id='' and password='' ) LIMIT 1   [ RunTime:0.000208s ]

[ 2015-01-12T13:30:22+08:00 ] 111.78.21.227 /dnspodt/index.php?m=User&a=index
INFO: [ app_begin ] --START--
INFO: ReadHtmlCache Behavior ::run [ RunTime:0.000293s ]
INFO: [ app_begin ] --END-- [ RunTime:0.000348s ]
SQL: SHOW COLUMNS FROM `cj_user` [ RunTime:0.000427s ]
SQL: SELECT * FROM `cj_user` WHERE ( id='' and password='' ) LIMIT 1   [ RunTime:0.000209s ]

[ 2015-01-12T13:30:23+08:00 ] 111.78.21.227 /dnspodt/index.php?m=Index&a=index
INFO: [ app_begin ] --START--
INFO: ReadHtmlCache Behavior ::run [ RunTime:0.000295s ]
INFO: [ app_begin ] --END-- [ RunTime:0.000349s ]
SQL: SHOW COLUMNS FROM `cj_user` [ RunTime:0.000405s ]
SQL: SELECT * FROM `cj_user` WHERE ( id='' and password='' ) LIMIT 1   [ RunTime:0.000211s ]

[ 2015-01-12T13:30:23+08:00 ] 111.78.21.227 /dnspodt/index.php?m=User&a=index
INFO: [ app_begin ] --START--
INFO: ReadHtmlCache Behavior ::run [ RunTime:0.000297s ]
INFO: [ app_begin ] --END-- [ RunTime:0.000354s ]
SQL: SHOW COLUMNS FROM `cj_user` [ RunTime:0.000465s ]
SQL: SELECT * FROM `cj_user` WHERE ( id='' and password='' ) LIMIT 1   [ RunTime:0.000148s ]

[ 2015-01-12T13:30:24+08:00 ] 111.78.21.227 /dnspodt/index.php?m=Index&a=index
INFO: [ app_begin ] --START--
INFO: ReadHtmlCache Behavior ::run [ RunTime:0.000285s ]
INFO: [ app_begin ] --END-- [ RunTime:0.000340s ]
SQL: SHOW COLUMNS FROM `cj_user` [ RunTime:0.000405s ]
SQL: SELECT * FROM `cj_user` WHERE ( id='' and password='' ) LIMIT 1   [ RunTime:0.000221s ]

[ 2015-01-12T13:30:24+08:00 ] 111.78.21.227 /dnspodt/index.php?m=User&a=index
INFO: [ app_begin ] --START--
INFO: ReadHtmlCache Behavior ::run [ RunTime:0.000349s ]
INFO: [ app_begin ] --END-- [ RunTime:0.000409s ]
SQL: SHOW COLUMNS FROM `cj_user` [ RunTime:0.000556s ]
SQL: SELECT * FROM `cj_user` WHERE ( id='' and password='' ) LIMIT 1   [ RunTime:0.000776s ]

[ 2015-01-12T13:30:25+08:00 ] 111.78.21.227 /dnspodt/index.php?m=Index&a=index
INFO: [ app_begin ] --START--
INFO: ReadHtmlCache Behavior ::run [ RunTime:0.000292s ]
INFO: [ app_begin ] --END-- [ RunTime:0.000349s ]
SQL: SHOW COLUMNS FROM `cj_user` [ RunTime:0.000397s ]
SQL: SELECT * FROM `cj_user` WHERE ( id='' and password='' ) LIMIT 1   [ RunTime:0.000219s ]

[ 2015-01-12T13:30:26+08:00 ] 111.78.21.227 /dnspodt/index.php?m=User&a=index
INFO: [ app_begin ] --START--
INFO: ReadHtmlCache Behavior ::run [ RunTime:0.000284s ]
INFO: [ app_begin ] --END-- [ RunTime:0.000338s ]
SQL: SHOW COLUMNS FROM `cj_user` [ RunTime:0.000415s ]
SQL: SELECT * FROM `cj_user` WHERE ( id='' and password='' ) LIMIT 1   [ RunTime:0.000202s ]

[ 2015-01-12T13:30:26+08:00 ] 111.78.21.227 /dnspodt/index.php?m=Index&a=index
INFO: [ app_begin ] --START--
INFO: ReadHtmlCache Behavior ::run [ RunTime:0.000286s ]
INFO: [ app_begin ] --END-- [ RunTime:0.000340s ]
SQL: SHOW COLUMNS FROM `cj_user` [ RunTime:0.000430s ]
SQL: SELECT * FROM `cj_user` WHERE ( id='' and password='' ) LIMIT 1   [ RunTime:0.000206s ]

[ 2015-01-12T13:30:26+08:00 ] 111.78.21.227 /dnspodt/index.php?m=User&a=index
INFO: [ app_begin ] --START--
INFO: ReadHtmlCache Behavior ::run [ RunTime:0.000318s ]
INFO: [ app_begin ] --END-- [ RunTime:0.000383s ]
SQL: SHOW COLUMNS FROM `cj_user` [ RunTime:0.000573s ]
SQL: SELECT * FROM `cj_user` WHERE ( id='' and password='' ) LIMIT 1   [ RunTime:0.000257s ]

[ 2015-01-12T13:30:27+08:00 ] 111.78.21.227 /dnspodt/index.php?m=Index&a=index
INFO: [ app_begin ] --START--
INFO: ReadHtmlCache Behavior ::run [ RunTime:0.000306s ]
INFO: [ app_begin ] --END-- [ RunTime:0.000362s ]
SQL: SHOW COLUMNS FROM `cj_user` [ RunTime:0.000425s ]
SQL: SELECT * FROM `cj_user` WHERE ( id='' and password='' ) LIMIT 1   [ RunTime:0.000206s ]

[ 2015-01-12T13:30:27+08:00 ] 111.78.21.227 /dnspodt/index.php?m=User&a=index
INFO: [ app_begin ] --START--
INFO: ReadHtmlCache Behavior ::run [ RunTime:0.000287s ]
INFO: [ app_begin ] --END-- [ RunTime:0.000350s ]
SQL: SHOW COLUMNS FROM `cj_user` [ RunTime:0.000424s ]
SQL: SELECT * FROM `cj_user` WHERE ( id='' and password='' ) LIMIT 1   [ RunTime:0.000198s ]

[ 2015-01-12T13:30:27+08:00 ] 111.78.21.227 /dnspodt/index.php?m=Index&a=index
INFO: [ app_begin ] --START--
INFO: ReadHtmlCache Behavior ::run [ RunTime:0.000288s ]
INFO: [ app_begin ] --END-- [ RunTime:0.000343s ]
SQL: SHOW COLUMNS FROM `cj_user` [ RunTime:0.000416s ]
SQL: SELECT * FROM `cj_user` WHERE ( id='' and password='' ) LIMIT 1   [ RunTime:0.000206s ]

[ 2015-01-12T13:30:28+08:00 ] 111.78.21.227 /dnspodt/index.php?m=User&a=index
INFO: [ app_begin ] --START--
INFO: ReadHtmlCache Behavior ::run [ RunTime:0.000285s ]
INFO: [ app_begin ] --END-- [ RunTime:0.000339s ]
SQL: SHOW COLUMNS FROM `cj_user` [ RunTime:0.000409s ]
SQL: SELECT * FROM `cj_user` WHERE ( id='' and password='' ) LIMIT 1   [ RunTime:0.000205s ]

[ 2015-01-12T13:30:28+08:00 ] 111.78.21.227 /dnspodt/index.php?m=Index&a=index
INFO: [ app_begin ] --START--
INFO: ReadHtmlCache Behavior ::run [ RunTime:0.000290s ]
INFO: [ app_begin ] --END-- [ RunTime:0.000345s ]
SQL: SHOW COLUMNS FROM `cj_user` [ RunTime:0.000410s ]
SQL: SELECT * FROM `cj_user` WHERE ( id='' and password='' ) LIMIT 1   [ RunTime:0.000203s ]

[ 2015-01-12T13:30:28+08:00 ] 111.78.21.227 /dnspodt/index.php?m=User&a=index
INFO: [ app_begin ] --START--
INFO: ReadHtmlCache Behavior ::run [ RunTime:0.000281s ]
INFO: [ app_begin ] --END-- [ RunTime:0.000335s ]
SQL: SHOW COLUMNS FROM `cj_user` [ RunTime:0.000410s ]
SQL: SELECT * FROM `cj_user` WHERE ( id='' and password='' ) LIMIT 1   [ RunTime:0.000201s ]

[ 2015-01-12T13:30:29+08:00 ] 111.78.21.227 /dnspodt/index.php?m=Index&a=index
INFO: [ app_begin ] --START--
INFO: ReadHtmlCache Behavior ::run [ RunTime:0.000279s ]
INFO: [ app_begin ] --END-- [ RunTime:0.000338s ]
SQL: SHOW COLUMNS FROM `cj_user` [ RunTime:0.000458s ]
SQL: SELECT * FROM `cj_user` WHERE ( id='' and password='' ) LIMIT 1   [ RunTime:0.000218s ]

[ 2015-01-12T13:30:29+08:00 ] 111.78.21.227 /dnspodt/index.php?m=User&a=index
INFO: [ app_begin ] --START--
INFO: ReadHtmlCache Behavior ::run [ RunTime:0.000285s ]
INFO: [ app_begin ] --END-- [ RunTime:0.000340s ]
SQL: SHOW COLUMNS FROM `cj_user` [ RunTime:0.000429s ]
SQL: SELECT * FROM `cj_user` WHERE ( id='' and password='' ) LIMIT 1   [ RunTime:0.000242s ]

[ 2015-01-12T13:30:30+08:00 ] 111.78.21.227 /dnspodt/index.php?m=Index&a=index
INFO: [ app_begin ] --START--
INFO: ReadHtmlCache Behavior ::run [ RunTime:0.000298s ]
INFO: [ app_begin ] --END-- [ RunTime:0.000351s ]
SQL: SHOW COLUMNS FROM `cj_user` [ RunTime:0.000415s ]
SQL: SELECT * FROM `cj_user` WHERE ( id='' and password='' ) LIMIT 1   [ RunTime:0.000209s ]

[ 2015-01-12T13:30:30+08:00 ] 111.78.21.227 /dnspodt/index.php?m=User&a=index
INFO: [ app_begin ] --START--
INFO: ReadHtmlCache Behavior ::run [ RunTime:0.000302s ]
INFO: [ app_begin ] --END-- [ RunTime:0.000357s ]
SQL: SHOW COLUMNS FROM `cj_user` [ RunTime:0.000436s ]
SQL: SELECT * FROM `cj_user` WHERE ( id='' and password='' ) LIMIT 1   [ RunTime:0.000209s ]

[ 2015-01-12T13:30:31+08:00 ] 111.78.21.227 /dnspodt/index.php?m=Index&a=index
INFO: [ app_begin ] --START--
INFO: ReadHtmlCache Behavior ::run [ RunTime:0.000280s ]
INFO: [ app_begin ] --END-- [ RunTime:0.000340s ]
SQL: SHOW COLUMNS FROM `cj_user` [ RunTime:0.000454s ]
SQL: SELECT * FROM `cj_user` WHERE ( id='' and password='' ) LIMIT 1   [ RunTime:0.000227s ]

[ 2015-01-12T13:30:31+08:00 ] 111.78.21.227 /dnspodt/index.php?m=User&a=index
INFO: [ app_begin ] --START--
INFO: ReadHtmlCache Behavior ::run [ RunTime:0.000299s ]
INFO: [ app_begin ] --END-- [ RunTime:0.000354s ]
SQL: SHOW COLUMNS FROM `cj_user` [ RunTime:0.000418s ]
SQL: SELECT * FROM `cj_user` WHERE ( id='' and password='' ) LIMIT 1   [ RunTime:0.000206s ]

[ 2015-01-12T13:30:31+08:00 ] 111.78.21.227 /dnspodt/index.php?m=Index&a=index
INFO: [ app_begin ] --START--
INFO: ReadHtmlCache Behavior ::run [ RunTime:0.000280s ]
INFO: [ app_begin ] --END-- [ RunTime:0.000335s ]
SQL: SHOW COLUMNS FROM `cj_user` [ RunTime:0.000436s ]
SQL: SELECT * FROM `cj_user` WHERE ( id='' and password='' ) LIMIT 1   [ RunTime:0.000203s ]

[ 2015-01-12T13:30:32+08:00 ] 111.78.21.227 /dnspodt/index.php?m=User&a=index
INFO: [ app_begin ] --START--
INFO: ReadHtmlCache Behavior ::run [ RunTime:0.000294s ]
INFO: [ app_begin ] --END-- [ RunTime:0.000349s ]
SQL: SHOW COLUMNS FROM `cj_user` [ RunTime:0.000408s ]
SQL: SELECT * FROM `cj_user` WHERE ( id='' and password='' ) LIMIT 1   [ RunTime:0.000208s ]

[ 2015-01-12T13:30:32+08:00 ] 111.78.21.227 /dnspodt/index.php?m=Index&a=index
INFO: [ app_begin ] --START--
INFO: ReadHtmlCache Behavior ::run [ RunTime:0.000300s ]
INFO: [ app_begin ] --END-- [ RunTime:0.000366s ]
SQL: SHOW COLUMNS FROM `cj_user` [ RunTime:0.000421s ]
SQL: SELECT * FROM `cj_user` WHERE ( id='' and password='' ) LIMIT 1   [ RunTime:0.000216s ]

[ 2015-01-12T13:30:32+08:00 ] 111.78.21.227 /dnspodt/index.php?m=User&a=index
INFO: [ app_begin ] --START--
INFO: ReadHtmlCache Behavior ::run [ RunTime:0.000290s ]
INFO: [ app_begin ] --END-- [ RunTime:0.000345s ]
SQL: SHOW COLUMNS FROM `cj_user` [ RunTime:0.000410s ]
SQL: SELECT * FROM `cj_user` WHERE ( id='' and password='' ) LIMIT 1   [ RunTime:0.000231s ]

[ 2015-01-12T13:30:32+08:00 ] 111.78.21.227 /dnspodt/index.php?m=Index&a=index
INFO: [ app_begin ] --START--
INFO: ReadHtmlCache Behavior ::run [ RunTime:0.000302s ]
INFO: [ app_begin ] --END-- [ RunTime:0.000357s ]
SQL: SHOW COLUMNS FROM `cj_user` [ RunTime:0.000403s ]
SQL: SELECT * FROM `cj_user` WHERE ( id='' and password='' ) LIMIT 1   [ RunTime:0.000219s ]

[ 2015-01-12T13:30:33+08:00 ] 111.78.21.227 /dnspodt/index.php?m=User&a=index
INFO: [ app_begin ] --START--
INFO: ReadHtmlCache Behavior ::run [ RunTime:0.000294s ]
INFO: [ app_begin ] --END-- [ RunTime:0.000350s ]
SQL: SHOW COLUMNS FROM `cj_user` [ RunTime:0.000431s ]
SQL: SELECT * FROM `cj_user` WHERE ( id='' and password='' ) LIMIT 1   [ RunTime:0.000218s ]

[ 2015-01-12T13:30:33+08:00 ] 111.78.21.227 /dnspodt/index.php?m=Index&a=index
INFO: [ app_begin ] --START--
INFO: ReadHtmlCache Behavior ::run [ RunTime:0.000288s ]
INFO: [ app_begin ] --END-- [ RunTime:0.000343s ]
SQL: SHOW COLUMNS FROM `cj_user` [ RunTime:0.000415s ]
SQL: SELECT * FROM `cj_user` WHERE ( id='' and password='' ) LIMIT 1   [ RunTime:0.000248s ]

[ 2015-01-12T13:30:33+08:00 ] 111.78.21.227 /dnspodt/index.php?m=User&a=index
INFO: [ app_begin ] --START--
INFO: ReadHtmlCache Behavior ::run [ RunTime:0.000385s ]
INFO: [ app_begin ] --END-- [ RunTime:0.000457s ]
SQL: SHOW COLUMNS FROM `cj_user` [ RunTime:0.000465s ]
SQL: SELECT * FROM `cj_user` WHERE ( id='' and password='' ) LIMIT 1   [ RunTime:0.000140s ]

[ 2015-01-12T13:30:34+08:00 ] 111.78.21.227 /dnspodt/index.php?m=Index&a=index
INFO: [ app_begin ] --START--
INFO: ReadHtmlCache Behavior ::run [ RunTime:0.000298s ]
INFO: [ app_begin ] --END-- [ RunTime:0.000353s ]
SQL: SHOW COLUMNS FROM `cj_user` [ RunTime:0.000404s ]
SQL: SELECT * FROM `cj_user` WHERE ( id='' and password='' ) LIMIT 1   [ RunTime:0.000217s ]

[ 2015-01-12T13:30:34+08:00 ] 111.78.21.227 /dnspodt/index.php?m=User&a=index
INFO: [ app_begin ] --START--
INFO: ReadHtmlCache Behavior ::run [ RunTime:0.000316s ]
INFO: [ app_begin ] --END-- [ RunTime:0.000384s ]
SQL: SHOW COLUMNS FROM `cj_user` [ RunTime:0.000460s ]
SQL: SELECT * FROM `cj_user` WHERE ( id='' and password='' ) LIMIT 1   [ RunTime:0.000223s ]

[ 2015-01-12T13:30:34+08:00 ] 111.78.21.227 /dnspodt/index.php?m=Index&a=index
INFO: [ app_begin ] --START--
INFO: ReadHtmlCache Behavior ::run [ RunTime:0.000280s ]
INFO: [ app_begin ] --END-- [ RunTime:0.000335s ]
SQL: SHOW COLUMNS FROM `cj_user` [ RunTime:0.000448s ]
SQL: SELECT * FROM `cj_user` WHERE ( id='' and password='' ) LIMIT 1   [ RunTime:0.000200s ]

[ 2015-01-12T13:30:35+08:00 ] 111.78.21.227 /dnspodt/index.php?m=User&a=index
INFO: [ app_begin ] --START--
INFO: ReadHtmlCache Behavior ::run [ RunTime:0.000286s ]
INFO: [ app_begin ] --END-- [ RunTime:0.000345s ]
SQL: SHOW COLUMNS FROM `cj_user` [ RunTime:0.000412s ]
SQL: SELECT * FROM `cj_user` WHERE ( id='' and password='' ) LIMIT 1   [ RunTime:0.000218s ]

[ 2015-01-12T13:30:35+08:00 ] 111.78.21.227 /dnspodt/index.php?m=Index&a=index
INFO: [ app_begin ] --START--
INFO: ReadHtmlCache Behavior ::run [ RunTime:0.000309s ]
INFO: [ app_begin ] --END-- [ RunTime:0.000365s ]
SQL: SHOW COLUMNS FROM `cj_user` [ RunTime:0.000448s ]
SQL: SELECT * FROM `cj_user` WHERE ( id='' and password='' ) LIMIT 1   [ RunTime:0.000176s ]

[ 2015-01-12T13:30:36+08:00 ] 111.78.21.227 /dnspodt/index.php?m=User&a=index
INFO: [ app_begin ] --START--
INFO: ReadHtmlCache Behavior ::run [ RunTime:0.000285s ]
INFO: [ app_begin ] --END-- [ RunTime:0.000339s ]
SQL: SHOW COLUMNS FROM `cj_user` [ RunTime:0.000466s ]
SQL: SELECT * FROM `cj_user` WHERE ( id='' and password='' ) LIMIT 1   [ RunTime:0.000218s ]

[ 2015-01-12T13:30:36+08:00 ] 111.78.21.227 /dnspodt/index.php?m=Index&a=index
INFO: [ app_begin ] --START--
INFO: ReadHtmlCache Behavior ::run [ RunTime:0.000281s ]
INFO: [ app_begin ] --END-- [ RunTime:0.000336s ]
SQL: SHOW COLUMNS FROM `cj_user` [ RunTime:0.000408s ]
SQL: SELECT * FROM `cj_user` WHERE ( id='' and password='' ) LIMIT 1   [ RunTime:0.000206s ]

[ 2015-01-12T13:30:37+08:00 ] 111.78.21.227 /dnspodt/index.php?m=User&a=index
INFO: [ app_begin ] --START--
INFO: ReadHtmlCache Behavior ::run [ RunTime:0.000282s ]
INFO: [ app_begin ] --END-- [ RunTime:0.000336s ]
SQL: SHOW COLUMNS FROM `cj_user` [ RunTime:0.000410s ]
SQL: SELECT * FROM `cj_user` WHERE ( id='' and password='' ) LIMIT 1   [ RunTime:0.000204s ]

[ 2015-01-12T13:30:37+08:00 ] 111.78.21.227 /dnspodt/index.php?m=Index&a=index
INFO: [ app_begin ] --START--
INFO: ReadHtmlCache Behavior ::run [ RunTime:0.000341s ]
INFO: [ app_begin ] --END-- [ RunTime:0.000396s ]
SQL: SHOW COLUMNS FROM `cj_user` [ RunTime:0.000426s ]
SQL: SELECT * FROM `cj_user` WHERE ( id='' and password='' ) LIMIT 1   [ RunTime:0.000198s ]

[ 2015-01-12T13:30:38+08:00 ] 111.78.21.227 /dnspodt/index.php?m=User&a=index
INFO: [ app_begin ] --START--
INFO: ReadHtmlCache Behavior ::run [ RunTime:0.000377s ]
INFO: [ app_begin ] --END-- [ RunTime:0.000446s ]
SQL: SHOW COLUMNS FROM `cj_user` [ RunTime:0.000586s ]
SQL: SELECT * FROM `cj_user` WHERE ( id='' and password='' ) LIMIT 1   [ RunTime:0.000351s ]

[ 2015-01-12T13:30:40+08:00 ] 111.78.21.227 /dnspodt/index.php?m=Index&a=index
INFO: [ app_begin ] --START--
INFO: ReadHtmlCache Behavior ::run [ RunTime:0.000283s ]
INFO: [ app_begin ] --END-- [ RunTime:0.000336s ]
SQL: SHOW COLUMNS FROM `cj_user` [ RunTime:0.000498s ]
SQL: SELECT * FROM `cj_user` WHERE ( id='' and password='' ) LIMIT 1   [ RunTime:0.000153s ]

[ 2015-01-12T13:30:41+08:00 ] 111.78.21.227 /dnspodt/index.php?m=User&a=index
INFO: [ app_begin ] --START--
INFO: ReadHtmlCache Behavior ::run [ RunTime:0.000386s ]
INFO: [ app_begin ] --END-- [ RunTime:0.000452s ]
SQL: SHOW COLUMNS FROM `cj_user` [ RunTime:0.000503s ]
SQL: SELECT * FROM `cj_user` WHERE ( id='' and password='' ) LIMIT 1   [ RunTime:0.000236s ]

[ 2015-01-12T13:30:41+08:00 ] 111.78.21.227 /dnspodt/index.php?m=Index&a=index
INFO: [ app_begin ] --START--
INFO: ReadHtmlCache Behavior ::run [ RunTime:0.000428s ]
INFO: [ app_begin ] --END-- [ RunTime:0.000508s ]
SQL: SHOW COLUMNS FROM `cj_user` [ RunTime:0.000430s ]
SQL: SELECT * FROM `cj_user` WHERE ( id='' and password='' ) LIMIT 1   [ RunTime:0.000214s ]

[ 2015-01-12T13:30:43+08:00 ] 111.78.21.227 /dnspodt/index.php?m=User&a=index
INFO: [ app_begin ] --START--
INFO: ReadHtmlCache Behavior ::run [ RunTime:0.000300s ]
INFO: [ app_begin ] --END-- [ RunTime:0.000362s ]
SQL: SHOW COLUMNS FROM `cj_user` [ RunTime:0.000425s ]
SQL: SELECT * FROM `cj_user` WHERE ( id='' and password='' ) LIMIT 1   [ RunTime:0.000215s ]

[ 2015-01-12T13:30:43+08:00 ] 111.78.21.227 /dnspodt/index.php?m=Index&a=index
INFO: [ app_begin ] --START--
INFO: ReadHtmlCache Behavior ::run [ RunTime:0.000407s ]
INFO: [ app_begin ] --END-- [ RunTime:0.000472s ]
SQL: SHOW COLUMNS FROM `cj_user` [ RunTime:0.000488s ]
SQL: SELECT * FROM `cj_user` WHERE ( id='' and password='' ) LIMIT 1   [ RunTime:0.000232s ]

[ 2015-01-12T13:30:43+08:00 ] 111.78.21.227 /dnspodt/index.php?m=User&a=index
INFO: [ app_begin ] --START--
INFO: ReadHtmlCache Behavior ::run [ RunTime:0.000327s ]
INFO: [ app_begin ] --END-- [ RunTime:0.000401s ]
SQL: SHOW COLUMNS FROM `cj_user` [ RunTime:0.000432s ]
SQL: SELECT * FROM `cj_user` WHERE ( id='' and password='' ) LIMIT 1   [ RunTime:0.000203s ]

[ 2015-01-12T13:30:45+08:00 ] 111.78.21.227 /dnspodt/index.php?m=Index&a=index
INFO: [ app_begin ] --START--
INFO: ReadHtmlCache Behavior ::run [ RunTime:0.000484s ]
INFO: [ app_begin ] --END-- [ RunTime:0.000566s ]
SQL: SHOW COLUMNS FROM `cj_user` [ RunTime:0.001078s ]
SQL: SELECT * FROM `cj_user` WHERE ( id='' and password='' ) LIMIT 1   [ RunTime:0.000160s ]

[ 2015-01-12T13:30:46+08:00 ] 111.78.21.227 /dnspodt/index.php?m=User&a=index
INFO: [ app_begin ] --START--
INFO: ReadHtmlCache Behavior ::run [ RunTime:0.000378s ]
INFO: [ app_begin ] --END-- [ RunTime:0.000449s ]
SQL: SHOW COLUMNS FROM `cj_user` [ RunTime:0.000789s ]
SQL: SELECT * FROM `cj_user` WHERE ( id='' and password='' ) LIMIT 1   [ RunTime:0.000669s ]

[ 2015-01-12T13:30:47+08:00 ] 111.78.21.227 /dnspodt/index.php?m=Index&a=index
INFO: [ app_begin ] --START--
INFO: ReadHtmlCache Behavior ::run [ RunTime:0.000551s ]
INFO: [ app_begin ] --END-- [ RunTime:0.000643s ]
SQL: SHOW COLUMNS FROM `cj_user` [ RunTime:0.000474s ]
SQL: SELECT * FROM `cj_user` WHERE ( id='' and password='' ) LIMIT 1   [ RunTime:0.000204s ]

[ 2015-01-12T13:30:47+08:00 ] 111.78.21.227 /dnspodt/index.php?m=User&a=index
INFO: [ app_begin ] --START--
INFO: ReadHtmlCache Behavior ::run [ RunTime:0.000382s ]
INFO: [ app_begin ] --END-- [ RunTime:0.000452s ]
SQL: SHOW COLUMNS FROM `cj_user` [ RunTime:0.000778s ]
SQL: SELECT * FROM `cj_user` WHERE ( id='' and password='' ) LIMIT 1   [ RunTime:0.000784s ]

[ 2015-01-12T13:30:47+08:00 ] 111.78.21.227 /dnspodt/index.php?m=Index&a=index
INFO: [ app_begin ] --START--
INFO: ReadHtmlCache Behavior ::run [ RunTime:0.001495s ]
INFO: [ app_begin ] --END-- [ RunTime:0.001576s ]
SQL: SHOW COLUMNS FROM `cj_user` [ RunTime:0.001175s ]
SQL: SELECT * FROM `cj_user` WHERE ( id='' and password='' ) LIMIT 1   [ RunTime:0.000324s ]

[ 2015-01-12T13:30:48+08:00 ] 111.78.21.227 /dnspodt/index.php?m=User&a=index
INFO: [ app_begin ] --START--
INFO: ReadHtmlCache Behavior ::run [ RunTime:0.000380s ]
INFO: [ app_begin ] --END-- [ RunTime:0.000456s ]
SQL: SHOW COLUMNS FROM `cj_user` [ RunTime:0.000547s ]
SQL: SELECT * FROM `cj_user` WHERE ( id='' and password='' ) LIMIT 1   [ RunTime:0.000265s ]

[ 2015-01-12T13:30:48+08:00 ] 111.78.21.227 /dnspodt/index.php?m=Index&a=index
INFO: [ app_begin ] --START--
INFO: ReadHtmlCache Behavior ::run [ RunTime:0.000321s ]
INFO: [ app_begin ] --END-- [ RunTime:0.000382s ]
SQL: SHOW COLUMNS FROM `cj_user` [ RunTime:0.000506s ]
SQL: SELECT * FROM `cj_user` WHERE ( id='' and password='' ) LIMIT 1   [ RunTime:0.000278s ]

[ 2015-01-12T13:30:50+08:00 ] 111.78.21.227 /dnspodt/index.php?m=User&a=index
INFO: [ app_begin ] --START--
INFO: ReadHtmlCache Behavior ::run [ RunTime:0.000354s ]
INFO: [ app_begin ] --END-- [ RunTime:0.000432s ]
SQL: SHOW COLUMNS FROM `cj_user` [ RunTime:0.000545s ]
SQL: SELECT * FROM `cj_user` WHERE ( id='' and password='' ) LIMIT 1   [ RunTime:0.000318s ]

[ 2015-01-12T13:30:50+08:00 ] 111.78.21.227 /dnspodt/index.php?m=Index&a=index
INFO: [ app_begin ] --START--
INFO: ReadHtmlCache Behavior ::run [ RunTime:0.000425s ]
INFO: [ app_begin ] --END-- [ RunTime:0.000494s ]
SQL: SHOW COLUMNS FROM `cj_user` [ RunTime:0.000823s ]
SQL: SELECT * FROM `cj_user` WHERE ( id='' and password='' ) LIMIT 1   [ RunTime:0.000447s ]

[ 2015-01-12T13:30:51+08:00 ] 111.78.21.227 /dnspodt/index.php?m=User&a=index
INFO: [ app_begin ] --START--
INFO: ReadHtmlCache Behavior ::run [ RunTime:0.000290s ]
INFO: [ app_begin ] --END-- [ RunTime:0.000345s ]
SQL: SHOW COLUMNS FROM `cj_user` [ RunTime:0.000454s ]
SQL: SELECT * FROM `cj_user` WHERE ( id='' and password='' ) LIMIT 1   [ RunTime:0.000245s ]

[ 2015-01-12T13:30:51+08:00 ] 111.78.21.227 /dnspodt/index.php?m=Index&a=index
INFO: [ app_begin ] --START--
INFO: ReadHtmlCache Behavior ::run [ RunTime:0.000398s ]
INFO: [ app_begin ] --END-- [ RunTime:0.000470s ]
SQL: SHOW COLUMNS FROM `cj_user` [ RunTime:0.003379s ]
SQL: SELECT * FROM `cj_user` WHERE ( id='' and password='' ) LIMIT 1   [ RunTime:0.000158s ]

[ 2015-01-12T13:30:52+08:00 ] 111.78.21.227 /dnspodt/index.php?m=User&a=index
INFO: [ app_begin ] --START--
INFO: ReadHtmlCache Behavior ::run [ RunTime:0.000390s ]
INFO: [ app_begin ] --END-- [ RunTime:0.000458s ]
SQL: SHOW COLUMNS FROM `cj_user` [ RunTime:0.000768s ]
SQL: SELECT * FROM `cj_user` WHERE ( id='' and password='' ) LIMIT 1   [ RunTime:0.000453s ]

[ 2015-01-12T13:30:52+08:00 ] 111.78.21.227 /dnspodt/index.php?m=Index&a=index
INFO: [ app_begin ] --START--
INFO: ReadHtmlCache Behavior ::run [ RunTime:0.000281s ]
INFO: [ app_begin ] --END-- [ RunTime:0.000335s ]
SQL: SHOW COLUMNS FROM `cj_user` [ RunTime:0.000499s ]
SQL: SELECT * FROM `cj_user` WHERE ( id='' and password='' ) LIMIT 1   [ RunTime:0.000139s ]

[ 2015-01-12T13:30:57+08:00 ] 111.78.21.227 /dnspodt/index.php?m=Index&a=index
INFO: [ app_begin ] --START--
INFO: ReadHtmlCache Behavior ::run [ RunTime:0.000287s ]
INFO: [ app_begin ] --END-- [ RunTime:0.000341s ]
SQL: SHOW COLUMNS FROM `cj_user` [ RunTime:0.000443s ]
SQL: SELECT * FROM `cj_user` WHERE ( id='' and password='' ) LIMIT 1   [ RunTime:0.000224s ]

[ 2015-01-12T13:31:35+08:00 ] 111.78.21.227 /dnspodt/index.php?m=Index&a=index
INFO: [ app_begin ] --START--
INFO: ReadHtmlCache Behavior ::run [ RunTime:0.000301s ]
INFO: [ app_begin ] --END-- [ RunTime:0.000364s ]

[ 2015-01-12T13:32:22+08:00 ] 111.78.21.227 /dnspodt/index.php?m=Index&a=index
INFO: [ app_begin ] --START--
INFO: ReadHtmlCache Behavior ::run [ RunTime:0.000281s ]
INFO: [ app_begin ] --END-- [ RunTime:0.000335s ]
SQL: SHOW COLUMNS FROM `cj_user` [ RunTime:0.000419s ]
SQL: SELECT * FROM `cj_user` WHERE ( id='' and password='' ) LIMIT 1   [ RunTime:0.000206s ]

[ 2015-01-12T13:32:23+08:00 ] 111.78.21.227 /dnspodt/index.php?m=Login&a=index
INFO: [ app_begin ] --START--
INFO: ReadHtmlCache Behavior ::run [ RunTime:0.000292s ]
INFO: [ app_begin ] --END-- [ RunTime:0.000349s ]
INFO: [ view_parse ] --START--
INFO: ParseTemplate Behavior ::run [ RunTime:0.004315s ]
INFO: [ view_parse ] --END-- [ RunTime:0.004361s ]
INFO: [ view_filter ] --START--
INFO: ContentReplace Behavior ::run [ RunTime:0.000174s ]
INFO: TokenBuild Behavior ::run [ RunTime:0.000208s ]
INFO: WriteHtmlCache Behavior ::run [ RunTime:0.000127s ]
INFO: ShowRuntime Behavior ::run [ RunTime:0.000237s ]
INFO: [ view_filter ] --END-- [ RunTime:0.000871s ]
INFO: [ view_end ] --START--
INFO: ShowPageTrace Behavior ::run [ RunTime:0.000336s ]
INFO: [ view_end ] --END-- [ RunTime:0.000378s ]

[ 2015-01-12T13:32:23+08:00 ] 111.78.21.227 /dnspodt/index.php?m=Public&a=verify
INFO: [ app_begin ] --START--
INFO: ReadHtmlCache Behavior ::run [ RunTime:0.000300s ]
INFO: [ app_begin ] --END-- [ RunTime:0.000361s ]

[ 2015-01-12T13:32:52+08:00 ] 111.78.21.227 /dnspodt/index.php?m=Login&a=logining
INFO: [ app_begin ] --START--
INFO: ReadHtmlCache Behavior ::run [ RunTime:0.000279s ]
INFO: [ app_begin ] --END-- [ RunTime:0.000332s ]
SQL: SHOW COLUMNS FROM `cj_user` [ RunTime:0.000478s ]
SQL: SELECT * FROM `cj_user` WHERE ( `name`='km' and  `password` = '9b05de73d43f8c4ec1110c6bcc5312bc' ) LIMIT 1   [ RunTime:0.000205s ]
SQL: UPDATE `cj_user` SET `name`='km',`password`='9b05de73d43f8c4ec1110c6bcc5312bc',`email`='km@qq.com',`create_time`=1420817972,`login_time`=1421040772 WHERE ( `id` = 1 ) [ RunTime:0.000142s ]
INFO: [ view_parse ] --START--
INFO: ParseTemplate Behavior ::run [ RunTime:0.004371s ]
INFO: [ view_parse ] --END-- [ RunTime:0.004425s ]
INFO: [ view_filter ] --START--
INFO: ContentReplace Behavior ::run [ RunTime:0.000172s ]
INFO: TokenBuild Behavior ::run [ RunTime:0.000186s ]
INFO: WriteHtmlCache Behavior ::run [ RunTime:0.000142s ]
INFO: ShowRuntime Behavior ::run [ RunTime:0.000248s ]
INFO: [ view_filter ] --END-- [ RunTime:0.000877s ]
INFO: [ view_end ] --START--
INFO: ShowPageTrace Behavior ::run [ RunTime:0.000322s ]
INFO: [ view_end ] --END-- [ RunTime:0.000367s ]

[ 2015-01-12T13:32:53+08:00 ] 111.78.21.227 /dnspodt/index.php?m=Index&a=index
INFO: [ app_begin ] --START--
INFO: ReadHtmlCache Behavior ::run [ RunTime:0.000288s ]
INFO: [ app_begin ] --END-- [ RunTime:0.000345s ]
SQL: SHOW COLUMNS FROM `cj_user` [ RunTime:0.000487s ]
SQL: SELECT * FROM `cj_user` WHERE ( id='1' and password='9b05de73d43f8c4ec1110c6bcc5312bc' ) LIMIT 1   [ RunTime:0.000157s ]

[ 2015-01-12T13:32:53+08:00 ] 111.78.21.227 /dnspodt/index.php?m=User&a=index
INFO: [ app_begin ] --START--
INFO: ReadHtmlCache Behavior ::run [ RunTime:0.000434s ]
INFO: [ app_begin ] --END-- [ RunTime:0.000515s ]
SQL: SHOW COLUMNS FROM `cj_user` [ RunTime:0.000417s ]
SQL: SELECT * FROM `cj_user` WHERE ( id='1' and password='9b05de73d43f8c4ec1110c6bcc5312bc' ) LIMIT 1   [ RunTime:0.000219s ]
SQL: SHOW COLUMNS FROM `cj_record` [ RunTime:0.000230s ]
ERR: 1146:Table 'nkstu.cj_record' doesn't exist
 [ SQL语句 ] : SHOW COLUMNS FROM `cj_record`
SQL: SELECT * FROM `cj_record` WHERE ( userid= '1' )  [ RunTime:0.000117s ]
ERR: 1146:Table 'nkstu.cj_record' doesn't exist
 [ SQL语句 ] : SELECT * FROM `cj_record` WHERE ( userid= '1' ) 
INFO: [ view_parse ] --START--
INFO: ParseTemplate Behavior ::run [ RunTime:0.004588s ]
INFO: [ view_parse ] --END-- [ RunTime:0.004658s ]
INFO: [ view_filter ] --START--
INFO: ContentReplace Behavior ::run [ RunTime:0.000175s ]
INFO: TokenBuild Behavior ::run [ RunTime:0.000230s ]
INFO: WriteHtmlCache Behavior ::run [ RunTime:0.000133s ]
INFO: ShowRuntime Behavior ::run [ RunTime:0.000254s ]
INFO: [ view_filter ] --END-- [ RunTime:0.000927s ]
INFO: [ view_end ] --START--
INFO: ShowPageTrace Behavior ::run [ RunTime:0.000375s ]
INFO: [ view_end ] --END-- [ RunTime:0.000420s ]

[ 2015-01-12T13:32:54+08:00 ] 111.78.21.227 /dnspodt/index.php?m=User&a=logoff
INFO: [ app_begin ] --START--
INFO: ReadHtmlCache Behavior ::run [ RunTime:0.000292s ]
INFO: [ app_begin ] --END-- [ RunTime:0.000359s ]

[ 2015-01-12T13:32:55+08:00 ] 111.78.21.227 /dnspodt/index.php?m=Index&a=index
INFO: [ app_begin ] --START--
INFO: ReadHtmlCache Behavior ::run [ RunTime:0.000292s ]
INFO: [ app_begin ] --END-- [ RunTime:0.000349s ]
SQL: SHOW COLUMNS FROM `cj_user` [ RunTime:0.000394s ]
SQL: SELECT * FROM `cj_user` WHERE ( id='' and password='' ) LIMIT 1   [ RunTime:0.000214s ]

[ 2015-01-12T13:32:55+08:00 ] 111.78.21.227 /dnspodt/index.php?m=Login&a=index
INFO: [ app_begin ] --START--
INFO: ReadHtmlCache Behavior ::run [ RunTime:0.000297s ]
INFO: [ app_begin ] --END-- [ RunTime:0.000381s ]
INFO: [ view_parse ] --START--
INFO: ParseTemplate Behavior ::run [ RunTime:0.004275s ]
INFO: [ view_parse ] --END-- [ RunTime:0.004322s ]
INFO: [ view_filter ] --START--
INFO: ContentReplace Behavior ::run [ RunTime:0.000180s ]
INFO: TokenBuild Behavior ::run [ RunTime:0.000199s ]
INFO: WriteHtmlCache Behavior ::run [ RunTime:0.000221s ]
INFO: ShowRuntime Behavior ::run [ RunTime:0.000346s ]
INFO: [ view_filter ] --END-- [ RunTime:0.001075s ]
INFO: [ view_end ] --START--
INFO: ShowPageTrace Behavior ::run [ RunTime:0.000314s ]
INFO: [ view_end ] --END-- [ RunTime:0.000356s ]

[ 2015-01-12T13:32:56+08:00 ] 111.78.21.227 /dnspodt/index.php?m=Public&a=verify
INFO: [ app_begin ] --START--
INFO: ReadHtmlCache Behavior ::run [ RunTime:0.000293s ]
INFO: [ app_begin ] --END-- [ RunTime:0.000352s ]

[ 2015-01-12T13:56:45+08:00 ] 111.78.21.227 /dnspodt/?m=Reg
INFO: [ app_begin ] --START--
INFO: ReadHtmlCache Behavior ::run [ RunTime:0.000313s ]
INFO: [ app_begin ] --END-- [ RunTime:0.000481s ]
INFO: [ view_parse ] --START--
INFO: ParseTemplate Behavior ::run [ RunTime:0.004905s ]
INFO: [ view_parse ] --END-- [ RunTime:0.004957s ]
INFO: [ view_filter ] --START--
INFO: ContentReplace Behavior ::run [ RunTime:0.000186s ]
INFO: TokenBuild Behavior ::run [ RunTime:0.000197s ]
INFO: WriteHtmlCache Behavior ::run [ RunTime:0.000124s ]
INFO: ShowRuntime Behavior ::run [ RunTime:0.000239s ]
INFO: [ view_filter ] --END-- [ RunTime:0.000872s ]
INFO: [ view_end ] --START--
INFO: ShowPageTrace Behavior ::run [ RunTime:0.000344s ]
INFO: [ view_end ] --END-- [ RunTime:0.000389s ]

[ 2015-01-12T13:56:45+08:00 ] 111.78.21.227 /dnspodt/index.php?m=Public&a=verify
INFO: [ app_begin ] --START--
INFO: ReadHtmlCache Behavior ::run [ RunTime:0.000293s ]
INFO: [ app_begin ] --END-- [ RunTime:0.000350s ]
NOTIC: [8] Undefined index: dns /home/ftp/n/nkstu/wwwroot/dnspodt/ThinkPHP/Common/functions.php 第 617 行.

