[ 2015-01-08T07:40:55+08:00 ] 182.99.135.216 /dnspodt/?m=Reg
INFO: [ app_begin ] --START--
INFO: ReadHtmlCache Behavior ::run [ RunTime:0.000362s ]
INFO: [ app_begin ] --END-- [ RunTime:0.000448s ]
INFO: [ view_parse ] --START--
NOTIC: [8] Undefined variable: tittle /home/ftp/n/nkstu/wwwroot/dnspodt/home/Runtime/Cache/37cb4fef4403a13e95c9b46bed8eaa30.php 第 2 行.
INFO: ParseTemplate Behavior ::run [ RunTime:0.004834s ]
INFO: [ view_parse ] --END-- [ RunTime:0.004884s ]
INFO: [ view_filter ] --START--
INFO: ContentReplace Behavior ::run [ RunTime:0.000187s ]
INFO: TokenBuild Behavior ::run [ RunTime:0.000211s ]
INFO: WriteHtmlCache Behavior ::run [ RunTime:0.000167s ]
INFO: ShowRuntime Behavior ::run [ RunTime:0.000299s ]
INFO: [ view_filter ] --END-- [ RunTime:0.000992s ]
INFO: [ view_end ] --START--
INFO: ShowPageTrace Behavior ::run [ RunTime:0.000367s ]
INFO: [ view_end ] --END-- [ RunTime:0.000411s ]

[ 2015-01-08T07:40:55+08:00 ] 182.99.135.216 /dnspodt/index.php?m=Public&a=verify
INFO: [ app_begin ] --START--
INFO: ReadHtmlCache Behavior ::run [ RunTime:0.000273s ]
INFO: [ app_begin ] --END-- [ RunTime:0.000327s ]

[ 2015-01-08T07:41:10+08:00 ] 182.99.135.216 /dnspodt/index.php
INFO: [ app_begin ] --START--
INFO: ReadHtmlCache Behavior ::run [ RunTime:0.000290s ]
INFO: [ app_begin ] --END-- [ RunTime:0.000345s ]
ERR: 非法操作:reging

[ 2015-01-08T07:42:34+08:00 ] 182.99.135.216 /dnspodt/?m=Public&a=varity
INFO: [ app_begin ] --START--
INFO: ReadHtmlCache Behavior ::run [ RunTime:0.000301s ]
INFO: [ app_begin ] --END-- [ RunTime:0.000384s ]
ERR: 非法操作:varity

[ 2015-01-08T07:42:43+08:00 ] 182.99.135.216 /dnspodt/?m=Public&a=vwrity
INFO: [ app_begin ] --START--
INFO: ReadHtmlCache Behavior ::run [ RunTime:0.000292s ]
INFO: [ app_begin ] --END-- [ RunTime:0.000352s ]
ERR: 非法操作:vwrity

[ 2015-01-08T07:42:48+08:00 ] 182.99.135.216 /dnspodt/?m=Public&a=verity
INFO: [ app_begin ] --START--
INFO: ReadHtmlCache Behavior ::run [ RunTime:0.000291s ]
INFO: [ app_begin ] --END-- [ RunTime:0.000351s ]
ERR: 非法操作:verity

[ 2015-01-08T07:42:55+08:00 ] 182.99.135.216 /dnspodt/?m=Public&a=verify
INFO: [ app_begin ] --START--
INFO: ReadHtmlCache Behavior ::run [ RunTime:0.000337s ]
INFO: [ app_begin ] --END-- [ RunTime:0.000413s ]

[ 2015-01-08T12:40:50+08:00 ] 182.99.135.216 /dnspodt/?a=Reg
INFO: [ app_begin ] --START--
INFO: ReadHtmlCache Behavior ::run [ RunTime:0.000332s ]
INFO: [ app_begin ] --END-- [ RunTime:0.000416s ]
ERR: 非法操作:Reg

[ 2015-01-08T23:33:08+08:00 ] 182.99.135.216 /dnspodt/?a=Install
INFO: [ app_begin ] --START--
INFO: ReadHtmlCache Behavior ::run [ RunTime:0.000550s ]
INFO: [ app_begin ] --END-- [ RunTime:0.000625s ]
ERR: 非法操作:Install

[ 2015-01-08T23:33:14+08:00 ] 182.99.135.216 /dnspodt/?m=Install
INFO: [ app_begin ] --START--
INFO: ReadHtmlCache Behavior ::run [ RunTime:0.000313s ]
INFO: [ app_begin ] --END-- [ RunTime:0.000383s ]
SQL: CREATE TABLE cj_user 
(
id int NOT NULL AUTO_INCREMENT, 
PRIMARY KEY(id),
name text,
password varchar(15),
email text,
create_time int,
login_time int
) [ RunTime:0.000383s ]
NOTIC: [2] mysql_num_rows() expects parameter 1 to be resource, boolean given /home/ftp/n/nkstu/wwwroot/dnspodt/ThinkPHP/Lib/Driver/Db/DbMysql.class.php 第 109 行.

[ 2015-01-08T23:33:18+08:00 ] 182.99.135.216 /dnspodt/?m=Install
INFO: [ app_begin ] --START--
INFO: ReadHtmlCache Behavior ::run [ RunTime:0.000854s ]
INFO: [ app_begin ] --END-- [ RunTime:0.000935s ]
SQL: CREATE TABLE cj_user 
(
id int NOT NULL AUTO_INCREMENT, 
PRIMARY KEY(id),
name text,
password varchar(15),
email text,
create_time int,
login_time int
) [ RunTime:0.000123s ]
ERR: 1050:Table 'cj_user' already exists
 [ SQL语句 ] : CREATE TABLE cj_user 
(
id int NOT NULL AUTO_INCREMENT, 
PRIMARY KEY(id),
name text,
password varchar(15),
email text,
create_time int,
login_time int
)

[ 2015-01-08T23:39:02+08:00 ] 182.99.135.216 /dnspodt/?m=Install
INFO: [ app_begin ] --START--
INFO: ReadHtmlCache Behavior ::run [ RunTime:0.000289s ]
INFO: [ app_begin ] --END-- [ RunTime:0.000349s ]
SQL: CREATE TABLE cj_user 
(
id int NOT NULL AUTO_INCREMENT, 
PRIMARY KEY(id),
name text,
password varchar(15),
email text,
create_time int,
login_time int
) [ RunTime:0.000115s ]
ERR: 1050:Table 'cj_user' already exists
 [ SQL语句 ] : CREATE TABLE cj_user 
(
id int NOT NULL AUTO_INCREMENT, 
PRIMARY KEY(id),
name text,
password varchar(15),
email text,
create_time int,
login_time int
)

[ 2015-01-08T23:41:20+08:00 ] 182.99.135.216 /dnspodt/?m=Reg
INFO: [ app_begin ] --START--
INFO: ReadHtmlCache Behavior ::run [ RunTime:0.000286s ]
INFO: [ app_begin ] --END-- [ RunTime:0.000341s ]

[ 2015-01-08T23:42:21+08:00 ] 182.99.135.216 /dnspodt/?m=Reg
INFO: [ app_begin ] --START--
INFO: ReadHtmlCache Behavior ::run [ RunTime:0.000273s ]
INFO: [ app_begin ] --END-- [ RunTime:0.000328s ]
INFO: [ view_parse ] --START--
NOTIC: [8] Undefined variable: tittle /home/ftp/n/nkstu/wwwroot/dnspodt/home/Runtime/Cache/37cb4fef4403a13e95c9b46bed8eaa30.php 第 2 行.
INFO: ParseTemplate Behavior ::run [ RunTime:0.006431s ]
INFO: [ view_parse ] --END-- [ RunTime:0.006477s ]
INFO: [ view_filter ] --START--
INFO: ContentReplace Behavior ::run [ RunTime:0.000350s ]
INFO: TokenBuild Behavior ::run [ RunTime:0.000443s ]
INFO: WriteHtmlCache Behavior ::run [ RunTime:0.000313s ]
INFO: ShowRuntime Behavior ::run [ RunTime:0.000399s ]
INFO: [ view_filter ] --END-- [ RunTime:0.001641s ]
INFO: [ view_end ] --START--
INFO: ShowPageTrace Behavior ::run [ RunTime:0.000556s ]
INFO: [ view_end ] --END-- [ RunTime:0.000603s ]

[ 2015-01-08T23:42:22+08:00 ] 182.99.135.216 /dnspodt/index.php?m=Public&a=verify
INFO: [ app_begin ] --START--
INFO: ReadHtmlCache Behavior ::run [ RunTime:0.000286s ]
INFO: [ app_begin ] --END-- [ RunTime:0.000342s ]
NOTIC: [8] Undefined index: dns /home/ftp/n/nkstu/wwwroot/dnspodt/ThinkPHP/Common/functions.php 第 617 行.

[ 2015-01-08T23:43:06+08:00 ] 182.99.135.216 /dnspodt/?m=Reg
INFO: [ app_begin ] --START--
INFO: ReadHtmlCache Behavior ::run [ RunTime:0.000311s ]
INFO: [ app_begin ] --END-- [ RunTime:0.000386s ]
INFO: [ view_parse ] --START--
INFO: ParseTemplate Behavior ::run [ RunTime:0.004239s ]
INFO: [ view_parse ] --END-- [ RunTime:0.004290s ]
INFO: [ view_filter ] --START--
INFO: ContentReplace Behavior ::run [ RunTime:0.000174s ]
INFO: TokenBuild Behavior ::run [ RunTime:0.000190s ]
INFO: WriteHtmlCache Behavior ::run [ RunTime:0.000125s ]
INFO: ShowRuntime Behavior ::run [ RunTime:0.000251s ]
INFO: [ view_filter ] --END-- [ RunTime:0.000857s ]
INFO: [ view_end ] --START--
INFO: ShowPageTrace Behavior ::run [ RunTime:0.000327s ]
INFO: [ view_end ] --END-- [ RunTime:0.000375s ]

[ 2015-01-08T23:43:06+08:00 ] 182.99.135.216 /dnspodt/index.php?m=Public&a=verify
INFO: [ app_begin ] --START--
INFO: ReadHtmlCache Behavior ::run [ RunTime:0.000273s ]
INFO: [ app_begin ] --END-- [ RunTime:0.000327s ]

[ 2015-01-08T23:43:27+08:00 ] 182.99.135.216 /dnspodt/index.php
INFO: [ app_begin ] --START--
INFO: ReadHtmlCache Behavior ::run [ RunTime:0.000490s ]
INFO: [ app_begin ] --END-- [ RunTime:0.000573s ]
ERR: 非法操作:reging

[ 2015-01-08T23:44:32+08:00 ] 182.99.135.216 /dnspodt/index.php
INFO: [ app_begin ] --START--
INFO: ReadHtmlCache Behavior ::run [ RunTime:0.000284s ]
INFO: [ app_begin ] --END-- [ RunTime:0.000342s ]
ERR: 非法操作:reging

[ 2015-01-08T23:44:52+08:00 ] 182.99.135.216 /dnspodt/?m=Reg
INFO: [ app_begin ] --START--
INFO: ReadHtmlCache Behavior ::run [ RunTime:0.000325s ]
INFO: [ app_begin ] --END-- [ RunTime:0.000382s ]
INFO: [ view_parse ] --START--
INFO: ParseTemplate Behavior ::run [ RunTime:0.004163s ]
INFO: [ view_parse ] --END-- [ RunTime:0.004209s ]
INFO: [ view_filter ] --START--
INFO: ContentReplace Behavior ::run [ RunTime:0.000184s ]
INFO: TokenBuild Behavior ::run [ RunTime:0.000194s ]
INFO: WriteHtmlCache Behavior ::run [ RunTime:0.000124s ]
INFO: ShowRuntime Behavior ::run [ RunTime:0.000231s ]
INFO: [ view_filter ] --END-- [ RunTime:0.000849s ]
INFO: [ view_end ] --START--
INFO: ShowPageTrace Behavior ::run [ RunTime:0.000330s ]
INFO: [ view_end ] --END-- [ RunTime:0.000371s ]

[ 2015-01-08T23:44:53+08:00 ] 182.99.135.216 /dnspodt/index.php?m=Public&a=verify
INFO: [ app_begin ] --START--
INFO: ReadHtmlCache Behavior ::run [ RunTime:0.000289s ]
INFO: [ app_begin ] --END-- [ RunTime:0.000344s ]

[ 2015-01-08T23:45:08+08:00 ] 182.99.135.216 /dnspodt/index.php?m=Reg&a=reging
INFO: [ app_begin ] --START--
INFO: ReadHtmlCache Behavior ::run [ RunTime:0.000284s ]
INFO: [ app_begin ] --END-- [ RunTime:0.000338s ]

[ 2015-01-08T23:46:29+08:00 ] 182.99.135.216 /dnspodt/index.php?m=Reg&a=reging
INFO: [ app_begin ] --START--
INFO: ReadHtmlCache Behavior ::run [ RunTime:0.000410s ]
INFO: [ app_begin ] --END-- [ RunTime:0.000483s ]

[ 2015-01-08T23:47:14+08:00 ] 182.99.135.216 /dnspodt/index.php?m=Reg&a=reging
INFO: [ app_begin ] --START--
INFO: ReadHtmlCache Behavior ::run [ RunTime:0.000287s ]
INFO: [ app_begin ] --END-- [ RunTime:0.000360s ]

[ 2015-01-08T23:47:17+08:00 ] 182.99.135.216 /dnspodt/index.php?m=Reg&a=reging
INFO: [ app_begin ] --START--
INFO: ReadHtmlCache Behavior ::run [ RunTime:0.000284s ]
INFO: [ app_begin ] --END-- [ RunTime:0.000351s ]

[ 2015-01-08T23:47:41+08:00 ] 182.99.135.216 /dnspodt/index.php?m=Reg&a=reging
INFO: [ app_begin ] --START--
INFO: ReadHtmlCache Behavior ::run [ RunTime:0.000334s ]
INFO: [ app_begin ] --END-- [ RunTime:0.000390s ]

[ 2015-01-08T23:48:13+08:00 ] 182.99.135.216 /dnspodt/index.php?m=Reg&a=reging
INFO: [ app_begin ] --START--
INFO: ReadHtmlCache Behavior ::run [ RunTime:0.000279s ]
INFO: [ app_begin ] --END-- [ RunTime:0.000348s ]

[ 2015-01-08T23:48:53+08:00 ] 182.99.135.216 /dnspodt/index.php?m=Reg&a=reging
INFO: [ app_begin ] --START--
INFO: ReadHtmlCache Behavior ::run [ RunTime:0.000278s ]
INFO: [ app_begin ] --END-- [ RunTime:0.000332s ]

[ 2015-01-08T23:49:40+08:00 ] 182.99.135.216 /dnspodt/index.php?m=Reg&a=reging
INFO: [ app_begin ] --START--
INFO: ReadHtmlCache Behavior ::run [ RunTime:0.000408s ]
INFO: [ app_begin ] --END-- [ RunTime:0.000475s ]

[ 2015-01-08T23:50:50+08:00 ] 182.99.135.216 /dnspodt/index.php?m=Reg&a=reging
INFO: [ app_begin ] --START--
INFO: ReadHtmlCache Behavior ::run [ RunTime:0.000281s ]
INFO: [ app_begin ] --END-- [ RunTime:0.000340s ]

[ 2015-01-08T23:52:04+08:00 ] 182.99.135.216 /dnspodt/index.php?m=Reg&a=reging
INFO: [ app_begin ] --START--
INFO: ReadHtmlCache Behavior ::run [ RunTime:0.000282s ]
INFO: [ app_begin ] --END-- [ RunTime:0.000339s ]

[ 2015-01-08T23:52:06+08:00 ] 182.99.135.216 /dnspodt/index.php?m=Reg&a=reging
INFO: [ app_begin ] --START--
INFO: ReadHtmlCache Behavior ::run [ RunTime:0.000395s ]
INFO: [ app_begin ] --END-- [ RunTime:0.000469s ]

[ 2015-01-08T23:52:46+08:00 ] 182.99.135.216 /dnspodt/index.php?m=Reg&a=reging
INFO: [ app_begin ] --START--
INFO: ReadHtmlCache Behavior ::run [ RunTime:0.000423s ]
INFO: [ app_begin ] --END-- [ RunTime:0.000500s ]

[ 2015-01-08T23:53:08+08:00 ] 182.99.135.216 /dnspodt/index.php?m=Reg&a=reging
INFO: [ app_begin ] --START--
INFO: ReadHtmlCache Behavior ::run [ RunTime:0.000287s ]
INFO: [ app_begin ] --END-- [ RunTime:0.000343s ]

[ 2015-01-08T23:53:09+08:00 ] 182.99.135.216 /dnspodt/index.php?m=Reg&a=reging
INFO: [ app_begin ] --START--
INFO: ReadHtmlCache Behavior ::run [ RunTime:0.000278s ]
INFO: [ app_begin ] --END-- [ RunTime:0.000333s ]

[ 2015-01-08T23:53:53+08:00 ] 182.99.135.216 /dnspodt/index.php?m=Reg&a=reging
INFO: [ app_begin ] --START--
INFO: ReadHtmlCache Behavior ::run [ RunTime:0.000292s ]
INFO: [ app_begin ] --END-- [ RunTime:0.000354s ]

[ 2015-01-08T23:54:36+08:00 ] 182.99.135.216 /dnspodt/index.php?m=Reg&a=reging
INFO: [ app_begin ] --START--
INFO: ReadHtmlCache Behavior ::run [ RunTime:0.000339s ]
INFO: [ app_begin ] --END-- [ RunTime:0.000398s ]
SQL: SHOW COLUMNS FROM `cj_user` [ RunTime:0.000614s ]
NOTIC: [8] Undefined variable: POST /home/ftp/n/nkstu/wwwroot/dnspodt/home/Lib/Action/RegAction.class.php 第 9 行.
NOTIC: [4096] Argument 1 passed to UserModel::AddUser() must be an array, null given, called in /home/ftp/n/nkstu/wwwroot/dnspodt/home/Lib/Action/RegAction.class.php on line 9 and defined /home/ftp/n/nkstu/wwwroot/dnspodt/home/Lib/Model/UserModel.class.php 第 16 行.
SQL: SELECT * FROM `cj_user` WHERE ( `name` = 'myzly' ) LIMIT 1   [ RunTime:0.000184s ]
ERR: Model:CheckVerify您所请求的方法不存在！

[ 2015-01-08T23:54:53+08:00 ] 182.99.135.216 /dnspodt/index.php?m=Reg&a=reging
INFO: [ app_begin ] --START--
INFO: ReadHtmlCache Behavior ::run [ RunTime:0.000280s ]
INFO: [ app_begin ] --END-- [ RunTime:0.000340s ]
SQL: SHOW COLUMNS FROM `cj_user` [ RunTime:0.000393s ]
NOTIC: [8] Undefined variable: POST /home/ftp/n/nkstu/wwwroot/dnspodt/home/Lib/Action/RegAction.class.php 第 9 行.
NOTIC: [4096] Argument 1 passed to UserModel::AddUser() must be an array, null given, called in /home/ftp/n/nkstu/wwwroot/dnspodt/home/Lib/Action/RegAction.class.php on line 9 and defined /home/ftp/n/nkstu/wwwroot/dnspodt/home/Lib/Model/UserModel.class.php 第 16 行.
SQL: SELECT * FROM `cj_user` WHERE ( `name` = 'myzly' ) LIMIT 1   [ RunTime:0.000178s ]
SQL: INSERT INTO `cj_user` (`name`,`password`,`email`,`create_time`) VALUES ('myzly','7b8b965ad4bca0e41ab51de7b31363a1','rfv@qq.com',1420732493) [ RunTime:0.000172s ]

[ 2015-01-08T23:55:49+08:00 ] 182.99.135.216 /dnspodt/?m=Reg
INFO: [ app_begin ] --START--
INFO: ReadHtmlCache Behavior ::run [ RunTime:0.000280s ]
INFO: [ app_begin ] --END-- [ RunTime:0.000342s ]
INFO: [ view_parse ] --START--
INFO: ParseTemplate Behavior ::run [ RunTime:0.004351s ]
INFO: [ view_parse ] --END-- [ RunTime:0.004400s ]
INFO: [ view_filter ] --START--
INFO: ContentReplace Behavior ::run [ RunTime:0.000180s ]
INFO: TokenBuild Behavior ::run [ RunTime:0.000196s ]
INFO: WriteHtmlCache Behavior ::run [ RunTime:0.000129s ]
INFO: ShowRuntime Behavior ::run [ RunTime:0.000252s ]
INFO: [ view_filter ] --END-- [ RunTime:0.000876s ]
INFO: [ view_end ] --START--
INFO: ShowPageTrace Behavior ::run [ RunTime:0.000319s ]
INFO: [ view_end ] --END-- [ RunTime:0.000363s ]

[ 2015-01-08T23:55:49+08:00 ] 182.99.135.216 /dnspodt/index.php?m=Public&a=verify
INFO: [ app_begin ] --START--
INFO: ReadHtmlCache Behavior ::run [ RunTime:0.000301s ]
INFO: [ app_begin ] --END-- [ RunTime:0.000370s ]

[ 2015-01-08T23:56:08+08:00 ] 182.99.135.216 /dnspodt/index.php?m=Reg&a=reging
INFO: [ app_begin ] --START--
INFO: ReadHtmlCache Behavior ::run [ RunTime:0.000282s ]
INFO: [ app_begin ] --END-- [ RunTime:0.000339s ]
SQL: SHOW COLUMNS FROM `cj_user` [ RunTime:0.000492s ]
NOTIC: [8] Undefined variable: POST /home/ftp/n/nkstu/wwwroot/dnspodt/home/Lib/Action/RegAction.class.php 第 9 行.
NOTIC: [4096] Argument 1 passed to UserModel::AddUser() must be an array, null given, called in /home/ftp/n/nkstu/wwwroot/dnspodt/home/Lib/Action/RegAction.class.php on line 9 and defined /home/ftp/n/nkstu/wwwroot/dnspodt/home/Lib/Model/UserModel.class.php 第 16 行.
SQL: SELECT * FROM `cj_user` WHERE ( `name` = 'f' ) LIMIT 1   [ RunTime:0.000234s ]
SQL: INSERT INTO `cj_user` (`name`,`password`,`email`,`create_time`) VALUES ('f','8fa14cdd754f91cc6554c9e71929cce7','g@sqq.com',1420732568) [ RunTime:0.000121s ]

