[ 2015-01-10T07:26:40+08:00 ] 115.150.35.76 /dnspodt/index.php?m=Public&a=verify
INFO: [ app_begin ] --START--
INFO: ReadHtmlCache Behavior ::run [ RunTime:0.000566s ]
INFO: [ app_begin ] --END-- [ RunTime:0.000690s ]
NOTIC: [8] Undefined index: dns /home/ftp/n/nkstu/wwwroot/dnspodt/ThinkPHP/Common/functions.php 第 617 行.

[ 2015-01-10T12:50:22+08:00 ] 115.150.35.76 /dnspodt/?m=Reg
INFO: [ app_begin ] --START--
INFO: ReadHtmlCache Behavior ::run [ RunTime:0.000622s ]
INFO: [ app_begin ] --END-- [ RunTime:0.000734s ]
INFO: [ view_parse ] --START--
INFO: ParseTemplate Behavior ::run [ RunTime:0.011037s ]
INFO: [ view_parse ] --END-- [ RunTime:0.011133s ]
INFO: [ view_filter ] --START--
INFO: ContentReplace Behavior ::run [ RunTime:0.000482s ]
INFO: TokenBuild Behavior ::run [ RunTime:0.000749s ]
INFO: WriteHtmlCache Behavior ::run [ RunTime:0.000457s ]
INFO: ShowRuntime Behavior ::run [ RunTime:0.000570s ]
INFO: [ view_filter ] --END-- [ RunTime:0.002416s ]
INFO: [ view_end ] --START--
INFO: ShowPageTrace Behavior ::run [ RunTime:0.000846s ]
INFO: [ view_end ] --END-- [ RunTime:0.000904s ]

[ 2015-01-10T12:50:22+08:00 ] 115.150.35.76 /dnspodt/index.php?m=Public&a=verify
INFO: [ app_begin ] --START--
INFO: ReadHtmlCache Behavior ::run [ RunTime:0.000273s ]
INFO: [ app_begin ] --END-- [ RunTime:0.000326s ]
NOTIC: [8] Undefined index: dns /home/ftp/n/nkstu/wwwroot/dnspodt/ThinkPHP/Common/functions.php 第 617 行.

[ 2015-01-10T12:50:25+08:00 ] 115.150.35.76 /dnspodt/index.php?m=Login&a=index
INFO: [ app_begin ] --START--
INFO: ReadHtmlCache Behavior ::run [ RunTime:0.000383s ]
INFO: [ app_begin ] --END-- [ RunTime:0.000442s ]
INFO: [ view_parse ] --START--
INFO: ParseTemplate Behavior ::run [ RunTime:0.007293s ]
INFO: [ view_parse ] --END-- [ RunTime:0.007363s ]
INFO: [ view_filter ] --START--
INFO: ContentReplace Behavior ::run [ RunTime:0.000228s ]
INFO: TokenBuild Behavior ::run [ RunTime:0.000250s ]
INFO: WriteHtmlCache Behavior ::run [ RunTime:0.000158s ]
INFO: ShowRuntime Behavior ::run [ RunTime:0.000314s ]
INFO: [ view_filter ] --END-- [ RunTime:0.001107s ]
INFO: [ view_end ] --START--
INFO: ShowPageTrace Behavior ::run [ RunTime:0.000369s ]
INFO: [ view_end ] --END-- [ RunTime:0.000413s ]

[ 2015-01-10T12:50:26+08:00 ] 115.150.35.76 /dnspodt/index.php?m=Public&a=verify
INFO: [ app_begin ] --START--
INFO: ReadHtmlCache Behavior ::run [ RunTime:0.000291s ]
INFO: [ app_begin ] --END-- [ RunTime:0.000359s ]

[ 2015-01-10T12:50:32+08:00 ] 115.150.35.76 /dnspodt/index.php?m=Login&a=logining
INFO: [ app_begin ] --START--
INFO: ReadHtmlCache Behavior ::run [ RunTime:0.000274s ]
INFO: [ app_begin ] --END-- [ RunTime:0.000328s ]
SQL: SHOW COLUMNS FROM `cj_user` [ RunTime:0.000496s ]
NOTIC: [8] Undefined index: verify /home/ftp/n/nkstu/wwwroot/dnspodt/home/Lib/Model/UserModel.class.php 第 25 行.
SQL: SELECT * FROM `cj_user` WHERE ( `name`='km' and  `password` = '9b05de73d43f8c4ec1110c6bcc5312bc' ) LIMIT 1   [ RunTime:0.000204s ]
INFO: [ view_parse ] --START--
NOTIC: [8] Undefined variable: tittle /home/ftp/n/nkstu/wwwroot/dnspodt/home/Runtime/Cache/cff3c8658006a8f66c854d82d6772563.php 第 2 行.
INFO: ParseTemplate Behavior ::run [ RunTime:0.004451s ]
INFO: [ view_parse ] --END-- [ RunTime:0.004509s ]
INFO: [ view_filter ] --START--
INFO: ContentReplace Behavior ::run [ RunTime:0.000205s ]
INFO: TokenBuild Behavior ::run [ RunTime:0.000190s ]
INFO: WriteHtmlCache Behavior ::run [ RunTime:0.000127s ]
INFO: ShowRuntime Behavior ::run [ RunTime:0.000252s ]
INFO: [ view_filter ] --END-- [ RunTime:0.000904s ]
INFO: [ view_end ] --START--
INFO: ShowPageTrace Behavior ::run [ RunTime:0.000383s ]
INFO: [ view_end ] --END-- [ RunTime:0.000430s ]

[ 2015-01-10T12:50:33+08:00 ] 115.150.35.76 /dnspodt/index.php?m=Public&a=verify
INFO: [ app_begin ] --START--
INFO: ReadHtmlCache Behavior ::run [ RunTime:0.000288s ]
INFO: [ app_begin ] --END-- [ RunTime:0.000348s ]

[ 2015-01-10T13:00:19+08:00 ] 115.150.35.76 /dnspodt/index.php?m=Public&a=verify
INFO: [ app_begin ] --START--
INFO: ReadHtmlCache Behavior ::run [ RunTime:0.000289s ]
INFO: [ app_begin ] --END-- [ RunTime:0.000344s ]
NOTIC: [8] Undefined index: dns /home/ftp/n/nkstu/wwwroot/dnspodt/ThinkPHP/Common/functions.php 第 617 行.

[ 2015-01-10T13:00:26+08:00 ] 115.150.35.76 /dnspodt/index.php?m=Login&a=logining
INFO: [ app_begin ] --START--
INFO: ReadHtmlCache Behavior ::run [ RunTime:0.000272s ]
INFO: [ app_begin ] --END-- [ RunTime:0.000326s ]
SQL: SHOW COLUMNS FROM `cj_user` [ RunTime:0.000423s ]
NOTIC: [8] Undefined index: verify /home/ftp/n/nkstu/wwwroot/dnspodt/home/Lib/Model/UserModel.class.php 第 25 行.
SQL: SELECT * FROM `cj_user` WHERE ( `name`='km' and  `password` = '9b05de73d43f8c4ec1110c6bcc5312bc' ) LIMIT 1   [ RunTime:0.000208s ]
INFO: [ view_parse ] --START--
NOTIC: [8] Undefined variable: tittle /home/ftp/n/nkstu/wwwroot/dnspodt/home/Runtime/Cache/cff3c8658006a8f66c854d82d6772563.php 第 2 行.
INFO: ParseTemplate Behavior ::run [ RunTime:0.004451s ]
INFO: [ view_parse ] --END-- [ RunTime:0.004500s ]
INFO: [ view_filter ] --START--
INFO: ContentReplace Behavior ::run [ RunTime:0.000177s ]
INFO: TokenBuild Behavior ::run [ RunTime:0.000192s ]
INFO: WriteHtmlCache Behavior ::run [ RunTime:0.000134s ]
INFO: ShowRuntime Behavior ::run [ RunTime:0.000252s ]
INFO: [ view_filter ] --END-- [ RunTime:0.000876s ]
INFO: [ view_end ] --START--
INFO: ShowPageTrace Behavior ::run [ RunTime:0.000322s ]
INFO: [ view_end ] --END-- [ RunTime:0.000367s ]

[ 2015-01-10T13:00:37+08:00 ] 115.150.35.76 /dnspodt/index.php?m=Login&a=logining
INFO: [ app_begin ] --START--
INFO: ReadHtmlCache Behavior ::run [ RunTime:0.000290s ]
INFO: [ app_begin ] --END-- [ RunTime:0.000346s ]
SQL: SHOW COLUMNS FROM `cj_user` [ RunTime:0.000399s ]
NOTIC: [8] Undefined index: verify /home/ftp/n/nkstu/wwwroot/dnspodt/home/Lib/Model/UserModel.class.php 第 25 行.
SQL: SELECT * FROM `cj_user` WHERE ( `name`='km' and  `password` = '9b05de73d43f8c4ec1110c6bcc5312bc' ) LIMIT 1   [ RunTime:0.000306s ]
INFO: [ view_parse ] --START--
NOTIC: [8] Undefined variable: tittle /home/ftp/n/nkstu/wwwroot/dnspodt/home/Runtime/Cache/cff3c8658006a8f66c854d82d6772563.php 第 2 行.
INFO: ParseTemplate Behavior ::run [ RunTime:0.005994s ]
INFO: [ view_parse ] --END-- [ RunTime:0.006045s ]
INFO: [ view_filter ] --START--
INFO: ContentReplace Behavior ::run [ RunTime:0.000211s ]
INFO: TokenBuild Behavior ::run [ RunTime:0.000304s ]
INFO: WriteHtmlCache Behavior ::run [ RunTime:0.000248s ]
INFO: ShowRuntime Behavior ::run [ RunTime:0.000293s ]
INFO: [ view_filter ] --END-- [ RunTime:0.001283s ]
INFO: [ view_end ] --START--
INFO: ShowPageTrace Behavior ::run [ RunTime:0.000385s ]
INFO: [ view_end ] --END-- [ RunTime:0.000467s ]

[ 2015-01-10T13:00:38+08:00 ] 115.150.35.76 /dnspodt/index.php?m=Public&a=verify
INFO: [ app_begin ] --START--
INFO: ReadHtmlCache Behavior ::run [ RunTime:0.000271s ]
INFO: [ app_begin ] --END-- [ RunTime:0.000325s ]

[ 2015-01-10T13:00:41+08:00 ] 115.150.35.76 /dnspodt/index.php?m=Public&a=verify
INFO: [ app_begin ] --START--
INFO: ReadHtmlCache Behavior ::run [ RunTime:0.000274s ]
INFO: [ app_begin ] --END-- [ RunTime:0.000327s ]

[ 2015-01-10T13:00:41+08:00 ] 115.150.35.76 /dnspodt/index.php?m=Login&a=logining
INFO: [ app_begin ] --START--
INFO: ReadHtmlCache Behavior ::run [ RunTime:0.000293s ]
INFO: [ app_begin ] --END-- [ RunTime:0.000348s ]
SQL: SHOW COLUMNS FROM `cj_user` [ RunTime:0.000410s ]
NOTIC: [8] Undefined index: verify /home/ftp/n/nkstu/wwwroot/dnspodt/home/Lib/Model/UserModel.class.php 第 25 行.
SQL: SELECT * FROM `cj_user` WHERE ( `name`='km' and  `password` = '9b05de73d43f8c4ec1110c6bcc5312bc' ) LIMIT 1   [ RunTime:0.000235s ]
INFO: [ view_parse ] --START--
NOTIC: [8] Undefined variable: tittle /home/ftp/n/nkstu/wwwroot/dnspodt/home/Runtime/Cache/cff3c8658006a8f66c854d82d6772563.php 第 2 行.
INFO: ParseTemplate Behavior ::run [ RunTime:0.004395s ]
INFO: [ view_parse ] --END-- [ RunTime:0.004445s ]
INFO: [ view_filter ] --START--
INFO: ContentReplace Behavior ::run [ RunTime:0.000176s ]
INFO: TokenBuild Behavior ::run [ RunTime:0.000211s ]
INFO: WriteHtmlCache Behavior ::run [ RunTime:0.000130s ]
INFO: ShowRuntime Behavior ::run [ RunTime:0.000237s ]
INFO: [ view_filter ] --END-- [ RunTime:0.000878s ]
INFO: [ view_end ] --START--
INFO: ShowPageTrace Behavior ::run [ RunTime:0.000321s ]
INFO: [ view_end ] --END-- [ RunTime:0.000365s ]

[ 2015-01-10T13:00:42+08:00 ] 115.150.35.76 /dnspodt/index.php?m=Public&a=verify
INFO: [ app_begin ] --START--
INFO: ReadHtmlCache Behavior ::run [ RunTime:0.000386s ]
INFO: [ app_begin ] --END-- [ RunTime:0.000460s ]

[ 2015-01-10T13:00:54+08:00 ] 115.150.35.76 /dnspodt/index.php?m=Login&a=logining
INFO: [ app_begin ] --START--
INFO: ReadHtmlCache Behavior ::run [ RunTime:0.000309s ]
INFO: [ app_begin ] --END-- [ RunTime:0.000362s ]
SQL: SHOW COLUMNS FROM `cj_user` [ RunTime:0.000420s ]
NOTIC: [8] Undefined index: verify /home/ftp/n/nkstu/wwwroot/dnspodt/home/Lib/Model/UserModel.class.php 第 25 行.
SQL: SELECT * FROM `cj_user` WHERE ( `name`='km' and  `password` = '9b05de73d43f8c4ec1110c6bcc5312bc' ) LIMIT 1   [ RunTime:0.000208s ]
INFO: [ view_parse ] --START--
NOTIC: [8] Undefined variable: tittle /home/ftp/n/nkstu/wwwroot/dnspodt/home/Runtime/Cache/cff3c8658006a8f66c854d82d6772563.php 第 2 行.
INFO: ParseTemplate Behavior ::run [ RunTime:0.004354s ]
INFO: [ view_parse ] --END-- [ RunTime:0.004401s ]
INFO: [ view_filter ] --START--
INFO: ContentReplace Behavior ::run [ RunTime:0.000175s ]
INFO: TokenBuild Behavior ::run [ RunTime:0.000190s ]
INFO: WriteHtmlCache Behavior ::run [ RunTime:0.000128s ]
INFO: ShowRuntime Behavior ::run [ RunTime:0.000257s ]
INFO: [ view_filter ] --END-- [ RunTime:0.000876s ]
INFO: [ view_end ] --START--
INFO: ShowPageTrace Behavior ::run [ RunTime:0.000321s ]
INFO: [ view_end ] --END-- [ RunTime:0.000364s ]

[ 2015-01-10T13:00:55+08:00 ] 115.150.35.76 /dnspodt/index.php?m=Public&a=verify
INFO: [ app_begin ] --START--
INFO: ReadHtmlCache Behavior ::run [ RunTime:0.000282s ]
INFO: [ app_begin ] --END-- [ RunTime:0.000337s ]

[ 2015-01-10T13:00:56+08:00 ] 115.150.35.76 /dnspodt/index.php?m=Login&a=logining
INFO: [ app_begin ] --START--
INFO: ReadHtmlCache Behavior ::run [ RunTime:0.000512s ]
INFO: [ app_begin ] --END-- [ RunTime:0.000652s ]
SQL: SHOW COLUMNS FROM `cj_user` [ RunTime:0.000398s ]
NOTIC: [8] Undefined index: verify /home/ftp/n/nkstu/wwwroot/dnspodt/home/Lib/Model/UserModel.class.php 第 25 行.
SQL: SELECT * FROM `cj_user` WHERE ( `name`='km' and  `password` = '9b05de73d43f8c4ec1110c6bcc5312bc' ) LIMIT 1   [ RunTime:0.000219s ]
INFO: [ view_parse ] --START--
NOTIC: [8] Undefined variable: tittle /home/ftp/n/nkstu/wwwroot/dnspodt/home/Runtime/Cache/cff3c8658006a8f66c854d82d6772563.php 第 2 行.
INFO: ParseTemplate Behavior ::run [ RunTime:0.004783s ]
INFO: [ view_parse ] --END-- [ RunTime:0.004830s ]
INFO: [ view_filter ] --START--
INFO: ContentReplace Behavior ::run [ RunTime:0.000180s ]
INFO: TokenBuild Behavior ::run [ RunTime:0.000191s ]
INFO: WriteHtmlCache Behavior ::run [ RunTime:0.000166s ]
INFO: ShowRuntime Behavior ::run [ RunTime:0.000273s ]
INFO: [ view_filter ] --END-- [ RunTime:0.000936s ]
INFO: [ view_end ] --START--
INFO: ShowPageTrace Behavior ::run [ RunTime:0.000371s ]
INFO: [ view_end ] --END-- [ RunTime:0.000415s ]

[ 2015-01-10T13:00:57+08:00 ] 115.150.35.76 /dnspodt/index.php?m=Public&a=verify
INFO: [ app_begin ] --START--
INFO: ReadHtmlCache Behavior ::run [ RunTime:0.000286s ]
INFO: [ app_begin ] --END-- [ RunTime:0.000345s ]

[ 2015-01-10T13:00:59+08:00 ] 115.150.35.76 /dnspodt/index.php?m=Login&a=logining
INFO: [ app_begin ] --START--
INFO: ReadHtmlCache Behavior ::run [ RunTime:0.000404s ]
INFO: [ app_begin ] --END-- [ RunTime:0.000478s ]
SQL: SHOW COLUMNS FROM `cj_user` [ RunTime:0.000474s ]
NOTIC: [8] Undefined index: verify /home/ftp/n/nkstu/wwwroot/dnspodt/home/Lib/Model/UserModel.class.php 第 25 行.
SQL: SELECT * FROM `cj_user` WHERE ( `name`='km' and  `password` = '9b05de73d43f8c4ec1110c6bcc5312bc' ) LIMIT 1   [ RunTime:0.000204s ]
INFO: [ view_parse ] --START--
NOTIC: [8] Undefined variable: tittle /home/ftp/n/nkstu/wwwroot/dnspodt/home/Runtime/Cache/cff3c8658006a8f66c854d82d6772563.php 第 2 行.
INFO: ParseTemplate Behavior ::run [ RunTime:0.004442s ]
INFO: [ view_parse ] --END-- [ RunTime:0.004490s ]
INFO: [ view_filter ] --START--
INFO: ContentReplace Behavior ::run [ RunTime:0.000173s ]
INFO: TokenBuild Behavior ::run [ RunTime:0.000188s ]
INFO: WriteHtmlCache Behavior ::run [ RunTime:0.000126s ]
INFO: ShowRuntime Behavior ::run [ RunTime:0.000258s ]
INFO: [ view_filter ] --END-- [ RunTime:0.000869s ]
INFO: [ view_end ] --START--
INFO: ShowPageTrace Behavior ::run [ RunTime:0.000320s ]
INFO: [ view_end ] --END-- [ RunTime:0.000363s ]

[ 2015-01-10T13:01:07+08:00 ] 115.150.35.76 /dnspodt/index.php?m=Public&a=verify
INFO: [ app_begin ] --START--
INFO: ReadHtmlCache Behavior ::run [ RunTime:0.000290s ]
INFO: [ app_begin ] --END-- [ RunTime:0.000344s ]

[ 2015-01-10T13:03:26+08:00 ] 115.150.35.76 /dnspodt/index.php?m=Login&a=logining
INFO: [ app_begin ] --START--
INFO: ReadHtmlCache Behavior ::run [ RunTime:0.000308s ]
INFO: [ app_begin ] --END-- [ RunTime:0.000366s ]
SQL: SHOW COLUMNS FROM `cj_user` [ RunTime:0.000460s ]
NOTIC: [8] Undefined index: verify /home/ftp/n/nkstu/wwwroot/dnspodt/home/Lib/Model/UserModel.class.php 第 25 行.
SQL: SELECT * FROM `cj_user` WHERE ( `name`='km' and  `password` = '9b05de73d43f8c4ec1110c6bcc5312bc' ) LIMIT 1   [ RunTime:0.000207s ]
SQL: UPDATE `cj_user` SET `name`='km',`password`='9b05de73d43f8c4ec1110c6bcc5312bc',`email`='km@qq.com',`create_time`=1420817972,`login_time`=1420866206 WHERE ( `id` = 1 ) [ RunTime:0.000146s ]
INFO: [ view_parse ] --START--
NOTIC: [8] Undefined variable: tittle /home/ftp/n/nkstu/wwwroot/dnspodt/home/Runtime/Cache/cff3c8658006a8f66c854d82d6772563.php 第 2 行.
INFO: ParseTemplate Behavior ::run [ RunTime:0.005035s ]
INFO: [ view_parse ] --END-- [ RunTime:0.005089s ]
INFO: [ view_filter ] --START--
INFO: ContentReplace Behavior ::run [ RunTime:0.000383s ]
INFO: TokenBuild Behavior ::run [ RunTime:0.000215s ]
INFO: WriteHtmlCache Behavior ::run [ RunTime:0.000150s ]
INFO: ShowRuntime Behavior ::run [ RunTime:0.000313s ]
INFO: [ view_filter ] --END-- [ RunTime:0.001228s ]
INFO: [ view_end ] --START--
INFO: ShowPageTrace Behavior ::run [ RunTime:0.000327s ]
INFO: [ view_end ] --END-- [ RunTime:0.000371s ]

[ 2015-01-10T13:03:26+08:00 ] 115.150.35.76 /dnspodt/index.php?m=Public&a=verify
INFO: [ app_begin ] --START--
INFO: ReadHtmlCache Behavior ::run [ RunTime:0.000388s ]
INFO: [ app_begin ] --END-- [ RunTime:0.000461s ]

[ 2015-01-10T13:03:30+08:00 ] 115.150.35.76 /dnspodt/index.php?m=Login&a=logining
INFO: [ app_begin ] --START--
INFO: ReadHtmlCache Behavior ::run [ RunTime:0.000330s ]
INFO: [ app_begin ] --END-- [ RunTime:0.000393s ]
SQL: SHOW COLUMNS FROM `cj_user` [ RunTime:0.000478s ]
NOTIC: [8] Undefined index: verify /home/ftp/n/nkstu/wwwroot/dnspodt/home/Lib/Model/UserModel.class.php 第 25 行.
SQL: SELECT * FROM `cj_user` WHERE ( `name`='km' and  `password` = '9b05de73d43f8c4ec1110c6bcc5312bc' ) LIMIT 1   [ RunTime:0.000241s ]
SQL: UPDATE `cj_user` SET `name`='km',`password`='9b05de73d43f8c4ec1110c6bcc5312bc',`email`='km@qq.com',`create_time`=1420817972,`login_time`=1420866210 WHERE ( `id` = 1 ) [ RunTime:0.000155s ]
INFO: [ view_parse ] --START--
NOTIC: [8] Undefined variable: tittle /home/ftp/n/nkstu/wwwroot/dnspodt/home/Runtime/Cache/cff3c8658006a8f66c854d82d6772563.php 第 2 行.
INFO: ParseTemplate Behavior ::run [ RunTime:0.005005s ]
INFO: [ view_parse ] --END-- [ RunTime:0.005078s ]
INFO: [ view_filter ] --START--
INFO: ContentReplace Behavior ::run [ RunTime:0.000200s ]
INFO: TokenBuild Behavior ::run [ RunTime:0.000216s ]
INFO: WriteHtmlCache Behavior ::run [ RunTime:0.000139s ]
INFO: ShowRuntime Behavior ::run [ RunTime:0.000274s ]
INFO: [ view_filter ] --END-- [ RunTime:0.000987s ]
INFO: [ view_end ] --START--
INFO: ShowPageTrace Behavior ::run [ RunTime:0.000382s ]
INFO: [ view_end ] --END-- [ RunTime:0.000427s ]

[ 2015-01-10T13:03:36+08:00 ] 115.150.35.76 /dnspodt/index.php?m=Public&a=verify
INFO: [ app_begin ] --START--
INFO: ReadHtmlCache Behavior ::run [ RunTime:0.000287s ]
INFO: [ app_begin ] --END-- [ RunTime:0.000340s ]

[ 2015-01-10T13:03:39+08:00 ] 115.150.35.76 /dnspodt/index.php?m=Login&a=logining
INFO: [ app_begin ] --START--
INFO: ReadHtmlCache Behavior ::run [ RunTime:0.000287s ]
INFO: [ app_begin ] --END-- [ RunTime:0.000350s ]
SQL: SHOW COLUMNS FROM `cj_user` [ RunTime:0.000456s ]
NOTIC: [8] Undefined index: verify /home/ftp/n/nkstu/wwwroot/dnspodt/home/Lib/Model/UserModel.class.php 第 25 行.
SQL: SELECT * FROM `cj_user` WHERE ( `name`='km' and  `password` = '9b05de73d43f8c4ec1110c6bcc5312bc' ) LIMIT 1   [ RunTime:0.000222s ]
SQL: UPDATE `cj_user` SET `name`='km',`password`='9b05de73d43f8c4ec1110c6bcc5312bc',`email`='km@qq.com',`create_time`=1420817972,`login_time`=1420866219 WHERE ( `id` = 1 ) [ RunTime:0.000145s ]
INFO: [ view_parse ] --START--
NOTIC: [8] Undefined variable: tittle /home/ftp/n/nkstu/wwwroot/dnspodt/home/Runtime/Cache/cff3c8658006a8f66c854d82d6772563.php 第 2 行.
INFO: ParseTemplate Behavior ::run [ RunTime:0.004500s ]
INFO: [ view_parse ] --END-- [ RunTime:0.004548s ]
INFO: [ view_filter ] --START--
INFO: ContentReplace Behavior ::run [ RunTime:0.000173s ]
INFO: TokenBuild Behavior ::run [ RunTime:0.000209s ]
INFO: WriteHtmlCache Behavior ::run [ RunTime:0.000141s ]
INFO: ShowRuntime Behavior ::run [ RunTime:0.000251s ]
INFO: [ view_filter ] --END-- [ RunTime:0.000897s ]
INFO: [ view_end ] --START--
INFO: ShowPageTrace Behavior ::run [ RunTime:0.000338s ]
INFO: [ view_end ] --END-- [ RunTime:0.000380s ]

[ 2015-01-10T13:03:40+08:00 ] 115.150.35.76 /dnspodt/index.php?m=Public&a=verify
INFO: [ app_begin ] --START--
INFO: ReadHtmlCache Behavior ::run [ RunTime:0.000393s ]
INFO: [ app_begin ] --END-- [ RunTime:0.000455s ]

[ 2015-01-10T13:05:19+08:00 ] 115.150.35.76 /dnspodt/index.php?m=Login&a=logining
INFO: [ app_begin ] --START--
INFO: ReadHtmlCache Behavior ::run [ RunTime:0.000275s ]
INFO: [ app_begin ] --END-- [ RunTime:0.000328s ]
SQL: SHOW COLUMNS FROM `cj_user` [ RunTime:0.000505s ]
NOTIC: [8] Undefined index: verify /home/ftp/n/nkstu/wwwroot/dnspodt/home/Lib/Model/UserModel.class.php 第 25 行.
SQL: SELECT * FROM `cj_user` WHERE ( `name`='km' and  `password` = '9b05de73d43f8c4ec1110c6bcc5312bc' ) LIMIT 1   [ RunTime:0.000261s ]
SQL: UPDATE `cj_user` SET `name`='km',`password`='9b05de73d43f8c4ec1110c6bcc5312bc',`email`='km@qq.com',`create_time`=1420817972,`login_time`=1420866319 WHERE ( `id` = 1 ) [ RunTime:0.000161s ]
INFO: [ view_parse ] --START--
NOTIC: [8] Undefined variable: tittle /home/ftp/n/nkstu/wwwroot/dnspodt/home/Runtime/Cache/cff3c8658006a8f66c854d82d6772563.php 第 2 行.
INFO: ParseTemplate Behavior ::run [ RunTime:0.006340s ]
INFO: [ view_parse ] --END-- [ RunTime:0.006413s ]
INFO: [ view_filter ] --START--
INFO: ContentReplace Behavior ::run [ RunTime:0.000235s ]
INFO: TokenBuild Behavior ::run [ RunTime:0.000255s ]
INFO: WriteHtmlCache Behavior ::run [ RunTime:0.000165s ]
INFO: ShowRuntime Behavior ::run [ RunTime:0.000342s ]
INFO: [ view_filter ] --END-- [ RunTime:0.001168s ]
INFO: [ view_end ] --START--
INFO: ShowPageTrace Behavior ::run [ RunTime:0.000467s ]
INFO: [ view_end ] --END-- [ RunTime:0.000519s ]

[ 2015-01-10T13:05:20+08:00 ] 115.150.35.76 /dnspodt/index.php?m=Public&a=verify
INFO: [ app_begin ] --START--
INFO: ReadHtmlCache Behavior ::run [ RunTime:0.000371s ]
INFO: [ app_begin ] --END-- [ RunTime:0.000439s ]

[ 2015-01-10T13:05:37+08:00 ] 115.150.35.76 /dnspodt/index.php?m=Login&a=logining
INFO: [ app_begin ] --START--
INFO: ReadHtmlCache Behavior ::run [ RunTime:0.000296s ]
INFO: [ app_begin ] --END-- [ RunTime:0.000356s ]
SQL: SHOW COLUMNS FROM `cj_user` [ RunTime:0.000460s ]
SQL: SELECT * FROM `cj_user` WHERE ( `name`='km' and  `password` = '9b05de73d43f8c4ec1110c6bcc5312bc' ) LIMIT 1   [ RunTime:0.000224s ]
SQL: UPDATE `cj_user` SET `name`='km',`password`='9b05de73d43f8c4ec1110c6bcc5312bc',`email`='km@qq.com',`create_time`=1420817972,`login_time`=1420866337 WHERE ( `id` = 1 ) [ RunTime:0.000150s ]
INFO: [ view_parse ] --START--
NOTIC: [8] Undefined variable: tittle /home/ftp/n/nkstu/wwwroot/dnspodt/home/Runtime/Cache/cff3c8658006a8f66c854d82d6772563.php 第 2 行.
INFO: ParseTemplate Behavior ::run [ RunTime:0.004506s ]
INFO: [ view_parse ] --END-- [ RunTime:0.004555s ]
INFO: [ view_filter ] --START--
INFO: ContentReplace Behavior ::run [ RunTime:0.000196s ]
INFO: TokenBuild Behavior ::run [ RunTime:0.000203s ]
INFO: WriteHtmlCache Behavior ::run [ RunTime:0.000133s ]
INFO: ShowRuntime Behavior ::run [ RunTime:0.000240s ]
INFO: [ view_filter ] --END-- [ RunTime:0.000898s ]
INFO: [ view_end ] --START--
INFO: ShowPageTrace Behavior ::run [ RunTime:0.000352s ]
INFO: [ view_end ] --END-- [ RunTime:0.000398s ]

[ 2015-01-10T13:05:38+08:00 ] 115.150.35.76 /dnspodt/index.php?m=Public&a=verify
INFO: [ app_begin ] --START--
INFO: ReadHtmlCache Behavior ::run [ RunTime:0.000276s ]
INFO: [ app_begin ] --END-- [ RunTime:0.000331s ]

[ 2015-01-10T13:05:44+08:00 ] 115.150.35.76 /dnspodt/index.php?m=Login&a=logining
INFO: [ app_begin ] --START--
INFO: ReadHtmlCache Behavior ::run [ RunTime:0.000287s ]
INFO: [ app_begin ] --END-- [ RunTime:0.000342s ]
SQL: SHOW COLUMNS FROM `cj_user` [ RunTime:0.000411s ]
SQL: SELECT * FROM `cj_user` WHERE ( `name`='km' and  `password` = 'd55960125232e436c3f59716b62828fe' ) LIMIT 1   [ RunTime:0.000205s ]
INFO: [ view_parse ] --START--
NOTIC: [8] Undefined variable: tittle /home/ftp/n/nkstu/wwwroot/dnspodt/home/Runtime/Cache/cff3c8658006a8f66c854d82d6772563.php 第 2 行.
INFO: ParseTemplate Behavior ::run [ RunTime:0.004537s ]
INFO: [ view_parse ] --END-- [ RunTime:0.004583s ]
INFO: [ view_filter ] --START--
INFO: ContentReplace Behavior ::run [ RunTime:0.000176s ]
INFO: TokenBuild Behavior ::run [ RunTime:0.000189s ]
INFO: WriteHtmlCache Behavior ::run [ RunTime:0.000127s ]
INFO: ShowRuntime Behavior ::run [ RunTime:0.000255s ]
INFO: [ view_filter ] --END-- [ RunTime:0.000871s ]
INFO: [ view_end ] --START--
INFO: ShowPageTrace Behavior ::run [ RunTime:0.000338s ]
INFO: [ view_end ] --END-- [ RunTime:0.000382s ]

[ 2015-01-10T13:05:46+08:00 ] 115.150.35.76 /dnspodt/index.php?m=Public&a=verify
INFO: [ app_begin ] --START--
INFO: ReadHtmlCache Behavior ::run [ RunTime:0.000394s ]
INFO: [ app_begin ] --END-- [ RunTime:0.000470s ]

[ 2015-01-10T13:05:52+08:00 ] 115.150.35.76 /dnspodt/index.php?m=Login&a=logining
INFO: [ app_begin ] --START--
INFO: ReadHtmlCache Behavior ::run [ RunTime:0.000384s ]
INFO: [ app_begin ] --END-- [ RunTime:0.000446s ]
SQL: SHOW COLUMNS FROM `cj_user` [ RunTime:0.000564s ]
SQL: SELECT * FROM `cj_user` WHERE ( `name`='km' and  `password` = '9b05de73d43f8c4ec1110c6bcc5312bc' ) LIMIT 1   [ RunTime:0.000336s ]
SQL: UPDATE `cj_user` SET `name`='km',`password`='9b05de73d43f8c4ec1110c6bcc5312bc',`email`='km@qq.com',`create_time`=1420817972,`login_time`=1420866352 WHERE ( `id` = 1 ) [ RunTime:0.000238s ]
INFO: [ view_parse ] --START--
NOTIC: [8] Undefined variable: tittle /home/ftp/n/nkstu/wwwroot/dnspodt/home/Runtime/Cache/cff3c8658006a8f66c854d82d6772563.php 第 2 行.
INFO: ParseTemplate Behavior ::run [ RunTime:0.007030s ]
INFO: [ view_parse ] --END-- [ RunTime:0.007097s ]
INFO: [ view_filter ] --START--
INFO: ContentReplace Behavior ::run [ RunTime:0.000197s ]
INFO: TokenBuild Behavior ::run [ RunTime:0.000200s ]
INFO: WriteHtmlCache Behavior ::run [ RunTime:0.000130s ]
INFO: ShowRuntime Behavior ::run [ RunTime:0.000253s ]
INFO: [ view_filter ] --END-- [ RunTime:0.000919s ]
INFO: [ view_end ] --START--
INFO: ShowPageTrace Behavior ::run [ RunTime:0.000537s ]
INFO: [ view_end ] --END-- [ RunTime:0.000592s ]

[ 2015-01-10T13:05:55+08:00 ] 115.150.35.76 /dnspodt/index.php?m=Public&a=verify
INFO: [ app_begin ] --START--
INFO: ReadHtmlCache Behavior ::run [ RunTime:0.000275s ]
INFO: [ app_begin ] --END-- [ RunTime:0.000328s ]

[ 2015-01-10T13:07:02+08:00 ] 115.150.35.76 /dnspodt/index.php?m=Reg&a=index
INFO: [ app_begin ] --START--
INFO: ReadHtmlCache Behavior ::run [ RunTime:0.000277s ]
INFO: [ app_begin ] --END-- [ RunTime:0.000331s ]
INFO: [ view_parse ] --START--
INFO: ParseTemplate Behavior ::run [ RunTime:0.005006s ]
INFO: [ view_parse ] --END-- [ RunTime:0.005052s ]
INFO: [ view_filter ] --START--
INFO: ContentReplace Behavior ::run [ RunTime:0.000169s ]
INFO: TokenBuild Behavior ::run [ RunTime:0.000212s ]
INFO: WriteHtmlCache Behavior ::run [ RunTime:0.000139s ]
INFO: ShowRuntime Behavior ::run [ RunTime:0.000241s ]
INFO: [ view_filter ] --END-- [ RunTime:0.000879s ]
INFO: [ view_end ] --START--
INFO: ShowPageTrace Behavior ::run [ RunTime:0.000593s ]
INFO: [ view_end ] --END-- [ RunTime:0.000651s ]

[ 2015-01-10T13:07:04+08:00 ] 115.150.35.76 /dnspodt/index.php?m=Public&a=verify
INFO: [ app_begin ] --START--
INFO: ReadHtmlCache Behavior ::run [ RunTime:0.000286s ]
INFO: [ app_begin ] --END-- [ RunTime:0.000340s ]

[ 2015-01-10T13:07:14+08:00 ] 115.150.35.76 /dnspodt/index.php?m=Reg&a=reging
INFO: [ app_begin ] --START--
INFO: ReadHtmlCache Behavior ::run [ RunTime:0.000272s ]
INFO: [ app_begin ] --END-- [ RunTime:0.000326s ]
SQL: SHOW COLUMNS FROM `cj_user` [ RunTime:0.000409s ]
NOTIC: [8] Undefined variable: POST /home/ftp/n/nkstu/wwwroot/dnspodt/home/Lib/Action/RegAction.class.php 第 9 行.
NOTIC: [4096] Argument 1 passed to UserModel::AddUser() must be an array, null given, called in /home/ftp/n/nkstu/wwwroot/dnspodt/home/Lib/Action/RegAction.class.php on line 9 and defined /home/ftp/n/nkstu/wwwroot/dnspodt/home/Lib/Model/UserModel.class.php 第 16 行.
SQL: SELECT * FROM `cj_user` WHERE ( `name` = 'mn' ) LIMIT 1   [ RunTime:0.000197s ]
INFO: [ view_parse ] --START--
INFO: ParseTemplate Behavior ::run [ RunTime:0.004835s ]
INFO: [ view_parse ] --END-- [ RunTime:0.004905s ]
INFO: [ view_filter ] --START--
INFO: ContentReplace Behavior ::run [ RunTime:0.000194s ]
INFO: TokenBuild Behavior ::run [ RunTime:0.000192s ]
INFO: WriteHtmlCache Behavior ::run [ RunTime:0.000126s ]
INFO: ShowRuntime Behavior ::run [ RunTime:0.000234s ]
INFO: [ view_filter ] --END-- [ RunTime:0.000872s ]
INFO: [ view_end ] --START--
INFO: ShowPageTrace Behavior ::run [ RunTime:0.000336s ]
INFO: [ view_end ] --END-- [ RunTime:0.000380s ]

[ 2015-01-10T13:07:17+08:00 ] 115.150.35.76 /dnspodt/index.php?m=Login&a=index
INFO: [ app_begin ] --START--
INFO: ReadHtmlCache Behavior ::run [ RunTime:0.000278s ]
INFO: [ app_begin ] --END-- [ RunTime:0.000333s ]
INFO: [ view_parse ] --START--
INFO: ParseTemplate Behavior ::run [ RunTime:0.004147s ]
INFO: [ view_parse ] --END-- [ RunTime:0.004197s ]
INFO: [ view_filter ] --START--
INFO: ContentReplace Behavior ::run [ RunTime:0.000168s ]
INFO: TokenBuild Behavior ::run [ RunTime:0.000201s ]
INFO: WriteHtmlCache Behavior ::run [ RunTime:0.000126s ]
INFO: ShowRuntime Behavior ::run [ RunTime:0.000228s ]
INFO: [ view_filter ] --END-- [ RunTime:0.000840s ]
INFO: [ view_end ] --START--
INFO: ShowPageTrace Behavior ::run [ RunTime:0.000309s ]
INFO: [ view_end ] --END-- [ RunTime:0.000350s ]

[ 2015-01-10T13:07:17+08:00 ] 115.150.35.76 /dnspodt/index.php?m=Public&a=verify
INFO: [ app_begin ] --START--
INFO: ReadHtmlCache Behavior ::run [ RunTime:0.000274s ]
INFO: [ app_begin ] --END-- [ RunTime:0.000328s ]

[ 2015-01-10T13:09:05+08:00 ] 115.150.35.76 /dnspodt/index.php?m=Login&a=logining
INFO: [ app_begin ] --START--
INFO: ReadHtmlCache Behavior ::run [ RunTime:0.000279s ]
INFO: [ app_begin ] --END-- [ RunTime:0.000334s ]
SQL: SHOW COLUMNS FROM `cj_user` [ RunTime:0.000416s ]
SQL: SELECT * FROM `cj_user` WHERE ( `name`='km' and  `password` = '9b05de73d43f8c4ec1110c6bcc5312bc' ) LIMIT 1   [ RunTime:0.000203s ]
SQL: UPDATE `cj_user` SET `name`='km',`password`='9b05de73d43f8c4ec1110c6bcc5312bc',`email`='km@qq.com',`create_time`=1420817972,`login_time`=1420866545 WHERE ( `id` = 1 ) [ RunTime:0.000136s ]
INFO: [ view_parse ] --START--
NOTIC: [8] Undefined variable: tittle /home/ftp/n/nkstu/wwwroot/dnspodt/home/Runtime/Cache/cff3c8658006a8f66c854d82d6772563.php 第 2 行.
INFO: ParseTemplate Behavior ::run [ RunTime:0.004545s ]
INFO: [ view_parse ] --END-- [ RunTime:0.004593s ]
INFO: [ view_filter ] --START--
INFO: ContentReplace Behavior ::run [ RunTime:0.000195s ]
INFO: TokenBuild Behavior ::run [ RunTime:0.000236s ]
INFO: WriteHtmlCache Behavior ::run [ RunTime:0.000141s ]
INFO: ShowRuntime Behavior ::run [ RunTime:0.000268s ]
INFO: [ view_filter ] --END-- [ RunTime:0.000987s ]
INFO: [ view_end ] --START--
INFO: ShowPageTrace Behavior ::run [ RunTime:0.000327s ]
INFO: [ view_end ] --END-- [ RunTime:0.000371s ]

[ 2015-01-10T13:09:14+08:00 ] 115.150.35.76 /dnspodt/index.php?m=Login&a=logining
INFO: [ app_begin ] --START--
INFO: ReadHtmlCache Behavior ::run [ RunTime:0.000281s ]
INFO: [ app_begin ] --END-- [ RunTime:0.000336s ]
SQL: SHOW COLUMNS FROM `cj_user` [ RunTime:0.000398s ]
SQL: SELECT * FROM `cj_user` WHERE ( `name`='km' and  `password` = '9b05de73d43f8c4ec1110c6bcc5312bc' ) LIMIT 1   [ RunTime:0.000227s ]
SQL: UPDATE `cj_user` SET `name`='km',`password`='9b05de73d43f8c4ec1110c6bcc5312bc',`email`='km@qq.com',`create_time`=1420817972,`login_time`=1420866554 WHERE ( `id` = 1 ) [ RunTime:0.000137s ]
INFO: [ view_parse ] --START--
NOTIC: [8] Undefined variable: tittle /home/ftp/n/nkstu/wwwroot/dnspodt/home/Runtime/Cache/cff3c8658006a8f66c854d82d6772563.php 第 2 行.
INFO: ParseTemplate Behavior ::run [ RunTime:0.004438s ]
INFO: [ view_parse ] --END-- [ RunTime:0.004488s ]
INFO: [ view_filter ] --START--
INFO: ContentReplace Behavior ::run [ RunTime:0.000177s ]
INFO: TokenBuild Behavior ::run [ RunTime:0.000192s ]
INFO: WriteHtmlCache Behavior ::run [ RunTime:0.000129s ]
INFO: ShowRuntime Behavior ::run [ RunTime:0.000257s ]
INFO: [ view_filter ] --END-- [ RunTime:0.000881s ]
INFO: [ view_end ] --START--
INFO: ShowPageTrace Behavior ::run [ RunTime:0.000325s ]
INFO: [ view_end ] --END-- [ RunTime:0.000368s ]

[ 2015-01-10T13:09:20+08:00 ] 115.150.35.76 /dnspodt/index.php?m=Login&a=logining
INFO: [ app_begin ] --START--
INFO: ReadHtmlCache Behavior ::run [ RunTime:0.000353s ]
INFO: [ app_begin ] --END-- [ RunTime:0.000427s ]
SQL: SHOW COLUMNS FROM `cj_user` [ RunTime:0.000466s ]
SQL: SELECT * FROM `cj_user` WHERE ( `name`='km' and  `password` = '9b05de73d43f8c4ec1110c6bcc5312bc' ) LIMIT 1   [ RunTime:0.000144s ]
SQL: UPDATE `cj_user` SET `name`='km',`password`='9b05de73d43f8c4ec1110c6bcc5312bc',`email`='km@qq.com',`create_time`=1420817972,`login_time`=1420866560 WHERE ( `id` = 1 ) [ RunTime:0.000165s ]
INFO: [ view_parse ] --START--
NOTIC: [8] Undefined variable: tittle /home/ftp/n/nkstu/wwwroot/dnspodt/home/Runtime/Cache/cff3c8658006a8f66c854d82d6772563.php 第 2 行.
INFO: ParseTemplate Behavior ::run [ RunTime:0.004428s ]
INFO: [ view_parse ] --END-- [ RunTime:0.004475s ]
INFO: [ view_filter ] --START--
INFO: ContentReplace Behavior ::run [ RunTime:0.000181s ]
INFO: TokenBuild Behavior ::run [ RunTime:0.000206s ]
INFO: WriteHtmlCache Behavior ::run [ RunTime:0.000126s ]
INFO: ShowRuntime Behavior ::run [ RunTime:0.000233s ]
INFO: [ view_filter ] --END-- [ RunTime:0.000867s ]
INFO: [ view_end ] --START--
INFO: ShowPageTrace Behavior ::run [ RunTime:0.000352s ]
INFO: [ view_end ] --END-- [ RunTime:0.000397s ]

[ 2015-01-10T13:09:30+08:00 ] 115.150.35.76 /dnspodt/index.php?m=Login&a=logining
INFO: [ app_begin ] --START--
INFO: ReadHtmlCache Behavior ::run [ RunTime:0.000276s ]
INFO: [ app_begin ] --END-- [ RunTime:0.000330s ]
SQL: SHOW COLUMNS FROM `cj_user` [ RunTime:0.000429s ]
SQL: SELECT * FROM `cj_user` WHERE ( `name`='km' and  `password` = '9b05de73d43f8c4ec1110c6bcc5312bc' ) LIMIT 1   [ RunTime:0.000209s ]
SQL: UPDATE `cj_user` SET `name`='km',`password`='9b05de73d43f8c4ec1110c6bcc5312bc',`email`='km@qq.com',`create_time`=1420817972,`login_time`=1420866570 WHERE ( `id` = 1 ) [ RunTime:0.000151s ]
INFO: [ view_parse ] --START--
NOTIC: [8] Undefined variable: tittle /home/ftp/n/nkstu/wwwroot/dnspodt/home/Runtime/Cache/cff3c8658006a8f66c854d82d6772563.php 第 2 行.
INFO: ParseTemplate Behavior ::run [ RunTime:0.004551s ]
INFO: [ view_parse ] --END-- [ RunTime:0.004597s ]
INFO: [ view_filter ] --START--
INFO: ContentReplace Behavior ::run [ RunTime:0.000204s ]
INFO: TokenBuild Behavior ::run [ RunTime:0.000194s ]
INFO: WriteHtmlCache Behavior ::run [ RunTime:0.000132s ]
INFO: ShowRuntime Behavior ::run [ RunTime:0.000238s ]
INFO: [ view_filter ] --END-- [ RunTime:0.000905s ]
INFO: [ view_end ] --START--
INFO: ShowPageTrace Behavior ::run [ RunTime:0.000382s ]
INFO: [ view_end ] --END-- [ RunTime:0.000428s ]

[ 2015-01-10T13:09:32+08:00 ] 115.150.35.76 /dnspodt/index.php?m=Public&a=verify
INFO: [ app_begin ] --START--
INFO: ReadHtmlCache Behavior ::run [ RunTime:0.000283s ]
INFO: [ app_begin ] --END-- [ RunTime:0.000337s ]

[ 2015-01-10T13:13:05+08:00 ] 115.150.35.76 /dnspodt/index.php?m=Login&a=logining
INFO: [ app_begin ] --START--
INFO: ReadHtmlCache Behavior ::run [ RunTime:0.000282s ]
INFO: [ app_begin ] --END-- [ RunTime:0.000337s ]
SQL: SHOW COLUMNS FROM `cj_user` [ RunTime:0.000439s ]
INFO: [ view_parse ] --START--
NOTIC: [8] Undefined variable: tittle /home/ftp/n/nkstu/wwwroot/dnspodt/home/Runtime/Cache/cff3c8658006a8f66c854d82d6772563.php 第 2 行.
INFO: ParseTemplate Behavior ::run [ RunTime:0.004705s ]
INFO: [ view_parse ] --END-- [ RunTime:0.004755s ]
INFO: [ view_filter ] --START--
INFO: ContentReplace Behavior ::run [ RunTime:0.000177s ]
INFO: TokenBuild Behavior ::run [ RunTime:0.000187s ]
INFO: WriteHtmlCache Behavior ::run [ RunTime:0.000127s ]
INFO: ShowRuntime Behavior ::run [ RunTime:0.000276s ]
INFO: [ view_filter ] --END-- [ RunTime:0.000899s ]
INFO: [ view_end ] --START--
INFO: ShowPageTrace Behavior ::run [ RunTime:0.000349s ]
INFO: [ view_end ] --END-- [ RunTime:0.000393s ]

[ 2015-01-10T13:13:15+08:00 ] 115.150.35.76 /dnspodt/index.php?m=Public&a=verify
INFO: [ app_begin ] --START--
INFO: ReadHtmlCache Behavior ::run [ RunTime:0.000283s ]
INFO: [ app_begin ] --END-- [ RunTime:0.000342s ]

[ 2015-01-10T13:13:27+08:00 ] 115.150.35.76 /dnspodt/index.php?m=Login&a=logining
INFO: [ app_begin ] --START--
INFO: ReadHtmlCache Behavior ::run [ RunTime:0.000281s ]
INFO: [ app_begin ] --END-- [ RunTime:0.000336s ]
SQL: SHOW COLUMNS FROM `cj_user` [ RunTime:0.000416s ]
SQL: SELECT * FROM `cj_user` WHERE ( `name`='km' and  `password` = '9b05de73d43f8c4ec1110c6bcc5312bc' ) LIMIT 1   [ RunTime:0.000210s ]
SQL: UPDATE `cj_user` SET `name`='km',`password`='9b05de73d43f8c4ec1110c6bcc5312bc',`email`='km@qq.com',`create_time`=1420817972,`login_time`=1420866807 WHERE ( `id` = 1 ) [ RunTime:0.000148s ]
INFO: [ view_parse ] --START--
NOTIC: [8] Undefined variable: tittle /home/ftp/n/nkstu/wwwroot/dnspodt/home/Runtime/Cache/cff3c8658006a8f66c854d82d6772563.php 第 2 行.
INFO: ParseTemplate Behavior ::run [ RunTime:0.006604s ]
INFO: [ view_parse ] --END-- [ RunTime:0.006656s ]
INFO: [ view_filter ] --START--
INFO: ContentReplace Behavior ::run [ RunTime:0.000328s ]
INFO: TokenBuild Behavior ::run [ RunTime:0.000195s ]
INFO: WriteHtmlCache Behavior ::run [ RunTime:0.000460s ]
INFO: ShowRuntime Behavior ::run [ RunTime:0.000414s ]
INFO: [ view_filter ] --END-- [ RunTime:0.001565s ]
INFO: [ view_end ] --START--
INFO: ShowPageTrace Behavior ::run [ RunTime:0.000621s ]
INFO: [ view_end ] --END-- [ RunTime:0.000693s ]

[ 2015-01-10T13:13:28+08:00 ] 115.150.35.76 /dnspodt/index.php?m=Public&a=verify
INFO: [ app_begin ] --START--
INFO: ReadHtmlCache Behavior ::run [ RunTime:0.000305s ]
INFO: [ app_begin ] --END-- [ RunTime:0.000448s ]

