[ 2015-01-13T12:50:12+08:00 ] 182.84.155.27 /dnspodt/?m=Reg
INFO: [ app_begin ] --START--
INFO: ReadHtmlCache Behavior ::run [ RunTime:0.000314s ]
INFO: [ app_begin ] --END-- [ RunTime:0.000376s ]
INFO: [ view_parse ] --START--
INFO: ParseTemplate Behavior ::run [ RunTime:0.004906s ]
INFO: [ view_parse ] --END-- [ RunTime:0.004957s ]
INFO: [ view_filter ] --START--
INFO: ContentReplace Behavior ::run [ RunTime:0.000186s ]
INFO: TokenBuild Behavior ::run [ RunTime:0.000199s ]
INFO: WriteHtmlCache Behavior ::run [ RunTime:0.000129s ]
INFO: ShowRuntime Behavior ::run [ RunTime:0.000264s ]
INFO: [ view_filter ] --END-- [ RunTime:0.000905s ]
INFO: [ view_end ] --START--
INFO: ShowPageTrace Behavior ::run [ RunTime:0.000340s ]
INFO: [ view_end ] --END-- [ RunTime:0.000384s ]

[ 2015-01-13T12:50:13+08:00 ] 182.84.155.27 /dnspodt/index.php?m=Public&a=verify
INFO: [ app_begin ] --START--
INFO: ReadHtmlCache Behavior ::run [ RunTime:0.000281s ]
INFO: [ app_begin ] --END-- [ RunTime:0.000340s ]
NOTIC: [8] Undefined index: dns /home/ftp/n/nkstu/wwwroot/dnspodt/ThinkPHP/Common/functions.php 第 617 行.

[ 2015-01-13T12:50:14+08:00 ] 182.84.155.27 /dnspodt/index.php?m=Login&a=index
INFO: [ app_begin ] --START--
INFO: ReadHtmlCache Behavior ::run [ RunTime:0.000273s ]
INFO: [ app_begin ] --END-- [ RunTime:0.000326s ]
INFO: [ view_parse ] --START--
INFO: ParseTemplate Behavior ::run [ RunTime:0.004175s ]
INFO: [ view_parse ] --END-- [ RunTime:0.004224s ]
INFO: [ view_filter ] --START--
INFO: ContentReplace Behavior ::run [ RunTime:0.000168s ]
INFO: TokenBuild Behavior ::run [ RunTime:0.000183s ]
INFO: WriteHtmlCache Behavior ::run [ RunTime:0.000130s ]
INFO: ShowRuntime Behavior ::run [ RunTime:0.000255s ]
INFO: [ view_filter ] --END-- [ RunTime:0.000866s ]
INFO: [ view_end ] --START--
INFO: ShowPageTrace Behavior ::run [ RunTime:0.000332s ]
INFO: [ view_end ] --END-- [ RunTime:0.000375s ]

[ 2015-01-13T12:50:15+08:00 ] 182.84.155.27 /dnspodt/index.php?m=Public&a=verify
INFO: [ app_begin ] --START--
INFO: ReadHtmlCache Behavior ::run [ RunTime:0.000431s ]
INFO: [ app_begin ] --END-- [ RunTime:0.000511s ]

[ 2015-01-13T12:50:21+08:00 ] 182.84.155.27 /dnspodt/index.php?m=Login&a=logining
INFO: [ app_begin ] --START--
INFO: ReadHtmlCache Behavior ::run [ RunTime:0.000276s ]
INFO: [ app_begin ] --END-- [ RunTime:0.000330s ]
SQL: SHOW COLUMNS FROM `cj_user` [ RunTime:0.000515s ]
SQL: SELECT * FROM `cj_user` WHERE ( `name`='km' and  `password` = '9b05de73d43f8c4ec1110c6bcc5312bc' ) LIMIT 1   [ RunTime:0.000210s ]
SQL: UPDATE `cj_user` SET `name`='km',`password`='9b05de73d43f8c4ec1110c6bcc5312bc',`email`='km@qq.com',`create_time`=1420817972,`login_time`=1421124621 WHERE ( `id` = 1 ) [ RunTime:0.000152s ]
INFO: [ view_parse ] --START--
INFO: ParseTemplate Behavior ::run [ RunTime:0.004649s ]
INFO: [ view_parse ] --END-- [ RunTime:0.004702s ]
INFO: [ view_filter ] --START--
INFO: ContentReplace Behavior ::run [ RunTime:0.000188s ]
INFO: TokenBuild Behavior ::run [ RunTime:0.000205s ]
INFO: WriteHtmlCache Behavior ::run [ RunTime:0.000129s ]
INFO: ShowRuntime Behavior ::run [ RunTime:0.000271s ]
INFO: [ view_filter ] --END-- [ RunTime:0.000934s ]
INFO: [ view_end ] --START--
INFO: ShowPageTrace Behavior ::run [ RunTime:0.000325s ]
INFO: [ view_end ] --END-- [ RunTime:0.000369s ]

[ 2015-01-13T12:50:22+08:00 ] 182.84.155.27 /dnspodt/index.php?m=Index&a=index
INFO: [ app_begin ] --START--
INFO: ReadHtmlCache Behavior ::run [ RunTime:0.000287s ]
INFO: [ app_begin ] --END-- [ RunTime:0.000342s ]
SQL: SHOW COLUMNS FROM `cj_user` [ RunTime:0.000417s ]
SQL: SELECT * FROM `cj_user` WHERE ( id='1' and password='9b05de73d43f8c4ec1110c6bcc5312bc' ) LIMIT 1   [ RunTime:0.000214s ]

[ 2015-01-13T12:50:23+08:00 ] 182.84.155.27 /dnspodt/index.php?m=User&a=index
INFO: [ app_begin ] --START--
INFO: ReadHtmlCache Behavior ::run [ RunTime:0.000290s ]
INFO: [ app_begin ] --END-- [ RunTime:0.000346s ]

[ 2015-01-13T12:51:16+08:00 ] 182.84.155.27 /dnspodt/index.php?m=User&a=index
INFO: [ app_begin ] --START--
INFO: ReadHtmlCache Behavior ::run [ RunTime:0.000302s ]
INFO: [ app_begin ] --END-- [ RunTime:0.000383s ]
SQL: SHOW COLUMNS FROM `cj_user` [ RunTime:0.000401s ]
SQL: SELECT * FROM `cj_user` WHERE ( id='1' and password='9b05de73d43f8c4ec1110c6bcc5312bc' ) LIMIT 1   [ RunTime:0.000208s ]
SQL: SHOW COLUMNS FROM `cj_record` [ RunTime:0.000213s ]
ERR: 1146:Table 'nkstu.cj_record' doesn't exist
 [ SQL语句 ] : SHOW COLUMNS FROM `cj_record`
SQL: SELECT * FROM `cj_record` WHERE ( userid= '1' )  [ RunTime:0.000124s ]
ERR: 1146:Table 'nkstu.cj_record' doesn't exist
 [ SQL语句 ] : SELECT * FROM `cj_record` WHERE ( userid= '1' ) 
INFO: [ view_parse ] --START--
INFO: ParseTemplate Behavior ::run [ RunTime:0.004533s ]
INFO: [ view_parse ] --END-- [ RunTime:0.004589s ]
INFO: [ view_filter ] --START--
INFO: ContentReplace Behavior ::run [ RunTime:0.000182s ]
INFO: TokenBuild Behavior ::run [ RunTime:0.000194s ]
INFO: WriteHtmlCache Behavior ::run [ RunTime:0.000126s ]
INFO: ShowRuntime Behavior ::run [ RunTime:0.000235s ]
INFO: [ view_filter ] --END-- [ RunTime:0.000862s ]
INFO: [ view_end ] --START--
INFO: ShowPageTrace Behavior ::run [ RunTime:0.000361s ]
INFO: [ view_end ] --END-- [ RunTime:0.000404s ]

[ 2015-01-13T12:51:18+08:00 ] 182.84.155.27 /dnspodt/index.php?m=User&a=updateuser
INFO: [ app_begin ] --START--
INFO: ReadHtmlCache Behavior ::run [ RunTime:0.000288s ]
INFO: [ app_begin ] --END-- [ RunTime:0.000342s ]
SQL: SHOW COLUMNS FROM `cj_user` [ RunTime:0.000409s ]
SQL: SELECT * FROM `cj_user` WHERE ( id='1' and password='9b05de73d43f8c4ec1110c6bcc5312bc' ) LIMIT 1   [ RunTime:0.000292s ]
NOTIC: [8] Undefined index: go /home/ftp/n/nkstu/wwwroot/dnspodt/home/Lib/Action/UserAction.class.php 第 19 行.
INFO: [ view_parse ] --START--
NOTIC: [8] Undefined variable: tittle /home/ftp/n/nkstu/wwwroot/dnspodt/home/Runtime/Cache/fe47ed8c40cb7a49555a0db0d096d0dc.php 第 2 行.
INFO: ParseTemplate Behavior ::run [ RunTime:0.004633s ]
INFO: [ view_parse ] --END-- [ RunTime:0.004684s ]
INFO: [ view_filter ] --START--
INFO: ContentReplace Behavior ::run [ RunTime:0.000179s ]
INFO: TokenBuild Behavior ::run [ RunTime:0.000186s ]
INFO: WriteHtmlCache Behavior ::run [ RunTime:0.000224s ]
INFO: ShowRuntime Behavior ::run [ RunTime:0.000522s ]
INFO: [ view_filter ] --END-- [ RunTime:0.001264s ]
INFO: [ view_end ] --START--
INFO: ShowPageTrace Behavior ::run [ RunTime:0.000397s ]
INFO: [ view_end ] --END-- [ RunTime:0.000444s ]

[ 2015-01-13T12:52:03+08:00 ] 182.84.155.27 /dnspodt/index.php?m=User&a=updateuser
INFO: [ app_begin ] --START--
INFO: ReadHtmlCache Behavior ::run [ RunTime:0.000285s ]
INFO: [ app_begin ] --END-- [ RunTime:0.000346s ]
SQL: SHOW COLUMNS FROM `cj_user` [ RunTime:0.000496s ]
SQL: SELECT * FROM `cj_user` WHERE ( id='1' and password='9b05de73d43f8c4ec1110c6bcc5312bc' ) LIMIT 1   [ RunTime:0.000213s ]
NOTIC: [8] Undefined index: go /home/ftp/n/nkstu/wwwroot/dnspodt/home/Lib/Action/UserAction.class.php 第 20 行.
INFO: [ view_parse ] --START--
NOTIC: [8] Undefined variable: tittle /home/ftp/n/nkstu/wwwroot/dnspodt/home/Runtime/Cache/fe47ed8c40cb7a49555a0db0d096d0dc.php 第 2 行.
INFO: ParseTemplate Behavior ::run [ RunTime:0.005141s ]
INFO: [ view_parse ] --END-- [ RunTime:0.005192s ]
INFO: [ view_filter ] --START--
INFO: ContentReplace Behavior ::run [ RunTime:0.000222s ]
INFO: TokenBuild Behavior ::run [ RunTime:0.000207s ]
INFO: WriteHtmlCache Behavior ::run [ RunTime:0.000125s ]
INFO: ShowRuntime Behavior ::run [ RunTime:0.000238s ]
INFO: [ view_filter ] --END-- [ RunTime:0.000918s ]
INFO: [ view_end ] --START--
INFO: ShowPageTrace Behavior ::run [ RunTime:0.000378s ]
INFO: [ view_end ] --END-- [ RunTime:0.000427s ]

[ 2015-01-13T12:52:12+08:00 ] 182.84.155.27 /dnspodt/index.php?m=User&a=updateuser
INFO: [ app_begin ] --START--
INFO: ReadHtmlCache Behavior ::run [ RunTime:0.000285s ]
INFO: [ app_begin ] --END-- [ RunTime:0.000357s ]
SQL: SHOW COLUMNS FROM `cj_user` [ RunTime:0.000427s ]
SQL: SELECT * FROM `cj_user` WHERE ( id='1' and password='9b05de73d43f8c4ec1110c6bcc5312bc' ) LIMIT 1   [ RunTime:0.000218s ]
SQL: UPDATE `cj_user` SET `password`='d0fa06cd93335c8cae357ffe5cd1c4e9',`email`='km@qq.com' WHERE ( `id` = 1 ) [ RunTime:0.000137s ]
INFO: [ view_parse ] --START--
NOTIC: [8] Undefined variable: tittle /home/ftp/n/nkstu/wwwroot/dnspodt/home/Runtime/Cache/fe47ed8c40cb7a49555a0db0d096d0dc.php 第 2 行.
INFO: ParseTemplate Behavior ::run [ RunTime:0.004616s ]
INFO: [ view_parse ] --END-- [ RunTime:0.004670s ]
INFO: [ view_filter ] --START--
INFO: ContentReplace Behavior ::run [ RunTime:0.000187s ]
INFO: TokenBuild Behavior ::run [ RunTime:0.000210s ]
INFO: WriteHtmlCache Behavior ::run [ RunTime:0.000124s ]
INFO: ShowRuntime Behavior ::run [ RunTime:0.000241s ]
INFO: [ view_filter ] --END-- [ RunTime:0.000888s ]
INFO: [ view_end ] --START--
INFO: ShowPageTrace Behavior ::run [ RunTime:0.000321s ]
INFO: [ view_end ] --END-- [ RunTime:0.000366s ]

[ 2015-01-13T12:52:39+08:00 ] 182.84.155.27 /dnspodt/index.php?m=User&a=updateuser
INFO: [ app_begin ] --START--
INFO: ReadHtmlCache Behavior ::run [ RunTime:0.000292s ]
INFO: [ app_begin ] --END-- [ RunTime:0.000352s ]
SQL: SHOW COLUMNS FROM `cj_user` [ RunTime:0.000411s ]
SQL: SELECT * FROM `cj_user` WHERE ( id='1' and password='9b05de73d43f8c4ec1110c6bcc5312bc' ) LIMIT 1   [ RunTime:0.000218s ]

[ 2015-01-13T12:52:41+08:00 ] 182.84.155.27 /dnspodt/index.php?m=Index&a=index
INFO: [ app_begin ] --START--
INFO: ReadHtmlCache Behavior ::run [ RunTime:0.000335s ]
INFO: [ app_begin ] --END-- [ RunTime:0.000399s ]
SQL: SHOW COLUMNS FROM `cj_user` [ RunTime:0.000423s ]
SQL: SELECT * FROM `cj_user` WHERE ( id='1' and password='9b05de73d43f8c4ec1110c6bcc5312bc' ) LIMIT 1   [ RunTime:0.000210s ]

[ 2015-01-13T12:52:41+08:00 ] 182.84.155.27 /dnspodt/index.php?m=Login&a=index
INFO: [ app_begin ] --START--
INFO: ReadHtmlCache Behavior ::run [ RunTime:0.000274s ]
INFO: [ app_begin ] --END-- [ RunTime:0.000328s ]
INFO: [ view_parse ] --START--
INFO: ParseTemplate Behavior ::run [ RunTime:0.004383s ]
INFO: [ view_parse ] --END-- [ RunTime:0.004438s ]
INFO: [ view_filter ] --START--
INFO: ContentReplace Behavior ::run [ RunTime:0.000169s ]
INFO: TokenBuild Behavior ::run [ RunTime:0.000193s ]
INFO: WriteHtmlCache Behavior ::run [ RunTime:0.000142s ]
INFO: ShowRuntime Behavior ::run [ RunTime:0.000245s ]
INFO: [ view_filter ] --END-- [ RunTime:0.000882s ]
INFO: [ view_end ] --START--
INFO: ShowPageTrace Behavior ::run [ RunTime:0.000334s ]
INFO: [ view_end ] --END-- [ RunTime:0.000378s ]

[ 2015-01-13T12:52:44+08:00 ] 182.84.155.27 /dnspodt/index.php?m=Public&a=verify
INFO: [ app_begin ] --START--
INFO: ReadHtmlCache Behavior ::run [ RunTime:0.000283s ]
INFO: [ app_begin ] --END-- [ RunTime:0.000349s ]

[ 2015-01-13T12:52:55+08:00 ] 182.84.155.27 /dnspodt/index.php?m=Login&a=logining
INFO: [ app_begin ] --START--
INFO: ReadHtmlCache Behavior ::run [ RunTime:0.000275s ]
INFO: [ app_begin ] --END-- [ RunTime:0.000329s ]
SQL: SHOW COLUMNS FROM `cj_user` [ RunTime:0.000447s ]
SQL: SELECT * FROM `cj_user` WHERE ( `name`='km' and  `password` = 'd0fa06cd93335c8cae357ffe5cd1c4e9' ) LIMIT 1   [ RunTime:0.000207s ]
SQL: UPDATE `cj_user` SET `name`='km',`password`='d0fa06cd93335c8cae357ffe5cd1c4e9',`email`='km@qq.com',`create_time`=1420817972,`login_time`=1421124775 WHERE ( `id` = 1 ) [ RunTime:0.000151s ]
INFO: [ view_parse ] --START--
INFO: ParseTemplate Behavior ::run [ RunTime:0.004614s ]
INFO: [ view_parse ] --END-- [ RunTime:0.004666s ]
INFO: [ view_filter ] --START--
INFO: ContentReplace Behavior ::run [ RunTime:0.000205s ]
INFO: TokenBuild Behavior ::run [ RunTime:0.000203s ]
INFO: WriteHtmlCache Behavior ::run [ RunTime:0.000128s ]
INFO: ShowRuntime Behavior ::run [ RunTime:0.000261s ]
INFO: [ view_filter ] --END-- [ RunTime:0.000924s ]
INFO: [ view_end ] --START--
INFO: ShowPageTrace Behavior ::run [ RunTime:0.000340s ]
INFO: [ view_end ] --END-- [ RunTime:0.000389s ]

[ 2015-01-13T12:52:56+08:00 ] 182.84.155.27 /dnspodt/index.php?m=Index&a=index
INFO: [ app_begin ] --START--
INFO: ReadHtmlCache Behavior ::run [ RunTime:0.000301s ]
INFO: [ app_begin ] --END-- [ RunTime:0.000364s ]
SQL: SHOW COLUMNS FROM `cj_user` [ RunTime:0.000456s ]
SQL: SELECT * FROM `cj_user` WHERE ( id='1' and password='d0fa06cd93335c8cae357ffe5cd1c4e9' ) LIMIT 1   [ RunTime:0.000233s ]

[ 2015-01-13T12:52:57+08:00 ] 182.84.155.27 /dnspodt/index.php?m=User&a=index
INFO: [ app_begin ] --START--
INFO: ReadHtmlCache Behavior ::run [ RunTime:0.000277s ]
INFO: [ app_begin ] --END-- [ RunTime:0.000331s ]
SQL: SHOW COLUMNS FROM `cj_user` [ RunTime:0.000422s ]
SQL: SELECT * FROM `cj_user` WHERE ( id='1' and password='d0fa06cd93335c8cae357ffe5cd1c4e9' ) LIMIT 1   [ RunTime:0.000221s ]
SQL: SHOW COLUMNS FROM `cj_record` [ RunTime:0.000219s ]
ERR: 1146:Table 'nkstu.cj_record' doesn't exist
 [ SQL语句 ] : SHOW COLUMNS FROM `cj_record`
SQL: SELECT * FROM `cj_record` WHERE ( userid= '1' )  [ RunTime:0.000119s ]
ERR: 1146:Table 'nkstu.cj_record' doesn't exist
 [ SQL语句 ] : SELECT * FROM `cj_record` WHERE ( userid= '1' ) 
INFO: [ view_parse ] --START--
INFO: ParseTemplate Behavior ::run [ RunTime:0.005743s ]
INFO: [ view_parse ] --END-- [ RunTime:0.005821s ]
INFO: [ view_filter ] --START--
INFO: ContentReplace Behavior ::run [ RunTime:0.000247s ]
INFO: TokenBuild Behavior ::run [ RunTime:0.000222s ]
INFO: WriteHtmlCache Behavior ::run [ RunTime:0.000155s ]
INFO: ShowRuntime Behavior ::run [ RunTime:0.000328s ]
INFO: [ view_filter ] --END-- [ RunTime:0.001108s ]
INFO: [ view_end ] --START--
INFO: ShowPageTrace Behavior ::run [ RunTime:0.000454s ]
INFO: [ view_end ] --END-- [ RunTime:0.000515s ]

[ 2015-01-13T12:52:58+08:00 ] 182.84.155.27 /dnspodt/index.php?m=User&a=updateuser
INFO: [ app_begin ] --START--
INFO: ReadHtmlCache Behavior ::run [ RunTime:0.000478s ]
INFO: [ app_begin ] --END-- [ RunTime:0.000564s ]
SQL: SHOW COLUMNS FROM `cj_user` [ RunTime:0.000845s ]
SQL: SELECT * FROM `cj_user` WHERE ( id='1' and password='d0fa06cd93335c8cae357ffe5cd1c4e9' ) LIMIT 1   [ RunTime:0.000505s ]
NOTIC: [8] Undefined index: go /home/ftp/n/nkstu/wwwroot/dnspodt/home/Lib/Action/UserAction.class.php 第 20 行.
INFO: [ view_parse ] --START--
INFO: ParseTemplate Behavior ::run [ RunTime:0.006379s ]
INFO: [ view_parse ] --END-- [ RunTime:0.006445s ]
INFO: [ view_filter ] --START--
INFO: ContentReplace Behavior ::run [ RunTime:0.000316s ]
INFO: TokenBuild Behavior ::run [ RunTime:0.000307s ]
INFO: WriteHtmlCache Behavior ::run [ RunTime:0.000194s ]
INFO: ShowRuntime Behavior ::run [ RunTime:0.000369s ]
INFO: [ view_filter ] --END-- [ RunTime:0.001350s ]
INFO: [ view_end ] --START--
INFO: ShowPageTrace Behavior ::run [ RunTime:0.000443s ]
INFO: [ view_end ] --END-- [ RunTime:0.000501s ]

[ 2015-01-13T12:54:39+08:00 ] 182.84.155.27 /dnspodt/index.php?m=User&a=updateuser
INFO: [ app_begin ] --START--
INFO: ReadHtmlCache Behavior ::run [ RunTime:0.000288s ]
INFO: [ app_begin ] --END-- [ RunTime:0.000347s ]
SQL: SHOW COLUMNS FROM `cj_user` [ RunTime:0.000439s ]
SQL: SELECT * FROM `cj_user` WHERE ( id='1' and password='d0fa06cd93335c8cae357ffe5cd1c4e9' ) LIMIT 1   [ RunTime:0.000218s ]
SQL: UPDATE `cj_user` SET `password`='9b05de73d43f8c4ec1110c6bcc5312bc',`email`='km@qq.com' WHERE ( `id` = 1 ) [ RunTime:0.000145s ]
INFO: [ view_parse ] --START--
INFO: ParseTemplate Behavior ::run [ RunTime:0.004625s ]
INFO: [ view_parse ] --END-- [ RunTime:0.004677s ]
INFO: [ view_filter ] --START--
INFO: ContentReplace Behavior ::run [ RunTime:0.000199s ]
INFO: TokenBuild Behavior ::run [ RunTime:0.000195s ]
INFO: WriteHtmlCache Behavior ::run [ RunTime:0.000125s ]
INFO: ShowRuntime Behavior ::run [ RunTime:0.000233s ]
INFO: [ view_filter ] --END-- [ RunTime:0.000882s ]
INFO: [ view_end ] --START--
INFO: ShowPageTrace Behavior ::run [ RunTime:0.000399s ]
INFO: [ view_end ] --END-- [ RunTime:0.000443s ]

