[ 2015-01-14T12:52:47+08:00 ] 182.99.135.109 /dnspodt/?m=Install
INFO: [ app_begin ] --START--
INFO: ReadHtmlCache Behavior ::run [ RunTime:0.000319s ]
INFO: [ app_begin ] --END-- [ RunTime:0.000420s ]
SQL: CREATE TABLE cj_record 
(
record_id int NOT NULL, 
PRIMARY KEY(record_id),
sub_domain varchar(15) NOT NULL,
frist_domain text NOT NULL,
record_type set('A','CNAME','AAAA') NOT NULL,
record_line set('默认','电信','联通','教育网','移动','铁通','国内','国外','搜索引擎','百度','Google','有道','必应','搜搜','搜狗','360搜索') NOT NULL,
mx int,
ttl int NOT NULL,
value varchar(15) NOT NULL,
userid int NOT NULL
) [ RunTime:0.000372s ]
NOTIC: [2] mysql_num_rows() expects parameter 1 to be resource, boolean given /home/ftp/n/nkstu/wwwroot/dnspodt/ThinkPHP/Lib/Driver/Db/DbMysql.class.php 第 109 行.

[ 2015-01-14T12:58:31+08:00 ] 182.99.135.109 /dnspodt/?m=Install
INFO: [ app_begin ] --START--
INFO: ReadHtmlCache Behavior ::run [ RunTime:0.000300s ]
INFO: [ app_begin ] --END-- [ RunTime:0.000362s ]
SQL: CREATE TABLE cj_record 
(
record_id int NOT NULL, 
PRIMARY KEY(record_id),
sub_domain varchar(15) NOT NULL,
frist_domain text NOT NULL,
record_type set('A','CNAME','AAAA') NOT NULL,
mx int,
ttl int NOT NULL,
value varchar(15) NOT NULL,
userid int NOT NULL
) [ RunTime:0.000340s ]
NOTIC: [2] mysql_num_rows() expects parameter 1 to be resource, boolean given /home/ftp/n/nkstu/wwwroot/dnspodt/ThinkPHP/Lib/Driver/Db/DbMysql.class.php 第 109 行.

[ 2015-01-14T13:07:40+08:00 ] 182.99.135.109 /dnspodt/?m=Reg
INFO: [ app_begin ] --START--
INFO: ReadHtmlCache Behavior ::run [ RunTime:0.000311s ]
INFO: [ app_begin ] --END-- [ RunTime:0.000372s ]
INFO: [ view_parse ] --START--
INFO: ParseTemplate Behavior ::run [ RunTime:0.004732s ]
INFO: [ view_parse ] --END-- [ RunTime:0.004781s ]
INFO: [ view_filter ] --START--
INFO: ContentReplace Behavior ::run [ RunTime:0.000205s ]
INFO: TokenBuild Behavior ::run [ RunTime:0.000216s ]
INFO: WriteHtmlCache Behavior ::run [ RunTime:0.000139s ]
INFO: ShowRuntime Behavior ::run [ RunTime:0.000247s ]
INFO: [ view_filter ] --END-- [ RunTime:0.000926s ]
INFO: [ view_end ] --START--
INFO: ShowPageTrace Behavior ::run [ RunTime:0.000348s ]
INFO: [ view_end ] --END-- [ RunTime:0.000399s ]

[ 2015-01-14T13:07:53+08:00 ] 182.99.135.109 /dnspodt/index.php?m=Login&a=index
INFO: [ app_begin ] --START--
INFO: ReadHtmlCache Behavior ::run [ RunTime:0.000394s ]
INFO: [ app_begin ] --END-- [ RunTime:0.000469s ]
INFO: [ view_parse ] --START--
INFO: ParseTemplate Behavior ::run [ RunTime:0.005848s ]
INFO: [ view_parse ] --END-- [ RunTime:0.005906s ]
INFO: [ view_filter ] --START--
INFO: ContentReplace Behavior ::run [ RunTime:0.000246s ]
INFO: TokenBuild Behavior ::run [ RunTime:0.000264s ]
INFO: WriteHtmlCache Behavior ::run [ RunTime:0.000179s ]
INFO: ShowRuntime Behavior ::run [ RunTime:0.000334s ]
INFO: [ view_filter ] --END-- [ RunTime:0.001192s ]
INFO: [ view_end ] --START--
INFO: ShowPageTrace Behavior ::run [ RunTime:0.000425s ]
INFO: [ view_end ] --END-- [ RunTime:0.000478s ]

[ 2015-01-14T13:08:03+08:00 ] 182.99.135.109 /dnspodt/index.php?m=Login&a=index
INFO: [ app_begin ] --START--
INFO: ReadHtmlCache Behavior ::run [ RunTime:0.000302s ]
INFO: [ app_begin ] --END-- [ RunTime:0.000357s ]
INFO: [ view_parse ] --START--
INFO: ParseTemplate Behavior ::run [ RunTime:0.004125s ]
INFO: [ view_parse ] --END-- [ RunTime:0.004170s ]
INFO: [ view_filter ] --START--
INFO: ContentReplace Behavior ::run [ RunTime:0.000168s ]
INFO: TokenBuild Behavior ::run [ RunTime:0.000195s ]
INFO: WriteHtmlCache Behavior ::run [ RunTime:0.000124s ]
INFO: ShowRuntime Behavior ::run [ RunTime:0.000229s ]
INFO: [ view_filter ] --END-- [ RunTime:0.000854s ]
INFO: [ view_end ] --START--
INFO: ShowPageTrace Behavior ::run [ RunTime:0.000325s ]
INFO: [ view_end ] --END-- [ RunTime:0.000367s ]

[ 2015-01-14T13:08:29+08:00 ] 182.99.135.109 /dnspodt/index.php?m=Login&a=index
INFO: [ app_begin ] --START--
INFO: ReadHtmlCache Behavior ::run [ RunTime:0.000416s ]
INFO: [ app_begin ] --END-- [ RunTime:0.000492s ]
INFO: [ view_parse ] --START--
INFO: ParseTemplate Behavior ::run [ RunTime:0.004310s ]
INFO: [ view_parse ] --END-- [ RunTime:0.004357s ]
INFO: [ view_filter ] --START--
INFO: ContentReplace Behavior ::run [ RunTime:0.000169s ]
INFO: TokenBuild Behavior ::run [ RunTime:0.000186s ]
INFO: WriteHtmlCache Behavior ::run [ RunTime:0.000124s ]
INFO: ShowRuntime Behavior ::run [ RunTime:0.000234s ]
INFO: [ view_filter ] --END-- [ RunTime:0.000841s ]
INFO: [ view_end ] --START--
INFO: ShowPageTrace Behavior ::run [ RunTime:0.000311s ]
INFO: [ view_end ] --END-- [ RunTime:0.000352s ]

[ 2015-01-14T13:08:38+08:00 ] 182.99.135.109 /dnspodt/index.php?m=Public&a=verify
INFO: [ app_begin ] --START--
INFO: ReadHtmlCache Behavior ::run [ RunTime:0.000284s ]
INFO: [ app_begin ] --END-- [ RunTime:0.000342s ]
NOTIC: [8] Undefined index: dns /home/ftp/n/nkstu/wwwroot/dnspodt/ThinkPHP/Common/functions.php 第 617 行.

[ 2015-01-14T13:09:17+08:00 ] 182.99.135.109 /dnspodt/index.php?m=Login&a=index
INFO: [ app_begin ] --START--
INFO: ReadHtmlCache Behavior ::run [ RunTime:0.000288s ]
INFO: [ app_begin ] --END-- [ RunTime:0.000356s ]
INFO: [ view_parse ] --START--
INFO: ParseTemplate Behavior ::run [ RunTime:0.019486s ]
INFO: [ view_parse ] --END-- [ RunTime:0.019562s ]
INFO: [ view_filter ] --START--
INFO: ContentReplace Behavior ::run [ RunTime:0.000192s ]
INFO: TokenBuild Behavior ::run [ RunTime:0.000204s ]
INFO: WriteHtmlCache Behavior ::run [ RunTime:0.000128s ]
INFO: ShowRuntime Behavior ::run [ RunTime:0.000259s ]
INFO: [ view_filter ] --END-- [ RunTime:0.000910s ]
INFO: [ view_end ] --START--
INFO: ShowPageTrace Behavior ::run [ RunTime:0.000325s ]
INFO: [ view_end ] --END-- [ RunTime:0.000367s ]

[ 2015-01-14T13:09:30+08:00 ] 182.99.135.109 /dnspodt/index.php?m=Login&a=index
INFO: [ app_begin ] --START--
INFO: ReadHtmlCache Behavior ::run [ RunTime:0.000285s ]
INFO: [ app_begin ] --END-- [ RunTime:0.000346s ]
INFO: [ view_parse ] --START--
INFO: ParseTemplate Behavior ::run [ RunTime:0.004174s ]
INFO: [ view_parse ] --END-- [ RunTime:0.004220s ]
INFO: [ view_filter ] --START--
INFO: ContentReplace Behavior ::run [ RunTime:0.000193s ]
INFO: TokenBuild Behavior ::run [ RunTime:0.000208s ]
INFO: WriteHtmlCache Behavior ::run [ RunTime:0.000124s ]
INFO: ShowRuntime Behavior ::run [ RunTime:0.000225s ]
INFO: [ view_filter ] --END-- [ RunTime:0.000868s ]
INFO: [ view_end ] --START--
INFO: ShowPageTrace Behavior ::run [ RunTime:0.000317s ]
INFO: [ view_end ] --END-- [ RunTime:0.000357s ]

[ 2015-01-14T13:09:31+08:00 ] 182.99.135.109 /dnspodt/index.php?m=Reg&a=index
INFO: [ app_begin ] --START--
INFO: ReadHtmlCache Behavior ::run [ RunTime:0.000275s ]
INFO: [ app_begin ] --END-- [ RunTime:0.000329s ]
INFO: [ view_parse ] --START--
INFO: ParseTemplate Behavior ::run [ RunTime:0.004223s ]
INFO: [ view_parse ] --END-- [ RunTime:0.004268s ]
INFO: [ view_filter ] --START--
INFO: ContentReplace Behavior ::run [ RunTime:0.000169s ]
INFO: TokenBuild Behavior ::run [ RunTime:0.000185s ]
INFO: WriteHtmlCache Behavior ::run [ RunTime:0.000128s ]
INFO: ShowRuntime Behavior ::run [ RunTime:0.000239s ]
INFO: [ view_filter ] --END-- [ RunTime:0.000839s ]
INFO: [ view_end ] --START--
INFO: ShowPageTrace Behavior ::run [ RunTime:0.000309s ]
INFO: [ view_end ] --END-- [ RunTime:0.000349s ]

[ 2015-01-14T13:09:42+08:00 ] 182.99.135.109 /dnspodt/index.php?m=Public&a=verify
INFO: [ app_begin ] --START--
INFO: ReadHtmlCache Behavior ::run [ RunTime:0.000288s ]
INFO: [ app_begin ] --END-- [ RunTime:0.000343s ]

[ 2015-01-14T13:10:28+08:00 ] 182.99.135.109 /dnspodt/index.php?m=Reg&a=reging
INFO: [ app_begin ] --START--
INFO: ReadHtmlCache Behavior ::run [ RunTime:0.000320s ]
INFO: [ app_begin ] --END-- [ RunTime:0.000383s ]
SQL: SHOW COLUMNS FROM `cj_user` [ RunTime:0.000630s ]
NOTIC: [8] Undefined variable: POST /home/ftp/n/nkstu/wwwroot/dnspodt/home/Lib/Action/RegAction.class.php 第 9 行.
NOTIC: [4096] Argument 1 passed to UserModel::AddUser() must be an array, null given, called in /home/ftp/n/nkstu/wwwroot/dnspodt/home/Lib/Action/RegAction.class.php on line 9 and defined /home/ftp/n/nkstu/wwwroot/dnspodt/home/Lib/Model/UserModel.class.php 第 16 行.
SQL: SELECT * FROM `cj_user` WHERE ( `name` = 'myzly' ) LIMIT 1   [ RunTime:0.000199s ]
SQL: INSERT INTO `cj_user` (`name`,`password`,`email`,`create_time`) VALUES ('myzly','1dd8ddf4884eaa3550955ae417db3c95','852776153@qq.com',1421212228) [ RunTime:0.000142s ]
INFO: [ view_parse ] --START--
INFO: ParseTemplate Behavior ::run [ RunTime:0.004962s ]
INFO: [ view_parse ] --END-- [ RunTime:0.005030s ]
INFO: [ view_filter ] --START--
INFO: ContentReplace Behavior ::run [ RunTime:0.000248s ]
INFO: TokenBuild Behavior ::run [ RunTime:0.000211s ]
INFO: WriteHtmlCache Behavior ::run [ RunTime:0.000138s ]
INFO: ShowRuntime Behavior ::run [ RunTime:0.000240s ]
INFO: [ view_filter ] --END-- [ RunTime:0.000999s ]
INFO: [ view_end ] --START--
INFO: ShowPageTrace Behavior ::run [ RunTime:0.000363s ]
INFO: [ view_end ] --END-- [ RunTime:0.000418s ]

[ 2015-01-14T13:10:30+08:00 ] 182.99.135.109 /dnspodt/index.php?m=Login&a=index
INFO: [ app_begin ] --START--
INFO: ReadHtmlCache Behavior ::run [ RunTime:0.000294s ]
INFO: [ app_begin ] --END-- [ RunTime:0.000349s ]
INFO: [ view_parse ] --START--
INFO: ParseTemplate Behavior ::run [ RunTime:0.004143s ]
INFO: [ view_parse ] --END-- [ RunTime:0.004191s ]
INFO: [ view_filter ] --START--
INFO: ContentReplace Behavior ::run [ RunTime:0.000188s ]
INFO: TokenBuild Behavior ::run [ RunTime:0.000194s ]
INFO: WriteHtmlCache Behavior ::run [ RunTime:0.000122s ]
INFO: ShowRuntime Behavior ::run [ RunTime:0.000229s ]
INFO: [ view_filter ] --END-- [ RunTime:0.000853s ]
INFO: [ view_end ] --START--
INFO: ShowPageTrace Behavior ::run [ RunTime:0.000318s ]
INFO: [ view_end ] --END-- [ RunTime:0.000364s ]

[ 2015-01-14T13:10:42+08:00 ] 182.99.135.109 /dnspodt/index.php?m=Login&a=index
INFO: [ app_begin ] --START--
INFO: ReadHtmlCache Behavior ::run [ RunTime:0.000313s ]
INFO: [ app_begin ] --END-- [ RunTime:0.000372s ]
INFO: [ view_parse ] --START--
INFO: ParseTemplate Behavior ::run [ RunTime:0.004288s ]
INFO: [ view_parse ] --END-- [ RunTime:0.004334s ]
INFO: [ view_filter ] --START--
INFO: ContentReplace Behavior ::run [ RunTime:0.000199s ]
INFO: TokenBuild Behavior ::run [ RunTime:0.000199s ]
INFO: WriteHtmlCache Behavior ::run [ RunTime:0.000124s ]
INFO: ShowRuntime Behavior ::run [ RunTime:0.000236s ]
INFO: [ view_filter ] --END-- [ RunTime:0.000874s ]
INFO: [ view_end ] --START--
INFO: ShowPageTrace Behavior ::run [ RunTime:0.000335s ]
INFO: [ view_end ] --END-- [ RunTime:0.000381s ]

[ 2015-01-14T13:10:42+08:00 ] 182.99.135.109 /dnspodt/index.php?m=Public&a=verify
INFO: [ app_begin ] --START--
INFO: ReadHtmlCache Behavior ::run [ RunTime:0.000290s ]
INFO: [ app_begin ] --END-- [ RunTime:0.000343s ]

[ 2015-01-14T13:11:30+08:00 ] 182.99.135.109 /dnspodt/index.php?m=Login&a=logining
INFO: [ app_begin ] --START--
INFO: ReadHtmlCache Behavior ::run [ RunTime:0.000287s ]
INFO: [ app_begin ] --END-- [ RunTime:0.000346s ]
SQL: SHOW COLUMNS FROM `cj_user` [ RunTime:0.000475s ]
SQL: SELECT * FROM `cj_user` WHERE ( `name`='myzly' and  `password` = '1dd8ddf4884eaa3550955ae417db3c95' ) LIMIT 1   [ RunTime:0.000232s ]
SQL: UPDATE `cj_user` SET `name`='myzly',`password`='1dd8ddf4884eaa3550955ae417db3c95',`email`='852776153@qq.com',`create_time`=1421212228,`login_time`=1421212290 WHERE ( `id` = 2 ) [ RunTime:0.000151s ]
INFO: [ view_parse ] --START--
INFO: ParseTemplate Behavior ::run [ RunTime:0.004421s ]
INFO: [ view_parse ] --END-- [ RunTime:0.004469s ]
INFO: [ view_filter ] --START--
INFO: ContentReplace Behavior ::run [ RunTime:0.000189s ]
INFO: TokenBuild Behavior ::run [ RunTime:0.000200s ]
INFO: WriteHtmlCache Behavior ::run [ RunTime:0.000126s ]
INFO: ShowRuntime Behavior ::run [ RunTime:0.000232s ]
INFO: [ view_filter ] --END-- [ RunTime:0.000863s ]
INFO: [ view_end ] --START--
INFO: ShowPageTrace Behavior ::run [ RunTime:0.000336s ]
INFO: [ view_end ] --END-- [ RunTime:0.000379s ]

[ 2015-01-14T13:11:38+08:00 ] 182.99.135.109 /dnspodt/index.php?m=Index&a=index
INFO: [ app_begin ] --START--
INFO: ReadHtmlCache Behavior ::run [ RunTime:0.000288s ]
INFO: [ app_begin ] --END-- [ RunTime:0.000342s ]
SQL: SHOW COLUMNS FROM `cj_user` [ RunTime:0.000410s ]
SQL: SELECT * FROM `cj_user` WHERE ( id='2' and password='1dd8ddf4884eaa3550955ae417db3c95' ) LIMIT 1   [ RunTime:0.000239s ]

[ 2015-01-14T13:11:39+08:00 ] 182.99.135.109 /dnspodt/index.php?m=User&a=index
INFO: [ app_begin ] --START--
INFO: ReadHtmlCache Behavior ::run [ RunTime:0.000302s ]
INFO: [ app_begin ] --END-- [ RunTime:0.000357s ]
SQL: SHOW COLUMNS FROM `cj_user` [ RunTime:0.000421s ]
SQL: SELECT * FROM `cj_user` WHERE ( id='2' and password='1dd8ddf4884eaa3550955ae417db3c95' ) LIMIT 1   [ RunTime:0.000222s ]
SQL: SHOW COLUMNS FROM `cj_record` [ RunTime:0.000313s ]
SQL: SELECT * FROM `cj_record` WHERE ( userid= '2' )  [ RunTime:0.000152s ]
INFO: [ view_parse ] --START--
INFO: ParseTemplate Behavior ::run [ RunTime:0.004235s ]
INFO: [ view_parse ] --END-- [ RunTime:0.004287s ]
INFO: [ view_filter ] --START--
INFO: ContentReplace Behavior ::run [ RunTime:0.000171s ]
INFO: TokenBuild Behavior ::run [ RunTime:0.000182s ]
INFO: WriteHtmlCache Behavior ::run [ RunTime:0.000124s ]
INFO: ShowRuntime Behavior ::run [ RunTime:0.000356s ]
INFO: [ view_filter ] --END-- [ RunTime:0.000960s ]
INFO: [ view_end ] --START--
INFO: ShowPageTrace Behavior ::run [ RunTime:0.000346s ]
INFO: [ view_end ] --END-- [ RunTime:0.000390s ]

[ 2015-01-14T13:12:17+08:00 ] 182.99.135.109 /dnspodt/index.php?m=Index&a=index
INFO: [ app_begin ] --START--
INFO: ReadHtmlCache Behavior ::run [ RunTime:0.000296s ]
INFO: [ app_begin ] --END-- [ RunTime:0.000352s ]
SQL: SHOW COLUMNS FROM `cj_user` [ RunTime:0.000410s ]
SQL: SELECT * FROM `cj_user` WHERE ( id='2' and password='1dd8ddf4884eaa3550955ae417db3c95' ) LIMIT 1   [ RunTime:0.000218s ]

[ 2015-01-14T13:12:18+08:00 ] 182.99.135.109 /dnspodt/index.php?m=User&a=index
INFO: [ app_begin ] --START--
INFO: ReadHtmlCache Behavior ::run [ RunTime:0.000282s ]
INFO: [ app_begin ] --END-- [ RunTime:0.000335s ]
SQL: SHOW COLUMNS FROM `cj_user` [ RunTime:0.000436s ]
SQL: SELECT * FROM `cj_user` WHERE ( id='2' and password='1dd8ddf4884eaa3550955ae417db3c95' ) LIMIT 1   [ RunTime:0.000220s ]
SQL: SHOW COLUMNS FROM `cj_record` [ RunTime:0.000332s ]
SQL: SELECT * FROM `cj_record` WHERE ( userid= '2' )  [ RunTime:0.000153s ]
INFO: [ view_parse ] --START--
INFO: ParseTemplate Behavior ::run [ RunTime:0.004209s ]
INFO: [ view_parse ] --END-- [ RunTime:0.004258s ]
INFO: [ view_filter ] --START--
INFO: ContentReplace Behavior ::run [ RunTime:0.000178s ]
INFO: TokenBuild Behavior ::run [ RunTime:0.000183s ]
INFO: WriteHtmlCache Behavior ::run [ RunTime:0.000121s ]
INFO: ShowRuntime Behavior ::run [ RunTime:0.000226s ]
INFO: [ view_filter ] --END-- [ RunTime:0.000826s ]
INFO: [ view_end ] --START--
INFO: ShowPageTrace Behavior ::run [ RunTime:0.000338s ]
INFO: [ view_end ] --END-- [ RunTime:0.000379s ]

[ 2015-01-14T13:13:16+08:00 ] 182.99.135.109 /dnspodt/index.php?m=User&a=index
INFO: [ app_begin ] --START--
INFO: ReadHtmlCache Behavior ::run [ RunTime:0.000278s ]
INFO: [ app_begin ] --END-- [ RunTime:0.000352s ]
SQL: SHOW COLUMNS FROM `cj_user` [ RunTime:0.000439s ]
SQL: SELECT * FROM `cj_user` WHERE ( id='2' and password='1dd8ddf4884eaa3550955ae417db3c95' ) LIMIT 1   [ RunTime:0.000229s ]
SQL: SHOW COLUMNS FROM `cj_record` [ RunTime:0.000336s ]
SQL: SELECT * FROM `cj_record` WHERE ( userid= '2' )  [ RunTime:0.000157s ]
INFO: [ view_parse ] --START--
INFO: ParseTemplate Behavior ::run [ RunTime:0.004369s ]
INFO: [ view_parse ] --END-- [ RunTime:0.004422s ]
INFO: [ view_filter ] --START--
INFO: ContentReplace Behavior ::run [ RunTime:0.000200s ]
INFO: TokenBuild Behavior ::run [ RunTime:0.000258s ]
INFO: WriteHtmlCache Behavior ::run [ RunTime:0.000159s ]
INFO: ShowRuntime Behavior ::run [ RunTime:0.000345s ]
INFO: [ view_filter ] --END-- [ RunTime:0.001119s ]
INFO: [ view_end ] --START--
INFO: ShowPageTrace Behavior ::run [ RunTime:0.000322s ]
INFO: [ view_end ] --END-- [ RunTime:0.000368s ]

[ 2015-01-14T13:19:04+08:00 ] 182.99.135.109 /dnspodt/index.php?m=User&a=index
INFO: [ app_begin ] --START--
INFO: ReadHtmlCache Behavior ::run [ RunTime:0.000302s ]
INFO: [ app_begin ] --END-- [ RunTime:0.000356s ]
SQL: SHOW COLUMNS FROM `cj_user` [ RunTime:0.000503s ]
SQL: SELECT * FROM `cj_user` WHERE ( id='2' and password='1dd8ddf4884eaa3550955ae417db3c95' ) LIMIT 1   [ RunTime:0.000222s ]
SQL: SHOW COLUMNS FROM `cj_record` [ RunTime:0.000388s ]
SQL: SELECT * FROM `cj_record` WHERE ( userid= '2' )  [ RunTime:0.000835s ]
INFO: [ view_parse ] --START--
NOTIC: [8] Undefined variable: list /home/ftp/n/nkstu/wwwroot/dnspodt/home/Runtime/Cache/f65073c0e13ea5286191c0737e5ffd8c.php 第 9 行.
INFO: ParseTemplate Behavior ::run [ RunTime:0.004815s ]
INFO: [ view_parse ] --END-- [ RunTime:0.004862s ]
INFO: [ view_filter ] --START--
INFO: ContentReplace Behavior ::run [ RunTime:0.000176s ]
INFO: TokenBuild Behavior ::run [ RunTime:0.000190s ]
INFO: WriteHtmlCache Behavior ::run [ RunTime:0.000125s ]
INFO: ShowRuntime Behavior ::run [ RunTime:0.000230s ]
INFO: [ view_filter ] --END-- [ RunTime:0.000851s ]
INFO: [ view_end ] --START--
INFO: ShowPageTrace Behavior ::run [ RunTime:0.000335s ]
INFO: [ view_end ] --END-- [ RunTime:0.000388s ]

[ 2015-01-14T13:19:45+08:00 ] 182.99.135.109 /dnspodt/index.php?m=User&a=index
INFO: [ app_begin ] --START--
INFO: ReadHtmlCache Behavior ::run [ RunTime:0.000294s ]
INFO: [ app_begin ] --END-- [ RunTime:0.000347s ]
SQL: SHOW COLUMNS FROM `cj_user` [ RunTime:0.000456s ]
SQL: SELECT * FROM `cj_user` WHERE ( id='2' and password='1dd8ddf4884eaa3550955ae417db3c95' ) LIMIT 1   [ RunTime:0.000226s ]
SQL: SHOW COLUMNS FROM `cj_record` [ RunTime:0.000376s ]
SQL: SELECT * FROM `cj_record` WHERE ( userid= '2' )  [ RunTime:0.000160s ]
INFO: [ view_parse ] --START--
NOTIC: [8] Undefined variable: list /home/ftp/n/nkstu/wwwroot/dnspodt/home/Runtime/Cache/f65073c0e13ea5286191c0737e5ffd8c.php 第 9 行.
INFO: ParseTemplate Behavior ::run [ RunTime:0.006951s ]
INFO: [ view_parse ] --END-- [ RunTime:0.006999s ]
INFO: [ view_filter ] --START--
INFO: ContentReplace Behavior ::run [ RunTime:0.000218s ]
INFO: TokenBuild Behavior ::run [ RunTime:0.000197s ]
INFO: WriteHtmlCache Behavior ::run [ RunTime:0.000126s ]
INFO: ShowRuntime Behavior ::run [ RunTime:0.000280s ]
INFO: [ view_filter ] --END-- [ RunTime:0.000988s ]
INFO: [ view_end ] --START--
INFO: ShowPageTrace Behavior ::run [ RunTime:0.000398s ]
INFO: [ view_end ] --END-- [ RunTime:0.000442s ]

[ 2015-01-14T13:19:55+08:00 ] 182.99.135.109 /dnspodt/index.php?m=User&a=index
INFO: [ app_begin ] --START--
INFO: ReadHtmlCache Behavior ::run [ RunTime:0.000277s ]
INFO: [ app_begin ] --END-- [ RunTime:0.000331s ]
SQL: SHOW COLUMNS FROM `cj_user` [ RunTime:0.000411s ]
SQL: SELECT * FROM `cj_user` WHERE ( id='2' and password='1dd8ddf4884eaa3550955ae417db3c95' ) LIMIT 1   [ RunTime:0.000234s ]
SQL: SHOW COLUMNS FROM `cj_record` [ RunTime:0.000316s ]
SQL: SELECT * FROM `cj_record` WHERE ( userid= '2' )  [ RunTime:0.000167s ]
INFO: [ view_parse ] --START--
NOTIC: [8] Undefined variable: list /home/ftp/n/nkstu/wwwroot/dnspodt/home/Runtime/Cache/f65073c0e13ea5286191c0737e5ffd8c.php 第 9 行.
INFO: ParseTemplate Behavior ::run [ RunTime:0.005711s ]
INFO: [ view_parse ] --END-- [ RunTime:0.005756s ]
INFO: [ view_filter ] --START--
INFO: ContentReplace Behavior ::run [ RunTime:0.000188s ]
INFO: TokenBuild Behavior ::run [ RunTime:0.000185s ]
INFO: WriteHtmlCache Behavior ::run [ RunTime:0.000122s ]
INFO: ShowRuntime Behavior ::run [ RunTime:0.000229s ]
INFO: [ view_filter ] --END-- [ RunTime:0.000840s ]
INFO: [ view_end ] --START--
INFO: ShowPageTrace Behavior ::run [ RunTime:0.000351s ]
INFO: [ view_end ] --END-- [ RunTime:0.000391s ]

[ 2015-01-14T13:19:59+08:00 ] 182.99.135.109 /dnspodt/index.php?m=User&a=index
INFO: [ app_begin ] --START--
INFO: ReadHtmlCache Behavior ::run [ RunTime:0.000331s ]
INFO: [ app_begin ] --END-- [ RunTime:0.001444s ]
SQL: SHOW COLUMNS FROM `cj_user` [ RunTime:0.000452s ]
SQL: SELECT * FROM `cj_user` WHERE ( id='2' and password='1dd8ddf4884eaa3550955ae417db3c95' ) LIMIT 1   [ RunTime:0.000319s ]
SQL: SHOW COLUMNS FROM `cj_record` [ RunTime:0.001542s ]
SQL: SELECT * FROM `cj_record` WHERE ( userid= '2' )  [ RunTime:0.002219s ]
INFO: [ view_parse ] --START--
NOTIC: [8] Undefined variable: list /home/ftp/n/nkstu/wwwroot/dnspodt/home/Runtime/Cache/f65073c0e13ea5286191c0737e5ffd8c.php 第 9 行.
INFO: ParseTemplate Behavior ::run [ RunTime:0.004741s ]
INFO: [ view_parse ] --END-- [ RunTime:0.004790s ]
INFO: [ view_filter ] --START--
INFO: ContentReplace Behavior ::run [ RunTime:0.000227s ]
INFO: TokenBuild Behavior ::run [ RunTime:0.000285s ]
INFO: WriteHtmlCache Behavior ::run [ RunTime:0.000174s ]
INFO: ShowRuntime Behavior ::run [ RunTime:0.000347s ]
INFO: [ view_filter ] --END-- [ RunTime:0.001212s ]
INFO: [ view_end ] --START--
INFO: ShowPageTrace Behavior ::run [ RunTime:0.000508s ]
INFO: [ view_end ] --END-- [ RunTime:0.000575s ]

[ 2015-01-14T13:22:00+08:00 ] 182.99.135.109 /dnspodt/index.php?m=User&a=index
INFO: [ app_begin ] --START--
INFO: ReadHtmlCache Behavior ::run [ RunTime:0.000302s ]
INFO: [ app_begin ] --END-- [ RunTime:0.000372s ]
SQL: SHOW COLUMNS FROM `cj_user` [ RunTime:0.000395s ]
SQL: SELECT * FROM `cj_user` WHERE ( id='2' and password='1dd8ddf4884eaa3550955ae417db3c95' ) LIMIT 1   [ RunTime:0.000229s ]
SQL: SHOW COLUMNS FROM `cj_record` [ RunTime:0.000359s ]
SQL: SELECT * FROM `cj_record` WHERE ( userid= '2' )  [ RunTime:0.000155s ]
INFO: [ view_parse ] --START--
NOTIC: [8] Undefined variable: list /home/ftp/n/nkstu/wwwroot/dnspodt/home/Runtime/Cache/f65073c0e13ea5286191c0737e5ffd8c.php 第 8 行.
INFO: ParseTemplate Behavior ::run [ RunTime:0.004788s ]
INFO: [ view_parse ] --END-- [ RunTime:0.004831s ]
INFO: [ view_filter ] --START--
INFO: ContentReplace Behavior ::run [ RunTime:0.000179s ]
INFO: TokenBuild Behavior ::run [ RunTime:0.000186s ]
INFO: WriteHtmlCache Behavior ::run [ RunTime:0.000125s ]
INFO: ShowRuntime Behavior ::run [ RunTime:0.000230s ]
INFO: [ view_filter ] --END-- [ RunTime:0.000836s ]
INFO: [ view_end ] --START--
INFO: ShowPageTrace Behavior ::run [ RunTime:0.000330s ]
INFO: [ view_end ] --END-- [ RunTime:0.000373s ]

[ 2015-01-14T13:22:04+08:00 ] 182.99.135.109 /dnspodt/index.php?m=User&a=index
INFO: [ app_begin ] --START--
INFO: ReadHtmlCache Behavior ::run [ RunTime:0.000272s ]
INFO: [ app_begin ] --END-- [ RunTime:0.000326s ]
SQL: SHOW COLUMNS FROM `cj_user` [ RunTime:0.000414s ]
SQL: SELECT * FROM `cj_user` WHERE ( id='2' and password='1dd8ddf4884eaa3550955ae417db3c95' ) LIMIT 1   [ RunTime:0.000219s ]
SQL: SHOW COLUMNS FROM `cj_record` [ RunTime:0.000381s ]
SQL: SELECT * FROM `cj_record` WHERE ( userid= '2' )  [ RunTime:0.000167s ]
INFO: [ view_parse ] --START--
NOTIC: [8] Undefined variable: list /home/ftp/n/nkstu/wwwroot/dnspodt/home/Runtime/Cache/f65073c0e13ea5286191c0737e5ffd8c.php 第 8 行.
INFO: ParseTemplate Behavior ::run [ RunTime:0.004930s ]
INFO: [ view_parse ] --END-- [ RunTime:0.004977s ]
INFO: [ view_filter ] --START--
INFO: ContentReplace Behavior ::run [ RunTime:0.000170s ]
INFO: TokenBuild Behavior ::run [ RunTime:0.000180s ]
INFO: WriteHtmlCache Behavior ::run [ RunTime:0.000119s ]
INFO: ShowRuntime Behavior ::run [ RunTime:0.000274s ]
INFO: [ view_filter ] --END-- [ RunTime:0.000865s ]
INFO: [ view_end ] --START--
INFO: ShowPageTrace Behavior ::run [ RunTime:0.000340s ]
INFO: [ view_end ] --END-- [ RunTime:0.000380s ]

[ 2015-01-14T13:23:18+08:00 ] 182.99.135.109 /dnspodt/index.php?m=User&a=index
INFO: [ app_begin ] --START--
INFO: ReadHtmlCache Behavior ::run [ RunTime:0.000291s ]
INFO: [ app_begin ] --END-- [ RunTime:0.000344s ]
SQL: SHOW COLUMNS FROM `cj_user` [ RunTime:0.000563s ]
SQL: SELECT * FROM `cj_user` WHERE ( id='2' and password='1dd8ddf4884eaa3550955ae417db3c95' ) LIMIT 1   [ RunTime:0.000283s ]
SQL: SHOW COLUMNS FROM `cj_record` [ RunTime:0.000442s ]
SQL: SELECT * FROM `cj_record` WHERE ( userid= '2' )  [ RunTime:0.000224s ]
INFO: [ view_parse ] --START--
NOTIC: [8] Undefined variable: list /home/ftp/n/nkstu/wwwroot/dnspodt/home/Runtime/Cache/f65073c0e13ea5286191c0737e5ffd8c.php 第 8 行.
INFO: ParseTemplate Behavior ::run [ RunTime:0.005933s ]
INFO: [ view_parse ] --END-- [ RunTime:0.005988s ]
INFO: [ view_filter ] --START--
INFO: ContentReplace Behavior ::run [ RunTime:0.000172s ]
INFO: TokenBuild Behavior ::run [ RunTime:0.000183s ]
INFO: WriteHtmlCache Behavior ::run [ RunTime:0.000122s ]
INFO: ShowRuntime Behavior ::run [ RunTime:0.000260s ]
INFO: [ view_filter ] --END-- [ RunTime:0.000858s ]
INFO: [ view_end ] --START--
INFO: ShowPageTrace Behavior ::run [ RunTime:0.000313s ]
INFO: [ view_end ] --END-- [ RunTime:0.000365s ]

[ 2015-01-14T13:23:51+08:00 ] 182.99.135.109 /dnspodt/index.php?m=User&a=index
INFO: [ app_begin ] --START--
INFO: ReadHtmlCache Behavior ::run [ RunTime:0.000274s ]
INFO: [ app_begin ] --END-- [ RunTime:0.000327s ]
SQL: SHOW COLUMNS FROM `cj_user` [ RunTime:0.000402s ]
SQL: SELECT * FROM `cj_user` WHERE ( id='2' and password='1dd8ddf4884eaa3550955ae417db3c95' ) LIMIT 1   [ RunTime:0.000221s ]
SQL: SHOW COLUMNS FROM `cj_record` [ RunTime:0.000312s ]
SQL: SELECT * FROM `cj_record` WHERE ( userid= '2' )  [ RunTime:0.000157s ]
INFO: [ view_parse ] --START--
INFO: ParseTemplate Behavior ::run [ RunTime:0.004733s ]
INFO: [ view_parse ] --END-- [ RunTime:0.004779s ]
INFO: [ view_filter ] --START--
INFO: ContentReplace Behavior ::run [ RunTime:0.000173s ]
INFO: TokenBuild Behavior ::run [ RunTime:0.000181s ]
INFO: WriteHtmlCache Behavior ::run [ RunTime:0.000119s ]
INFO: ShowRuntime Behavior ::run [ RunTime:0.000229s ]
INFO: [ view_filter ] --END-- [ RunTime:0.000820s ]
INFO: [ view_end ] --START--
INFO: ShowPageTrace Behavior ::run [ RunTime:0.000325s ]
INFO: [ view_end ] --END-- [ RunTime:0.000368s ]

[ 2015-01-14T13:23:54+08:00 ] 182.99.135.109 /dnspodt/index.php?m=User&a=index
INFO: [ app_begin ] --START--
INFO: ReadHtmlCache Behavior ::run [ RunTime:0.000428s ]
INFO: [ app_begin ] --END-- [ RunTime:0.000492s ]
SQL: SHOW COLUMNS FROM `cj_user` [ RunTime:0.000555s ]
SQL: SELECT * FROM `cj_user` WHERE ( id='2' and password='1dd8ddf4884eaa3550955ae417db3c95' ) LIMIT 1   [ RunTime:0.000304s ]
SQL: SHOW COLUMNS FROM `cj_record` [ RunTime:0.000354s ]
SQL: SELECT * FROM `cj_record` WHERE ( userid= '2' )  [ RunTime:0.000199s ]
INFO: [ view_parse ] --START--
INFO: ParseTemplate Behavior ::run [ RunTime:0.005025s ]
INFO: [ view_parse ] --END-- [ RunTime:0.005080s ]
INFO: [ view_filter ] --START--
INFO: ContentReplace Behavior ::run [ RunTime:0.000177s ]
INFO: TokenBuild Behavior ::run [ RunTime:0.000184s ]
INFO: WriteHtmlCache Behavior ::run [ RunTime:0.000123s ]
INFO: ShowRuntime Behavior ::run [ RunTime:0.000256s ]
INFO: [ view_filter ] --END-- [ RunTime:0.000860s ]
INFO: [ view_end ] --START--
INFO: ShowPageTrace Behavior ::run [ RunTime:0.000327s ]
INFO: [ view_end ] --END-- [ RunTime:0.000377s ]

[ 2015-01-14T13:31:33+08:00 ] 182.99.135.109 /dnspodt/index.php?m=User&a=index
INFO: [ app_begin ] --START--
INFO: ReadHtmlCache Behavior ::run [ RunTime:0.000342s ]
INFO: [ app_begin ] --END-- [ RunTime:0.000402s ]
SQL: SHOW COLUMNS FROM `cj_user` [ RunTime:0.000532s ]
SQL: SELECT * FROM `cj_user` WHERE ( id='2' and password='1dd8ddf4884eaa3550955ae417db3c95' ) LIMIT 1   [ RunTime:0.000241s ]
SQL: SHOW COLUMNS FROM `cj_record` [ RunTime:0.000402s ]
SQL: SELECT * FROM `cj_record` WHERE ( userid= '2' )  [ RunTime:0.000163s ]
INFO: [ view_parse ] --START--
INFO: ParseTemplate Behavior ::run [ RunTime:0.005371s ]
INFO: [ view_parse ] --END-- [ RunTime:0.005439s ]
INFO: [ view_filter ] --START--
INFO: ContentReplace Behavior ::run [ RunTime:0.000179s ]
INFO: TokenBuild Behavior ::run [ RunTime:0.000211s ]
INFO: WriteHtmlCache Behavior ::run [ RunTime:0.000126s ]
INFO: ShowRuntime Behavior ::run [ RunTime:0.000239s ]
INFO: [ view_filter ] --END-- [ RunTime:0.000877s ]
INFO: [ view_end ] --START--
INFO: ShowPageTrace Behavior ::run [ RunTime:0.000343s ]
INFO: [ view_end ] --END-- [ RunTime:0.000390s ]

[ 2015-01-14T13:31:38+08:00 ] 182.99.135.109 /dnspodt/index.php?m=User&a=logoff
INFO: [ app_begin ] --START--
INFO: ReadHtmlCache Behavior ::run [ RunTime:0.000282s ]
INFO: [ app_begin ] --END-- [ RunTime:0.000336s ]

[ 2015-01-14T13:31:39+08:00 ] 182.99.135.109 /dnspodt/index.php?m=Index&a=index
INFO: [ app_begin ] --START--
INFO: ReadHtmlCache Behavior ::run [ RunTime:0.000283s ]
INFO: [ app_begin ] --END-- [ RunTime:0.000340s ]
SQL: SHOW COLUMNS FROM `cj_user` [ RunTime:0.000506s ]
SQL: SELECT * FROM `cj_user` WHERE ( id='' and password='' ) LIMIT 1   [ RunTime:0.000213s ]

[ 2015-01-14T13:31:39+08:00 ] 182.99.135.109 /dnspodt/index.php?m=Login&a=index
INFO: [ app_begin ] --START--
INFO: ReadHtmlCache Behavior ::run [ RunTime:0.000281s ]
INFO: [ app_begin ] --END-- [ RunTime:0.000335s ]
INFO: [ view_parse ] --START--
INFO: ParseTemplate Behavior ::run [ RunTime:0.004179s ]
INFO: [ view_parse ] --END-- [ RunTime:0.004224s ]
INFO: [ view_filter ] --START--
INFO: ContentReplace Behavior ::run [ RunTime:0.000168s ]
INFO: TokenBuild Behavior ::run [ RunTime:0.000192s ]
INFO: WriteHtmlCache Behavior ::run [ RunTime:0.000125s ]
INFO: ShowRuntime Behavior ::run [ RunTime:0.000230s ]
INFO: [ view_filter ] --END-- [ RunTime:0.000832s ]
INFO: [ view_end ] --START--
INFO: ShowPageTrace Behavior ::run [ RunTime:0.000312s ]
INFO: [ view_end ] --END-- [ RunTime:0.000353s ]

[ 2015-01-14T13:31:39+08:00 ] 182.99.135.109 /dnspodt/index.php?m=Public&a=verify
INFO: [ app_begin ] --START--
INFO: ReadHtmlCache Behavior ::run [ RunTime:0.000319s ]
INFO: [ app_begin ] --END-- [ RunTime:0.000390s ]

[ 2015-01-14T13:31:46+08:00 ] 182.99.135.109 /dnspodt/index.php?m=Login&a=logining
INFO: [ app_begin ] --START--
INFO: ReadHtmlCache Behavior ::run [ RunTime:0.000273s ]
INFO: [ app_begin ] --END-- [ RunTime:0.000326s ]
SQL: SHOW COLUMNS FROM `cj_user` [ RunTime:0.000401s ]
SQL: SELECT * FROM `cj_user` WHERE ( `name`='myzly' and  `password` = '1dd8ddf4884eaa3550955ae417db3c95' ) LIMIT 1   [ RunTime:0.000213s ]
SQL: UPDATE `cj_user` SET `name`='myzly',`password`='1dd8ddf4884eaa3550955ae417db3c95',`email`='852776153@qq.com',`create_time`=1421212228,`login_time`=1421213506 WHERE ( `id` = 2 ) [ RunTime:0.000143s ]
INFO: [ view_parse ] --START--
INFO: ParseTemplate Behavior ::run [ RunTime:0.004289s ]
INFO: [ view_parse ] --END-- [ RunTime:0.004336s ]
INFO: [ view_filter ] --START--
INFO: ContentReplace Behavior ::run [ RunTime:0.000178s ]
INFO: TokenBuild Behavior ::run [ RunTime:0.000183s ]
INFO: WriteHtmlCache Behavior ::run [ RunTime:0.000120s ]
INFO: ShowRuntime Behavior ::run [ RunTime:0.000225s ]
INFO: [ view_filter ] --END-- [ RunTime:0.000821s ]
INFO: [ view_end ] --START--
INFO: ShowPageTrace Behavior ::run [ RunTime:0.000344s ]
INFO: [ view_end ] --END-- [ RunTime:0.000386s ]

[ 2015-01-14T13:31:48+08:00 ] 182.99.135.109 /dnspodt/index.php?m=Index&a=index
INFO: [ app_begin ] --START--
INFO: ReadHtmlCache Behavior ::run [ RunTime:0.000275s ]
INFO: [ app_begin ] --END-- [ RunTime:0.000329s ]
SQL: SHOW COLUMNS FROM `cj_user` [ RunTime:0.000430s ]
SQL: SELECT * FROM `cj_user` WHERE ( id='2' and password='1dd8ddf4884eaa3550955ae417db3c95' ) LIMIT 1   [ RunTime:0.000225s ]

[ 2015-01-14T13:31:50+08:00 ] 182.99.135.109 /dnspodt/index.php?m=User&a=index
INFO: [ app_begin ] --START--
INFO: ReadHtmlCache Behavior ::run [ RunTime:0.000275s ]
INFO: [ app_begin ] --END-- [ RunTime:0.000330s ]
SQL: SHOW COLUMNS FROM `cj_user` [ RunTime:0.000429s ]
SQL: SELECT * FROM `cj_user` WHERE ( id='2' and password='1dd8ddf4884eaa3550955ae417db3c95' ) LIMIT 1   [ RunTime:0.000223s ]
SQL: SHOW COLUMNS FROM `cj_record` [ RunTime:0.000316s ]
SQL: SELECT * FROM `cj_record` WHERE ( userid= '2' )  [ RunTime:0.000164s ]
INFO: [ view_parse ] --START--
INFO: ParseTemplate Behavior ::run [ RunTime:0.005360s ]
INFO: [ view_parse ] --END-- [ RunTime:0.005435s ]
INFO: [ view_filter ] --START--
INFO: ContentReplace Behavior ::run [ RunTime:0.000191s ]
INFO: TokenBuild Behavior ::run [ RunTime:0.000233s ]
INFO: WriteHtmlCache Behavior ::run [ RunTime:0.000142s ]
INFO: ShowRuntime Behavior ::run [ RunTime:0.000300s ]
INFO: [ view_filter ] --END-- [ RunTime:0.001000s ]
INFO: [ view_end ] --START--
INFO: ShowPageTrace Behavior ::run [ RunTime:0.000352s ]
INFO: [ view_end ] --END-- [ RunTime:0.000404s ]

[ 2015-01-14T13:32:11+08:00 ] 182.99.135.109 /dnspodt/index.php?m=User&a=index
INFO: [ app_begin ] --START--
INFO: ReadHtmlCache Behavior ::run [ RunTime:0.000284s ]
INFO: [ app_begin ] --END-- [ RunTime:0.000348s ]
SQL: SHOW COLUMNS FROM `cj_user` [ RunTime:0.000413s ]
SQL: SELECT * FROM `cj_user` WHERE ( id='2' and password='1dd8ddf4884eaa3550955ae417db3c95' ) LIMIT 1   [ RunTime:0.000241s ]
SQL: SHOW COLUMNS FROM `cj_record` [ RunTime:0.000336s ]
SQL: SELECT * FROM `cj_record` WHERE ( userid= '2' )  [ RunTime:0.000174s ]
INFO: [ view_parse ] --START--
INFO: ParseTemplate Behavior ::run [ RunTime:0.005406s ]
INFO: [ view_parse ] --END-- [ RunTime:0.005457s ]
INFO: [ view_filter ] --START--
INFO: ContentReplace Behavior ::run [ RunTime:0.000173s ]
INFO: TokenBuild Behavior ::run [ RunTime:0.000205s ]
INFO: WriteHtmlCache Behavior ::run [ RunTime:0.000122s ]
INFO: ShowRuntime Behavior ::run [ RunTime:0.000234s ]
INFO: [ view_filter ] --END-- [ RunTime:0.000863s ]
INFO: [ view_end ] --START--
INFO: ShowPageTrace Behavior ::run [ RunTime:0.000316s ]
INFO: [ view_end ] --END-- [ RunTime:0.000357s ]

[ 2015-01-14T23:23:21+08:00 ] 182.99.135.109 /dnspodt/?m=Reg
INFO: [ app_begin ] --START--
INFO: ReadHtmlCache Behavior ::run [ RunTime:0.000392s ]
INFO: [ app_begin ] --END-- [ RunTime:0.000466s ]
INFO: [ view_parse ] --START--
INFO: ParseTemplate Behavior ::run [ RunTime:0.006171s ]
INFO: [ view_parse ] --END-- [ RunTime:0.006232s ]
INFO: [ view_filter ] --START--
INFO: ContentReplace Behavior ::run [ RunTime:0.000230s ]
INFO: TokenBuild Behavior ::run [ RunTime:0.000236s ]
INFO: WriteHtmlCache Behavior ::run [ RunTime:0.000152s ]
INFO: ShowRuntime Behavior ::run [ RunTime:0.000411s ]
INFO: [ view_filter ] --END-- [ RunTime:0.001185s ]
INFO: [ view_end ] --START--
INFO: ShowPageTrace Behavior ::run [ RunTime:0.000482s ]
INFO: [ view_end ] --END-- [ RunTime:0.000546s ]

[ 2015-01-14T23:23:22+08:00 ] 182.99.135.109 /dnspodt/index.php?m=Public&a=verify
INFO: [ app_begin ] --START--
INFO: ReadHtmlCache Behavior ::run [ RunTime:0.000275s ]
INFO: [ app_begin ] --END-- [ RunTime:0.000330s ]
NOTIC: [8] Undefined index: dns /home/ftp/n/nkstu/wwwroot/dnspodt/ThinkPHP/Common/functions.php 第 617 行.

[ 2015-01-14T23:23:23+08:00 ] 182.99.135.109 /dnspodt/index.php?m=Login&a=index
INFO: [ app_begin ] --START--
INFO: ReadHtmlCache Behavior ::run [ RunTime:0.000282s ]
INFO: [ app_begin ] --END-- [ RunTime:0.000347s ]
INFO: [ view_parse ] --START--
INFO: ParseTemplate Behavior ::run [ RunTime:0.004227s ]
INFO: [ view_parse ] --END-- [ RunTime:0.004273s ]
INFO: [ view_filter ] --START--
INFO: ContentReplace Behavior ::run [ RunTime:0.000171s ]
INFO: TokenBuild Behavior ::run [ RunTime:0.000186s ]
INFO: WriteHtmlCache Behavior ::run [ RunTime:0.000123s ]
INFO: ShowRuntime Behavior ::run [ RunTime:0.000250s ]
INFO: [ view_filter ] --END-- [ RunTime:0.000850s ]
INFO: [ view_end ] --START--
INFO: ShowPageTrace Behavior ::run [ RunTime:0.000333s ]
INFO: [ view_end ] --END-- [ RunTime:0.000377s ]

[ 2015-01-14T23:23:24+08:00 ] 182.99.135.109 /dnspodt/index.php?m=Public&a=verify
INFO: [ app_begin ] --START--
INFO: ReadHtmlCache Behavior ::run [ RunTime:0.000284s ]
INFO: [ app_begin ] --END-- [ RunTime:0.000340s ]

[ 2015-01-14T23:23:31+08:00 ] 182.99.135.109 /dnspodt/index.php?m=Login&a=logining
INFO: [ app_begin ] --START--
INFO: ReadHtmlCache Behavior ::run [ RunTime:0.000278s ]
INFO: [ app_begin ] --END-- [ RunTime:0.000341s ]
SQL: SHOW COLUMNS FROM `cj_user` [ RunTime:0.000545s ]
SQL: SELECT * FROM `cj_user` WHERE ( `name`='myzly' and  `password` = '1dd8ddf4884eaa3550955ae417db3c95' ) LIMIT 1   [ RunTime:0.000206s ]
SQL: UPDATE `cj_user` SET `name`='myzly',`password`='1dd8ddf4884eaa3550955ae417db3c95',`email`='852776153@qq.com',`create_time`=1421212228,`login_time`=1421249011 WHERE ( `id` = 2 ) [ RunTime:0.000148s ]
INFO: [ view_parse ] --START--
INFO: ParseTemplate Behavior ::run [ RunTime:0.004851s ]
INFO: [ view_parse ] --END-- [ RunTime:0.004907s ]
INFO: [ view_filter ] --START--
INFO: ContentReplace Behavior ::run [ RunTime:0.000180s ]
INFO: TokenBuild Behavior ::run [ RunTime:0.000202s ]
INFO: WriteHtmlCache Behavior ::run [ RunTime:0.000124s ]
INFO: ShowRuntime Behavior ::run [ RunTime:0.000278s ]
INFO: [ view_filter ] --END-- [ RunTime:0.000915s ]
INFO: [ view_end ] --START--
INFO: ShowPageTrace Behavior ::run [ RunTime:0.000327s ]
INFO: [ view_end ] --END-- [ RunTime:0.000372s ]

[ 2015-01-14T23:23:32+08:00 ] 182.99.135.109 /dnspodt/index.php?m=Index&a=index
INFO: [ app_begin ] --START--
INFO: ReadHtmlCache Behavior ::run [ RunTime:0.000296s ]
INFO: [ app_begin ] --END-- [ RunTime:0.000351s ]
SQL: SHOW COLUMNS FROM `cj_user` [ RunTime:0.000429s ]
SQL: SELECT * FROM `cj_user` WHERE ( id='2' and password='1dd8ddf4884eaa3550955ae417db3c95' ) LIMIT 1   [ RunTime:0.000238s ]

[ 2015-01-14T23:23:33+08:00 ] 182.99.135.109 /dnspodt/index.php?m=User&a=index
INFO: [ app_begin ] --START--
INFO: ReadHtmlCache Behavior ::run [ RunTime:0.000302s ]
INFO: [ app_begin ] --END-- [ RunTime:0.000371s ]
SQL: SHOW COLUMNS FROM `cj_user` [ RunTime:0.000411s ]
SQL: SELECT * FROM `cj_user` WHERE ( id='2' and password='1dd8ddf4884eaa3550955ae417db3c95' ) LIMIT 1   [ RunTime:0.000231s ]
SQL: SHOW COLUMNS FROM `cj_record` [ RunTime:0.000419s ]
SQL: SELECT * FROM `cj_record` WHERE ( userid= '2' )  [ RunTime:0.000153s ]
INFO: [ view_parse ] --START--
INFO: ParseTemplate Behavior ::run [ RunTime:0.005399s ]
INFO: [ view_parse ] --END-- [ RunTime:0.005459s ]
INFO: [ view_filter ] --START--
INFO: ContentReplace Behavior ::run [ RunTime:0.000176s ]
INFO: TokenBuild Behavior ::run [ RunTime:0.000208s ]
INFO: WriteHtmlCache Behavior ::run [ RunTime:0.000120s ]
INFO: ShowRuntime Behavior ::run [ RunTime:0.000232s ]
INFO: [ view_filter ] --END-- [ RunTime:0.000865s ]
INFO: [ view_end ] --START--
INFO: ShowPageTrace Behavior ::run [ RunTime:0.000352s ]
INFO: [ view_end ] --END-- [ RunTime:0.000396s ]

[ 2015-01-14T23:23:34+08:00 ] 182.99.135.109 /dnspodt/index.php?m=Record&a=add
INFO: [ app_begin ] --START--
INFO: ReadHtmlCache Behavior ::run [ RunTime:0.000278s ]
INFO: [ app_begin ] --END-- [ RunTime:0.000332s ]
SQL: SHOW COLUMNS FROM `cj_admin` [ RunTime:0.000328s ]
ERR: 1146:Table 'nkstu.cj_admin' doesn't exist
 [ SQL语句 ] : SHOW COLUMNS FROM `cj_admin`
ERR: Model:getConf您所请求的方法不存在！

[ 2015-01-14T23:24:00+08:00 ] 182.99.135.109 /dnspodt/index.php?m=Record&a=add
INFO: [ app_begin ] --START--
INFO: ReadHtmlCache Behavior ::run [ RunTime:0.000276s ]
INFO: [ app_begin ] --END-- [ RunTime:0.000329s ]
INFO: [ view_parse ] --START--
NOTIC: [8] Undefined variable: tittle /home/ftp/n/nkstu/wwwroot/dnspodt/home/Runtime/Cache/eae47c5c3f2ffde5faa5f1b4d7d02785.php 第 2 行.
NOTIC: [8] Undefined variable: conf_frist_domain /home/ftp/n/nkstu/wwwroot/dnspodt/home/Runtime/Cache/eae47c5c3f2ffde5faa5f1b4d7d02785.php 第 7 行.
INFO: ParseTemplate Behavior ::run [ RunTime:0.004640s ]
INFO: [ view_parse ] --END-- [ RunTime:0.004689s ]
INFO: [ view_filter ] --START--
INFO: ContentReplace Behavior ::run [ RunTime:0.000185s ]
INFO: TokenBuild Behavior ::run [ RunTime:0.000199s ]
INFO: WriteHtmlCache Behavior ::run [ RunTime:0.000126s ]
INFO: ShowRuntime Behavior ::run [ RunTime:0.000229s ]
INFO: [ view_filter ] --END-- [ RunTime:0.000857s ]
INFO: [ view_end ] --START--
INFO: ShowPageTrace Behavior ::run [ RunTime:0.000329s ]
INFO: [ view_end ] --END-- [ RunTime:0.000371s ]

[ 2015-01-14T23:24:40+08:00 ] 182.99.135.109 /dnspodt/index.php?m=Record&a=add
INFO: [ app_begin ] --START--
INFO: ReadHtmlCache Behavior ::run [ RunTime:0.000278s ]
INFO: [ app_begin ] --END-- [ RunTime:0.000336s ]
INFO: [ view_parse ] --START--
NOTIC: [8] Undefined variable: conf_frist_domain /home/ftp/n/nkstu/wwwroot/dnspodt/home/Runtime/Cache/eae47c5c3f2ffde5faa5f1b4d7d02785.php 第 7 行.
INFO: ParseTemplate Behavior ::run [ RunTime:0.004576s ]
INFO: [ view_parse ] --END-- [ RunTime:0.004618s ]
INFO: [ view_filter ] --START--
INFO: ContentReplace Behavior ::run [ RunTime:0.000167s ]
INFO: TokenBuild Behavior ::run [ RunTime:0.000183s ]
INFO: WriteHtmlCache Behavior ::run [ RunTime:0.000121s ]
INFO: ShowRuntime Behavior ::run [ RunTime:0.000227s ]
INFO: [ view_filter ] --END-- [ RunTime:0.000836s ]
INFO: [ view_end ] --START--
INFO: ShowPageTrace Behavior ::run [ RunTime:0.000340s ]
INFO: [ view_end ] --END-- [ RunTime:0.000381s ]

