[ 2015-01-07T12:38:43+08:00 ] 111.78.20.175 /dnspodt/
INFO: [ app_begin ] --START--
INFO: ReadHtmlCache Behavior ::run [ RunTime:0.000357s ]
INFO: [ app_begin ] --END-- [ RunTime:0.000454s ]

[ 2015-01-07T23:47:21+08:00 ] 111.78.20.175 /dnspodt/?a=Reg
INFO: [ app_begin ] --START--
INFO: ReadHtmlCache Behavior ::run [ RunTime:0.000532s ]
INFO: [ app_begin ] --END-- [ RunTime:0.000694s ]
ERR: 非法操作:Reg

[ 2015-01-07T23:47:28+08:00 ] 111.78.20.175 /dnspodt/?m=Reg
INFO: [ app_begin ] --START--
INFO: ReadHtmlCache Behavior ::run [ RunTime:0.000326s ]
INFO: [ app_begin ] --END-- [ RunTime:0.000389s ]
INFO: [ view_parse ] --START--
NOTIC: [8] Undefined variable: tittle /home/ftp/n/nkstu/wwwroot/dnspodt/home/Runtime/Cache/37cb4fef4403a13e95c9b46bed8eaa30.php 第 2 行.
INFO: ParseTemplate Behavior ::run [ RunTime:0.006000s ]
INFO: [ view_parse ] --END-- [ RunTime:0.006052s ]
INFO: [ view_filter ] --START--
INFO: ContentReplace Behavior ::run [ RunTime:0.000389s ]
INFO: TokenBuild Behavior ::run [ RunTime:0.000392s ]
INFO: WriteHtmlCache Behavior ::run [ RunTime:0.000282s ]
INFO: ShowRuntime Behavior ::run [ RunTime:0.000428s ]
INFO: [ view_filter ] --END-- [ RunTime:0.001617s ]
INFO: [ view_end ] --START--
INFO: ShowPageTrace Behavior ::run [ RunTime:0.000622s ]
INFO: [ view_end ] --END-- [ RunTime:0.000665s ]

[ 2015-01-07T23:47:28+08:00 ] 111.78.20.175 /dnspodt/index.php?m=Public&a=varity
INFO: [ app_begin ] --START--
INFO: ReadHtmlCache Behavior ::run [ RunTime:0.000327s ]
INFO: [ app_begin ] --END-- [ RunTime:0.000389s ]
ERR: 非法操作:varity

[ 2015-01-07T23:48:32+08:00 ] 111.78.20.175 /dnspodt/?m=Reg
INFO: [ app_begin ] --START--
INFO: ReadHtmlCache Behavior ::run [ RunTime:0.000303s ]
INFO: [ app_begin ] --END-- [ RunTime:0.000362s ]
INFO: [ view_parse ] --START--
NOTIC: [8] Undefined variable: tittle /home/ftp/n/nkstu/wwwroot/dnspodt/home/Runtime/Cache/37cb4fef4403a13e95c9b46bed8eaa30.php 第 2 行.
INFO: ParseTemplate Behavior ::run [ RunTime:0.004355s ]
INFO: [ view_parse ] --END-- [ RunTime:0.004405s ]
INFO: [ view_filter ] --START--
INFO: ContentReplace Behavior ::run [ RunTime:0.000189s ]
INFO: TokenBuild Behavior ::run [ RunTime:0.000184s ]
INFO: WriteHtmlCache Behavior ::run [ RunTime:0.000124s ]
INFO: ShowRuntime Behavior ::run [ RunTime:0.000230s ]
INFO: [ view_filter ] --END-- [ RunTime:0.000852s ]
INFO: [ view_end ] --START--
INFO: ShowPageTrace Behavior ::run [ RunTime:0.000356s ]
INFO: [ view_end ] --END-- [ RunTime:0.000399s ]

[ 2015-01-07T23:48:32+08:00 ] 111.78.20.175 /dnspodt/index.php?m=Public&a=varity
INFO: [ app_begin ] --START--
INFO: ReadHtmlCache Behavior ::run [ RunTime:0.000293s ]
INFO: [ app_begin ] --END-- [ RunTime:0.000352s ]
ERR: 非法操作:varity

[ 2015-01-07T23:50:02+08:00 ] 111.78.20.175 /dnspodt/?m=Public&a=varity
INFO: [ app_begin ] --START--
INFO: ReadHtmlCache Behavior ::run [ RunTime:0.000297s ]
INFO: [ app_begin ] --END-- [ RunTime:0.000357s ]
ERR: 非法操作:varity

[ 2015-01-07T23:50:47+08:00 ] 111.78.20.175 /dnspodt/?m=Public&a=varity
INFO: [ app_begin ] --START--
INFO: ReadHtmlCache Behavior ::run [ RunTime:0.000397s ]
INFO: [ app_begin ] --END-- [ RunTime:0.000458s ]
ERR: 非法操作:varity

[ 2015-01-07T23:50:54+08:00 ] 111.78.20.175 /dnspodt/?m=Public&a=varify
INFO: [ app_begin ] --START--
INFO: ReadHtmlCache Behavior ::run [ RunTime:0.000310s ]
INFO: [ app_begin ] --END-- [ RunTime:0.000369s ]
ERR: 非法操作:varify

[ 2015-01-07T23:51:20+08:00 ] 111.78.20.175 /dnspodt/?m=Public&a=verify
INFO: [ app_begin ] --START--
INFO: ReadHtmlCache Behavior ::run [ RunTime:0.000315s ]
INFO: [ app_begin ] --END-- [ RunTime:0.000392s ]

[ 2015-01-07T23:51:27+08:00 ] 111.78.20.175 /dnspodt/?m=Reg
INFO: [ app_begin ] --START--
INFO: ReadHtmlCache Behavior ::run [ RunTime:0.000296s ]
INFO: [ app_begin ] --END-- [ RunTime:0.000356s ]
INFO: [ view_parse ] --START--
NOTIC: [8] Undefined variable: tittle /home/ftp/n/nkstu/wwwroot/dnspodt/home/Runtime/Cache/37cb4fef4403a13e95c9b46bed8eaa30.php 第 2 行.
INFO: ParseTemplate Behavior ::run [ RunTime:0.004405s ]
INFO: [ view_parse ] --END-- [ RunTime:0.004453s ]
INFO: [ view_filter ] --START--
INFO: ContentReplace Behavior ::run [ RunTime:0.000180s ]
INFO: TokenBuild Behavior ::run [ RunTime:0.000189s ]
INFO: WriteHtmlCache Behavior ::run [ RunTime:0.000129s ]
INFO: ShowRuntime Behavior ::run [ RunTime:0.000246s ]
INFO: [ view_filter ] --END-- [ RunTime:0.000877s ]
INFO: [ view_end ] --START--
INFO: ShowPageTrace Behavior ::run [ RunTime:0.000341s ]
INFO: [ view_end ] --END-- [ RunTime:0.000385s ]

[ 2015-01-07T23:51:27+08:00 ] 111.78.20.175 /dnspodt/index.php?m=Public&a=verify
INFO: [ app_begin ] --START--
INFO: ReadHtmlCache Behavior ::run [ RunTime:0.000293s ]
INFO: [ app_begin ] --END-- [ RunTime:0.000353s ]

