[ 2015-01-11T14:02:11+08:00 ] 115.150.35.76 /dnspodt/?m=Reg
INFO: [ app_begin ] --START--
INFO: ReadHtmlCache Behavior ::run [ RunTime:0.000360s ]
INFO: [ app_begin ] --END-- [ RunTime:0.000433s ]
INFO: [ view_parse ] --START--
INFO: ParseTemplate Behavior ::run [ RunTime:0.004938s ]
INFO: [ view_parse ] --END-- [ RunTime:0.005007s ]
INFO: [ view_filter ] --START--
INFO: ContentReplace Behavior ::run [ RunTime:0.000214s ]
INFO: TokenBuild Behavior ::run [ RunTime:0.000217s ]
INFO: WriteHtmlCache Behavior ::run [ RunTime:0.000137s ]
INFO: ShowRuntime Behavior ::run [ RunTime:0.000249s ]
INFO: [ view_filter ] --END-- [ RunTime:0.000945s ]
INFO: [ view_end ] --START--
INFO: ShowPageTrace Behavior ::run [ RunTime:0.000358s ]
INFO: [ view_end ] --END-- [ RunTime:0.000402s ]

[ 2015-01-11T14:02:15+08:00 ] 115.150.35.76 /dnspodt/index.php?m=Public&a=verify
INFO: [ app_begin ] --START--
INFO: ReadHtmlCache Behavior ::run [ RunTime:0.000301s ]
INFO: [ app_begin ] --END-- [ RunTime:0.000368s ]
NOTIC: [8] Undefined index: dns /home/ftp/n/nkstu/wwwroot/dnspodt/ThinkPHP/Common/functions.php 第 617 行.

[ 2015-01-11T14:02:16+08:00 ] 115.150.35.76 /dnspodt/index.php?m=Login&a=index
INFO: [ app_begin ] --START--
INFO: ReadHtmlCache Behavior ::run [ RunTime:0.000305s ]
INFO: [ app_begin ] --END-- [ RunTime:0.000369s ]
INFO: [ view_parse ] --START--
INFO: ParseTemplate Behavior ::run [ RunTime:0.004464s ]
INFO: [ view_parse ] --END-- [ RunTime:0.004524s ]
INFO: [ view_filter ] --START--
INFO: ContentReplace Behavior ::run [ RunTime:0.000186s ]
INFO: TokenBuild Behavior ::run [ RunTime:0.000189s ]
INFO: WriteHtmlCache Behavior ::run [ RunTime:0.000126s ]
INFO: ShowRuntime Behavior ::run [ RunTime:0.000232s ]
INFO: [ view_filter ] --END-- [ RunTime:0.000861s ]
INFO: [ view_end ] --START--
INFO: ShowPageTrace Behavior ::run [ RunTime:0.000363s ]
INFO: [ view_end ] --END-- [ RunTime:0.000406s ]

[ 2015-01-11T14:02:17+08:00 ] 115.150.35.76 /dnspodt/index.php?m=Public&a=verify
INFO: [ app_begin ] --START--
INFO: ReadHtmlCache Behavior ::run [ RunTime:0.000296s ]
INFO: [ app_begin ] --END-- [ RunTime:0.000356s ]

[ 2015-01-11T14:02:22+08:00 ] 115.150.35.76 /dnspodt/index.php?m=Login&a=logining
INFO: [ app_begin ] --START--
INFO: ReadHtmlCache Behavior ::run [ RunTime:0.000292s ]
INFO: [ app_begin ] --END-- [ RunTime:0.000353s ]
SQL: SHOW COLUMNS FROM `cj_user` [ RunTime:0.000868s ]
SQL: SELECT * FROM `cj_user` WHERE ( `name`='km' and  `password` = '9b05de73d43f8c4ec1110c6bcc5312bc' ) LIMIT 1   [ RunTime:0.000216s ]
SQL: UPDATE `cj_user` SET `name`='km',`password`='9b05de73d43f8c4ec1110c6bcc5312bc',`email`='km@qq.com',`create_time`=1420817972,`login_time`=1420956142 WHERE ( `id` = 1 ) [ RunTime:0.000149s ]
NOTIC: [8] Undefined index: pwd /home/ftp/n/nkstu/wwwroot/dnspodt/home/Lib/Action/LoginAction.class.php 第 13 行.
INFO: [ view_parse ] --START--
NOTIC: [8] Undefined variable: tittle /home/ftp/n/nkstu/wwwroot/dnspodt/home/Runtime/Cache/a59cd7e587ddb6031682b33e60d31b88.php 第 2 行.
INFO: ParseTemplate Behavior ::run [ RunTime:0.004584s ]
INFO: [ view_parse ] --END-- [ RunTime:0.004642s ]
INFO: [ view_filter ] --START--
INFO: ContentReplace Behavior ::run [ RunTime:0.000179s ]
INFO: TokenBuild Behavior ::run [ RunTime:0.000189s ]
INFO: WriteHtmlCache Behavior ::run [ RunTime:0.000125s ]
INFO: ShowRuntime Behavior ::run [ RunTime:0.000250s ]
INFO: [ view_filter ] --END-- [ RunTime:0.000868s ]
INFO: [ view_end ] --START--
INFO: ShowPageTrace Behavior ::run [ RunTime:0.000332s ]
INFO: [ view_end ] --END-- [ RunTime:0.000376s ]

[ 2015-01-11T14:02:30+08:00 ] 115.150.35.76 /dnspodt/index.php?m=Index&a=index
INFO: [ app_begin ] --START--
INFO: ReadHtmlCache Behavior ::run [ RunTime:0.000275s ]
INFO: [ app_begin ] --END-- [ RunTime:0.000329s ]

[ 2015-01-11T14:02:40+08:00 ] 115.150.35.76 /dnspodt/index.php?m=Login&a=index
INFO: [ app_begin ] --START--
INFO: ReadHtmlCache Behavior ::run [ RunTime:0.000351s ]
INFO: [ app_begin ] --END-- [ RunTime:0.000426s ]
INFO: [ view_parse ] --START--
INFO: ParseTemplate Behavior ::run [ RunTime:0.004890s ]
INFO: [ view_parse ] --END-- [ RunTime:0.004955s ]
INFO: [ view_filter ] --START--
INFO: ContentReplace Behavior ::run [ RunTime:0.000193s ]
INFO: TokenBuild Behavior ::run [ RunTime:0.000228s ]
INFO: WriteHtmlCache Behavior ::run [ RunTime:0.000142s ]
INFO: ShowRuntime Behavior ::run [ RunTime:0.000274s ]
INFO: [ view_filter ] --END-- [ RunTime:0.000980s ]
INFO: [ view_end ] --START--
INFO: ShowPageTrace Behavior ::run [ RunTime:0.000391s ]
INFO: [ view_end ] --END-- [ RunTime:0.000435s ]

[ 2015-01-11T14:02:40+08:00 ] 115.150.35.76 /dnspodt/index.php?m=Public&a=verify
INFO: [ app_begin ] --START--
INFO: ReadHtmlCache Behavior ::run [ RunTime:0.000288s ]
INFO: [ app_begin ] --END-- [ RunTime:0.000342s ]

[ 2015-01-11T14:02:47+08:00 ] 115.150.35.76 /dnspodt/index.php?m=Login&a=logining
INFO: [ app_begin ] --START--
INFO: ReadHtmlCache Behavior ::run [ RunTime:0.000329s ]
INFO: [ app_begin ] --END-- [ RunTime:0.000389s ]
SQL: SHOW COLUMNS FROM `cj_user` [ RunTime:0.000455s ]
SQL: SELECT * FROM `cj_user` WHERE ( `name`='km' and  `password` = '9b05de73d43f8c4ec1110c6bcc5312bc' ) LIMIT 1   [ RunTime:0.000223s ]
SQL: UPDATE `cj_user` SET `name`='km',`password`='9b05de73d43f8c4ec1110c6bcc5312bc',`email`='km@qq.com',`create_time`=1420817972,`login_time`=1420956167 WHERE ( `id` = 1 ) [ RunTime:0.000161s ]
NOTIC: [8] Undefined index: pwd /home/ftp/n/nkstu/wwwroot/dnspodt/home/Lib/Action/LoginAction.class.php 第 13 行.
INFO: [ view_parse ] --START--
NOTIC: [8] Undefined variable: tittle /home/ftp/n/nkstu/wwwroot/dnspodt/home/Runtime/Cache/a59cd7e587ddb6031682b33e60d31b88.php 第 2 行.
INFO: ParseTemplate Behavior ::run [ RunTime:0.005241s ]
INFO: [ view_parse ] --END-- [ RunTime:0.005300s ]
INFO: [ view_filter ] --START--
INFO: ContentReplace Behavior ::run [ RunTime:0.000227s ]
INFO: TokenBuild Behavior ::run [ RunTime:0.000214s ]
INFO: WriteHtmlCache Behavior ::run [ RunTime:0.000147s ]
INFO: ShowRuntime Behavior ::run [ RunTime:0.000265s ]
INFO: [ view_filter ] --END-- [ RunTime:0.000998s ]
INFO: [ view_end ] --START--
INFO: ShowPageTrace Behavior ::run [ RunTime:0.000378s ]
INFO: [ view_end ] --END-- [ RunTime:0.000432s ]

[ 2015-01-11T14:04:14+08:00 ] 115.150.35.76 /dnspodt/index.php?m=Login&a=logining
INFO: [ app_begin ] --START--
INFO: ReadHtmlCache Behavior ::run [ RunTime:0.000285s ]
INFO: [ app_begin ] --END-- [ RunTime:0.000340s ]
SQL: SHOW COLUMNS FROM `cj_user` [ RunTime:0.000429s ]
SQL: SELECT * FROM `cj_user` WHERE ( `name`='km' and  `password` = '9b05de73d43f8c4ec1110c6bcc5312bc' ) LIMIT 1   [ RunTime:0.000206s ]
SQL: UPDATE `cj_user` SET `name`='km',`password`='9b05de73d43f8c4ec1110c6bcc5312bc',`email`='km@qq.com',`create_time`=1420817972,`login_time`=1420956254 WHERE ( `id` = 1 ) [ RunTime:0.000150s ]
NOTIC: [8] Undefined index: pwd /home/ftp/n/nkstu/wwwroot/dnspodt/home/Lib/Action/LoginAction.class.php 第 14 行.
INFO: [ view_parse ] --START--
NOTIC: [8] Undefined variable: tittle /home/ftp/n/nkstu/wwwroot/dnspodt/home/Runtime/Cache/a59cd7e587ddb6031682b33e60d31b88.php 第 2 行.
INFO: ParseTemplate Behavior ::run [ RunTime:0.004318s ]
INFO: [ view_parse ] --END-- [ RunTime:0.004365s ]
INFO: [ view_filter ] --START--
INFO: ContentReplace Behavior ::run [ RunTime:0.000169s ]
INFO: TokenBuild Behavior ::run [ RunTime:0.000199s ]
INFO: WriteHtmlCache Behavior ::run [ RunTime:0.000127s ]
INFO: ShowRuntime Behavior ::run [ RunTime:0.000285s ]
INFO: [ view_filter ] --END-- [ RunTime:0.000905s ]
INFO: [ view_end ] --START--
INFO: ShowPageTrace Behavior ::run [ RunTime:0.000308s ]
INFO: [ view_end ] --END-- [ RunTime:0.000347s ]

[ 2015-01-11T14:04:16+08:00 ] 115.150.35.76 /dnspodt/index.php?m=Login&a=logining
INFO: [ app_begin ] --START--
INFO: ReadHtmlCache Behavior ::run [ RunTime:0.000320s ]
INFO: [ app_begin ] --END-- [ RunTime:0.000377s ]
SQL: SHOW COLUMNS FROM `cj_user` [ RunTime:0.000429s ]
SQL: SELECT * FROM `cj_user` WHERE ( `name`='km' and  `password` = '9b05de73d43f8c4ec1110c6bcc5312bc' ) LIMIT 1   [ RunTime:0.000210s ]
SQL: UPDATE `cj_user` SET `name`='km',`password`='9b05de73d43f8c4ec1110c6bcc5312bc',`email`='km@qq.com',`create_time`=1420817972,`login_time`=1420956256 WHERE ( `id` = 1 ) [ RunTime:0.000148s ]
NOTIC: [8] Undefined index: pwd /home/ftp/n/nkstu/wwwroot/dnspodt/home/Lib/Action/LoginAction.class.php 第 14 行.
INFO: [ view_parse ] --START--
NOTIC: [8] Undefined variable: tittle /home/ftp/n/nkstu/wwwroot/dnspodt/home/Runtime/Cache/a59cd7e587ddb6031682b33e60d31b88.php 第 2 行.
INFO: ParseTemplate Behavior ::run [ RunTime:0.004306s ]
INFO: [ view_parse ] --END-- [ RunTime:0.004354s ]
INFO: [ view_filter ] --START--
INFO: ContentReplace Behavior ::run [ RunTime:0.000169s ]
INFO: TokenBuild Behavior ::run [ RunTime:0.000186s ]
INFO: WriteHtmlCache Behavior ::run [ RunTime:0.000127s ]
INFO: ShowRuntime Behavior ::run [ RunTime:0.000235s ]
INFO: [ view_filter ] --END-- [ RunTime:0.000850s ]
INFO: [ view_end ] --START--
INFO: ShowPageTrace Behavior ::run [ RunTime:0.000307s ]
INFO: [ view_end ] --END-- [ RunTime:0.000348s ]

[ 2015-01-11T14:04:18+08:00 ] 115.150.35.76 /dnspodt/index.php?m=Login&a=logining
INFO: [ app_begin ] --START--
INFO: ReadHtmlCache Behavior ::run [ RunTime:0.000275s ]
INFO: [ app_begin ] --END-- [ RunTime:0.000349s ]
SQL: SHOW COLUMNS FROM `cj_user` [ RunTime:0.000403s ]
SQL: SELECT * FROM `cj_user` WHERE ( `name`='km' and  `password` = '9b05de73d43f8c4ec1110c6bcc5312bc' ) LIMIT 1   [ RunTime:0.000226s ]
SQL: UPDATE `cj_user` SET `name`='km',`password`='9b05de73d43f8c4ec1110c6bcc5312bc',`email`='km@qq.com',`create_time`=1420817972,`login_time`=1420956258 WHERE ( `id` = 1 ) [ RunTime:0.000136s ]
NOTIC: [8] Undefined index: pwd /home/ftp/n/nkstu/wwwroot/dnspodt/home/Lib/Action/LoginAction.class.php 第 14 行.
INFO: [ view_parse ] --START--
NOTIC: [8] Undefined variable: tittle /home/ftp/n/nkstu/wwwroot/dnspodt/home/Runtime/Cache/a59cd7e587ddb6031682b33e60d31b88.php 第 2 行.
INFO: ParseTemplate Behavior ::run [ RunTime:0.004323s ]
INFO: [ view_parse ] --END-- [ RunTime:0.004370s ]
INFO: [ view_filter ] --START--
INFO: ContentReplace Behavior ::run [ RunTime:0.000189s ]
INFO: TokenBuild Behavior ::run [ RunTime:0.000186s ]
INFO: WriteHtmlCache Behavior ::run [ RunTime:0.000127s ]
INFO: ShowRuntime Behavior ::run [ RunTime:0.000228s ]
INFO: [ view_filter ] --END-- [ RunTime:0.000848s ]
INFO: [ view_end ] --START--
INFO: ShowPageTrace Behavior ::run [ RunTime:0.000327s ]
INFO: [ view_end ] --END-- [ RunTime:0.000368s ]

[ 2015-01-11T14:04:20+08:00 ] 115.150.35.76 /dnspodt/index.php?m=Login&a=logining
INFO: [ app_begin ] --START--
INFO: ReadHtmlCache Behavior ::run [ RunTime:0.000282s ]
INFO: [ app_begin ] --END-- [ RunTime:0.000336s ]
SQL: SHOW COLUMNS FROM `cj_user` [ RunTime:0.000416s ]
SQL: SELECT * FROM `cj_user` WHERE ( `name`='km' and  `password` = '9b05de73d43f8c4ec1110c6bcc5312bc' ) LIMIT 1   [ RunTime:0.000225s ]
SQL: UPDATE `cj_user` SET `name`='km',`password`='9b05de73d43f8c4ec1110c6bcc5312bc',`email`='km@qq.com',`create_time`=1420817972,`login_time`=1420956260 WHERE ( `id` = 1 ) [ RunTime:0.000136s ]
NOTIC: [8] Undefined index: pwd /home/ftp/n/nkstu/wwwroot/dnspodt/home/Lib/Action/LoginAction.class.php 第 14 行.
INFO: [ view_parse ] --START--
NOTIC: [8] Undefined variable: tittle /home/ftp/n/nkstu/wwwroot/dnspodt/home/Runtime/Cache/a59cd7e587ddb6031682b33e60d31b88.php 第 2 行.
INFO: ParseTemplate Behavior ::run [ RunTime:0.004326s ]
INFO: [ view_parse ] --END-- [ RunTime:0.004370s ]
INFO: [ view_filter ] --START--
INFO: ContentReplace Behavior ::run [ RunTime:0.000184s ]
INFO: TokenBuild Behavior ::run [ RunTime:0.000194s ]
INFO: WriteHtmlCache Behavior ::run [ RunTime:0.000124s ]
INFO: ShowRuntime Behavior ::run [ RunTime:0.000227s ]
INFO: [ view_filter ] --END-- [ RunTime:0.000847s ]
INFO: [ view_end ] --START--
INFO: ShowPageTrace Behavior ::run [ RunTime:0.000324s ]
INFO: [ view_end ] --END-- [ RunTime:0.000364s ]

[ 2015-01-11T14:05:15+08:00 ] 115.150.35.76 /dnspodt/index.php?m=Login&a=logining
INFO: [ app_begin ] --START--
INFO: ReadHtmlCache Behavior ::run [ RunTime:0.000278s ]
INFO: [ app_begin ] --END-- [ RunTime:0.000336s ]
SQL: SHOW COLUMNS FROM `cj_user` [ RunTime:0.000420s ]
SQL: SELECT * FROM `cj_user` WHERE ( `name`='km' and  `password` = '9b05de73d43f8c4ec1110c6bcc5312bc' ) LIMIT 1   [ RunTime:0.000237s ]
SQL: UPDATE `cj_user` SET `name`='km',`password`='9b05de73d43f8c4ec1110c6bcc5312bc',`email`='km@qq.com',`create_time`=1420817972,`login_time`=1420956315 WHERE ( `id` = 1 ) [ RunTime:0.000144s ]
NOTIC: [8] Undefined index: pwd /home/ftp/n/nkstu/wwwroot/dnspodt/home/Lib/Action/LoginAction.class.php 第 14 行.
INFO: [ view_parse ] --START--
INFO: ParseTemplate Behavior ::run [ RunTime:0.004600s ]
INFO: [ view_parse ] --END-- [ RunTime:0.004653s ]
INFO: [ view_filter ] --START--
INFO: ContentReplace Behavior ::run [ RunTime:0.000192s ]
INFO: TokenBuild Behavior ::run [ RunTime:0.000189s ]
INFO: WriteHtmlCache Behavior ::run [ RunTime:0.000141s ]
INFO: ShowRuntime Behavior ::run [ RunTime:0.000286s ]
INFO: [ view_filter ] --END-- [ RunTime:0.000944s ]
INFO: [ view_end ] --START--
INFO: ShowPageTrace Behavior ::run [ RunTime:0.000316s ]
INFO: [ view_end ] --END-- [ RunTime:0.000362s ]

[ 2015-01-11T14:05:16+08:00 ] 115.150.35.76 /dnspodt/index.php?m=Login&a=logining
INFO: [ app_begin ] --START--
INFO: ReadHtmlCache Behavior ::run [ RunTime:0.000410s ]
INFO: [ app_begin ] --END-- [ RunTime:0.000473s ]
SQL: SHOW COLUMNS FROM `cj_user` [ RunTime:0.000424s ]
INFO: [ view_parse ] --START--
INFO: ParseTemplate Behavior ::run [ RunTime:0.004404s ]
INFO: [ view_parse ] --END-- [ RunTime:0.004457s ]
INFO: [ view_filter ] --START--
INFO: ContentReplace Behavior ::run [ RunTime:0.000178s ]
INFO: TokenBuild Behavior ::run [ RunTime:0.000183s ]
INFO: WriteHtmlCache Behavior ::run [ RunTime:0.000127s ]
INFO: ShowRuntime Behavior ::run [ RunTime:0.000236s ]
INFO: [ view_filter ] --END-- [ RunTime:0.000851s ]
INFO: [ view_end ] --START--
INFO: ShowPageTrace Behavior ::run [ RunTime:0.000332s ]
INFO: [ view_end ] --END-- [ RunTime:0.000378s ]

[ 2015-01-11T14:05:19+08:00 ] 115.150.35.76 /dnspodt/index.php?m=Login&a=index
INFO: [ app_begin ] --START--
INFO: ReadHtmlCache Behavior ::run [ RunTime:0.000280s ]
INFO: [ app_begin ] --END-- [ RunTime:0.000335s ]
INFO: [ view_parse ] --START--
INFO: ParseTemplate Behavior ::run [ RunTime:0.004287s ]
INFO: [ view_parse ] --END-- [ RunTime:0.004338s ]
INFO: [ view_filter ] --START--
INFO: ContentReplace Behavior ::run [ RunTime:0.000181s ]
INFO: TokenBuild Behavior ::run [ RunTime:0.000195s ]
INFO: WriteHtmlCache Behavior ::run [ RunTime:0.000123s ]
INFO: ShowRuntime Behavior ::run [ RunTime:0.000229s ]
INFO: [ view_filter ] --END-- [ RunTime:0.000845s ]
INFO: [ view_end ] --START--
INFO: ShowPageTrace Behavior ::run [ RunTime:0.000333s ]
INFO: [ view_end ] --END-- [ RunTime:0.000375s ]

[ 2015-01-11T14:05:20+08:00 ] 115.150.35.76 /dnspodt/index.php?m=Public&a=verify
INFO: [ app_begin ] --START--
INFO: ReadHtmlCache Behavior ::run [ RunTime:0.000299s ]
INFO: [ app_begin ] --END-- [ RunTime:0.000372s ]

[ 2015-01-11T14:06:23+08:00 ] 115.150.35.76 /dnspodt/index.php?m=Login&a=logining
INFO: [ app_begin ] --START--
INFO: ReadHtmlCache Behavior ::run [ RunTime:0.000285s ]
INFO: [ app_begin ] --END-- [ RunTime:0.000345s ]
SQL: SHOW COLUMNS FROM `cj_user` [ RunTime:0.000420s ]
SQL: SELECT * FROM `cj_user` WHERE ( `name`='km' and  `password` = '9b05de73d43f8c4ec1110c6bcc5312bc' ) LIMIT 1   [ RunTime:0.000211s ]
SQL: UPDATE `cj_user` SET `name`='km',`password`='9b05de73d43f8c4ec1110c6bcc5312bc',`email`='km@qq.com',`create_time`=1420817972,`login_time`=1420956383 WHERE ( `id` = 1 ) [ RunTime:0.000134s ]
NOTIC: [8] Undefined index: pwd /home/ftp/n/nkstu/wwwroot/dnspodt/home/Lib/Action/LoginAction.class.php 第 14 行.
INFO: [ view_parse ] --START--
INFO: ParseTemplate Behavior ::run [ RunTime:0.004380s ]
INFO: [ view_parse ] --END-- [ RunTime:0.004426s ]
INFO: [ view_filter ] --START--
INFO: ContentReplace Behavior ::run [ RunTime:0.000181s ]
INFO: TokenBuild Behavior ::run [ RunTime:0.000185s ]
INFO: WriteHtmlCache Behavior ::run [ RunTime:0.000130s ]
INFO: ShowRuntime Behavior ::run [ RunTime:0.000259s ]
INFO: [ view_filter ] --END-- [ RunTime:0.000887s ]
INFO: [ view_end ] --START--
INFO: ShowPageTrace Behavior ::run [ RunTime:0.000317s ]
INFO: [ view_end ] --END-- [ RunTime:0.000358s ]

[ 2015-01-11T14:06:24+08:00 ] 115.150.35.76 /dnspodt/index.php?m=Index&a=index
INFO: [ app_begin ] --START--
INFO: ReadHtmlCache Behavior ::run [ RunTime:0.000279s ]
INFO: [ app_begin ] --END-- [ RunTime:0.000333s ]

[ 2015-01-11T14:07:19+08:00 ] 115.150.35.76 /dnspodt/index.php?m=Index&a=index
INFO: [ app_begin ] --START--
INFO: ReadHtmlCache Behavior ::run [ RunTime:0.000326s ]
INFO: [ app_begin ] --END-- [ RunTime:0.000405s ]

[ 2015-01-11T14:07:42+08:00 ] 115.150.35.76 /dnspodt/index.php?m=Login&a=index
INFO: [ app_begin ] --START--
INFO: ReadHtmlCache Behavior ::run [ RunTime:0.000278s ]
INFO: [ app_begin ] --END-- [ RunTime:0.000331s ]
INFO: [ view_parse ] --START--
INFO: ParseTemplate Behavior ::run [ RunTime:0.004221s ]
INFO: [ view_parse ] --END-- [ RunTime:0.004268s ]
INFO: [ view_filter ] --START--
INFO: ContentReplace Behavior ::run [ RunTime:0.000170s ]
INFO: TokenBuild Behavior ::run [ RunTime:0.000194s ]
INFO: WriteHtmlCache Behavior ::run [ RunTime:0.000124s ]
INFO: ShowRuntime Behavior ::run [ RunTime:0.000285s ]
INFO: [ view_filter ] --END-- [ RunTime:0.000894s ]
INFO: [ view_end ] --START--
INFO: ShowPageTrace Behavior ::run [ RunTime:0.000320s ]
INFO: [ view_end ] --END-- [ RunTime:0.000361s ]

[ 2015-01-11T14:07:43+08:00 ] 115.150.35.76 /dnspodt/index.php?m=Public&a=verify
INFO: [ app_begin ] --START--
INFO: ReadHtmlCache Behavior ::run [ RunTime:0.000290s ]
INFO: [ app_begin ] --END-- [ RunTime:0.000352s ]

[ 2015-01-11T14:07:50+08:00 ] 115.150.35.76 /dnspodt/index.php?m=Login&a=logining
INFO: [ app_begin ] --START--
INFO: ReadHtmlCache Behavior ::run [ RunTime:0.000305s ]
INFO: [ app_begin ] --END-- [ RunTime:0.000370s ]
SQL: SHOW COLUMNS FROM `cj_user` [ RunTime:0.000447s ]
SQL: SELECT * FROM `cj_user` WHERE ( `name`='km' and  `password` = '9b05de73d43f8c4ec1110c6bcc5312bc' ) LIMIT 1   [ RunTime:0.000239s ]
SQL: UPDATE `cj_user` SET `name`='km',`password`='9b05de73d43f8c4ec1110c6bcc5312bc',`email`='km@qq.com',`create_time`=1420817972,`login_time`=1420956470 WHERE ( `id` = 1 ) [ RunTime:0.000150s ]
INFO: [ view_parse ] --START--
INFO: ParseTemplate Behavior ::run [ RunTime:0.004439s ]
INFO: [ view_parse ] --END-- [ RunTime:0.004489s ]
INFO: [ view_filter ] --START--
INFO: ContentReplace Behavior ::run [ RunTime:0.000200s ]
INFO: TokenBuild Behavior ::run [ RunTime:0.000186s ]
INFO: WriteHtmlCache Behavior ::run [ RunTime:0.000128s ]
INFO: ShowRuntime Behavior ::run [ RunTime:0.000261s ]
INFO: [ view_filter ] --END-- [ RunTime:0.000891s ]
INFO: [ view_end ] --START--
INFO: ShowPageTrace Behavior ::run [ RunTime:0.000326s ]
INFO: [ view_end ] --END-- [ RunTime:0.000368s ]

[ 2015-01-11T14:07:53+08:00 ] 115.150.35.76 /dnspodt/index.php?m=Index&a=index
INFO: [ app_begin ] --START--
INFO: ReadHtmlCache Behavior ::run [ RunTime:0.000285s ]
INFO: [ app_begin ] --END-- [ RunTime:0.000339s ]

[ 2015-01-11T14:54:19+08:00 ] 182.99.135.34 /dnspodt/
INFO: [ app_begin ] --START--
INFO: ReadHtmlCache Behavior ::run [ RunTime:0.000496s ]
INFO: [ app_begin ] --END-- [ RunTime:0.000582s ]

[ 2015-01-11T14:54:25+08:00 ] 182.99.135.34 /dnspodt/
INFO: [ app_begin ] --START--
INFO: ReadHtmlCache Behavior ::run [ RunTime:0.000281s ]
INFO: [ app_begin ] --END-- [ RunTime:0.000343s ]

[ 2015-01-11T14:55:21+08:00 ] 182.99.135.34 /dnspodt/
INFO: [ app_begin ] --START--
INFO: ReadHtmlCache Behavior ::run [ RunTime:0.000291s ]
INFO: [ app_begin ] --END-- [ RunTime:0.000350s ]

[ 2015-01-11T14:55:40+08:00 ] 182.99.135.34 /dnspodt/
INFO: [ app_begin ] --START--
INFO: ReadHtmlCache Behavior ::run [ RunTime:0.000281s ]
INFO: [ app_begin ] --END-- [ RunTime:0.000334s ]

[ 2015-01-11T14:56:32+08:00 ] 182.99.135.34 /dnspodt/
INFO: [ app_begin ] --START--
INFO: ReadHtmlCache Behavior ::run [ RunTime:0.000298s ]
INFO: [ app_begin ] --END-- [ RunTime:0.000354s ]
SQL: SHOW COLUMNS FROM `cj_user` [ RunTime:0.000447s ]
ERR: Model:isLogin您所请求的方法不存在！

[ 2015-01-11T14:56:52+08:00 ] 182.99.135.34 /dnspodt/
INFO: [ app_begin ] --START--
INFO: ReadHtmlCache Behavior ::run [ RunTime:0.000282s ]
INFO: [ app_begin ] --END-- [ RunTime:0.000360s ]
SQL: SHOW COLUMNS FROM `cj_user` [ RunTime:0.000434s ]
ERR: Model:isLogin您所请求的方法不存在！

[ 2015-01-11T14:58:11+08:00 ] 182.99.135.34 /dnspodt/
INFO: [ app_begin ] --START--
INFO: ReadHtmlCache Behavior ::run [ RunTime:0.000298s ]
INFO: [ app_begin ] --END-- [ RunTime:0.000359s ]
SQL: SHOW COLUMNS FROM `cj_user` [ RunTime:0.000435s ]
ERR: Model:isLogin您所请求的方法不存在！

[ 2015-01-11T14:58:14+08:00 ] 182.99.135.34 /dnspodt/
INFO: [ app_begin ] --START--
INFO: ReadHtmlCache Behavior ::run [ RunTime:0.000321s ]
INFO: [ app_begin ] --END-- [ RunTime:0.000381s ]
SQL: SHOW COLUMNS FROM `cj_user` [ RunTime:0.000459s ]
ERR: Model:isLogin您所请求的方法不存在！

[ 2015-01-11T15:49:35+08:00 ] 115.150.35.76 /dnspodt/
INFO: [ app_begin ] --START--
INFO: ReadHtmlCache Behavior ::run [ RunTime:0.000329s ]
INFO: [ app_begin ] --END-- [ RunTime:0.000413s ]
SQL: SHOW COLUMNS FROM `cj_user` [ RunTime:0.000488s ]
ERR: Model:isLogin您所请求的方法不存在！

[ 2015-01-11T15:51:12+08:00 ] 115.150.35.76 /dnspodt/
INFO: [ app_begin ] --START--
INFO: ReadHtmlCache Behavior ::run [ RunTime:0.000290s ]
INFO: [ app_begin ] --END-- [ RunTime:0.000358s ]

[ 2015-01-11T15:52:48+08:00 ] 115.150.35.76 /dnspodt/
INFO: [ app_begin ] --START--
INFO: ReadHtmlCache Behavior ::run [ RunTime:0.000305s ]
INFO: [ app_begin ] --END-- [ RunTime:0.000360s ]
SQL: SHOW COLUMNS FROM `cj_user` [ RunTime:0.000409s ]
SQL: SELECT * FROM `cj_user` WHERE ( id=  and pwd=  ) LIMIT 1   [ RunTime:0.000127s ]
ERR: 1064:You have an error in your SQL syntax; check the manual that corresponds to your MySQL server version for the right syntax to use near 'and pwd=  ) LIMIT 1' at line 1
 [ SQL语句 ] : SELECT * FROM `cj_user` WHERE ( id=  and pwd=  ) LIMIT 1  
NOTIC: [8] Undefined index: 1 /home/ftp/n/nkstu/wwwroot/dnspodt/home/Common/common.php 第 12 行.

[ 2015-01-11T15:55:35+08:00 ] 115.150.35.76 /dnspodt/
INFO: [ app_begin ] --START--
INFO: ReadHtmlCache Behavior ::run [ RunTime:0.000276s ]
INFO: [ app_begin ] --END-- [ RunTime:0.000330s ]
SQL: SHOW COLUMNS FROM `cj_user` [ RunTime:0.000406s ]
SQL: SELECT * FROM `cj_user` WHERE ( id=  and pwd=  ) LIMIT 1   [ RunTime:0.000134s ]
ERR: 1064:You have an error in your SQL syntax; check the manual that corresponds to your MySQL server version for the right syntax to use near 'and pwd=  ) LIMIT 1' at line 1
 [ SQL语句 ] : SELECT * FROM `cj_user` WHERE ( id=  and pwd=  ) LIMIT 1  
NOTIC: [8] Undefined index: 1 /home/ftp/n/nkstu/wwwroot/dnspodt/home/Common/common.php 第 12 行.

[ 2015-01-11T15:55:37+08:00 ] 115.150.35.76 /dnspodt/
INFO: [ app_begin ] --START--
INFO: ReadHtmlCache Behavior ::run [ RunTime:0.000283s ]
INFO: [ app_begin ] --END-- [ RunTime:0.000343s ]
SQL: SHOW COLUMNS FROM `cj_user` [ RunTime:0.000446s ]
SQL: SELECT * FROM `cj_user` WHERE ( id=  and pwd=  ) LIMIT 1   [ RunTime:0.000135s ]
ERR: 1064:You have an error in your SQL syntax; check the manual that corresponds to your MySQL server version for the right syntax to use near 'and pwd=  ) LIMIT 1' at line 1
 [ SQL语句 ] : SELECT * FROM `cj_user` WHERE ( id=  and pwd=  ) LIMIT 1  
NOTIC: [8] Undefined index: 1 /home/ftp/n/nkstu/wwwroot/dnspodt/home/Common/common.php 第 12 行.

[ 2015-01-11T15:56:18+08:00 ] 115.150.35.76 /dnspodt/
INFO: [ app_begin ] --START--
INFO: ReadHtmlCache Behavior ::run [ RunTime:0.000275s ]
INFO: [ app_begin ] --END-- [ RunTime:0.000336s ]
SQL: SHOW COLUMNS FROM `cj_user` [ RunTime:0.000399s ]
SQL: SELECT * FROM `cj_user` WHERE ( id=  and pwd=  ) LIMIT 1   [ RunTime:0.000140s ]
ERR: 1064:You have an error in your SQL syntax; check the manual that corresponds to your MySQL server version for the right syntax to use near 'and pwd=  ) LIMIT 1' at line 1
 [ SQL语句 ] : SELECT * FROM `cj_user` WHERE ( id=  and pwd=  ) LIMIT 1  
NOTIC: [8] Undefined index: 1 /home/ftp/n/nkstu/wwwroot/dnspodt/home/Common/common.php 第 12 行.

[ 2015-01-11T15:56:36+08:00 ] 115.150.35.76 /dnspodt/?a=Reg
INFO: [ app_begin ] --START--
INFO: ReadHtmlCache Behavior ::run [ RunTime:0.000276s ]
INFO: [ app_begin ] --END-- [ RunTime:0.000331s ]
ERR: 非法操作:Reg

[ 2015-01-11T15:56:42+08:00 ] 115.150.35.76 /dnspodt/?m=Reg
INFO: [ app_begin ] --START--
INFO: ReadHtmlCache Behavior ::run [ RunTime:0.000282s ]
INFO: [ app_begin ] --END-- [ RunTime:0.000348s ]
INFO: [ view_parse ] --START--
INFO: ParseTemplate Behavior ::run [ RunTime:0.004580s ]
INFO: [ view_parse ] --END-- [ RunTime:0.004655s ]
INFO: [ view_filter ] --START--
INFO: ContentReplace Behavior ::run [ RunTime:0.000189s ]
INFO: TokenBuild Behavior ::run [ RunTime:0.000236s ]
INFO: WriteHtmlCache Behavior ::run [ RunTime:0.000148s ]
INFO: ShowRuntime Behavior ::run [ RunTime:0.000240s ]
INFO: [ view_filter ] --END-- [ RunTime:0.000959s ]
INFO: [ view_end ] --START--
INFO: ShowPageTrace Behavior ::run [ RunTime:0.000328s ]
INFO: [ view_end ] --END-- [ RunTime:0.000369s ]

[ 2015-01-11T15:56:42+08:00 ] 115.150.35.76 /dnspodt/index.php?m=Public&a=verify
INFO: [ app_begin ] --START--
INFO: ReadHtmlCache Behavior ::run [ RunTime:0.000336s ]
INFO: [ app_begin ] --END-- [ RunTime:0.000394s ]
NOTIC: [8] Undefined index: dns /home/ftp/n/nkstu/wwwroot/dnspodt/ThinkPHP/Common/functions.php 第 617 行.

[ 2015-01-11T15:56:43+08:00 ] 115.150.35.76 /dnspodt/index.php?m=Login&a=index
INFO: [ app_begin ] --START--
INFO: ReadHtmlCache Behavior ::run [ RunTime:0.000296s ]
INFO: [ app_begin ] --END-- [ RunTime:0.000350s ]
INFO: [ view_parse ] --START--
INFO: ParseTemplate Behavior ::run [ RunTime:0.004602s ]
INFO: [ view_parse ] --END-- [ RunTime:0.004651s ]
INFO: [ view_filter ] --START--
INFO: ContentReplace Behavior ::run [ RunTime:0.000175s ]
INFO: TokenBuild Behavior ::run [ RunTime:0.000187s ]
INFO: WriteHtmlCache Behavior ::run [ RunTime:0.000122s ]
INFO: ShowRuntime Behavior ::run [ RunTime:0.000394s ]
INFO: [ view_filter ] --END-- [ RunTime:0.001003s ]
INFO: [ view_end ] --START--
INFO: ShowPageTrace Behavior ::run [ RunTime:0.000317s ]
INFO: [ view_end ] --END-- [ RunTime:0.000359s ]

[ 2015-01-11T15:56:47+08:00 ] 115.150.35.76 /dnspodt/index.php?m=Login&a=index
INFO: [ app_begin ] --START--
INFO: ReadHtmlCache Behavior ::run [ RunTime:0.000283s ]
INFO: [ app_begin ] --END-- [ RunTime:0.000339s ]
INFO: [ view_parse ] --START--
INFO: ParseTemplate Behavior ::run [ RunTime:0.004097s ]
INFO: [ view_parse ] --END-- [ RunTime:0.004149s ]
INFO: [ view_filter ] --START--
INFO: ContentReplace Behavior ::run [ RunTime:0.000179s ]
INFO: TokenBuild Behavior ::run [ RunTime:0.000186s ]
INFO: WriteHtmlCache Behavior ::run [ RunTime:0.000120s ]
INFO: ShowRuntime Behavior ::run [ RunTime:0.000230s ]
INFO: [ view_filter ] --END-- [ RunTime:0.000836s ]
INFO: [ view_end ] --START--
INFO: ShowPageTrace Behavior ::run [ RunTime:0.000328s ]
INFO: [ view_end ] --END-- [ RunTime:0.000368s ]

[ 2015-01-11T15:56:47+08:00 ] 115.150.35.76 /dnspodt/index.php?m=Public&a=verify
INFO: [ app_begin ] --START--
INFO: ReadHtmlCache Behavior ::run [ RunTime:0.000280s ]
INFO: [ app_begin ] --END-- [ RunTime:0.000334s ]

[ 2015-01-11T15:56:54+08:00 ] 115.150.35.76 /dnspodt/index.php?m=Login&a=logining
INFO: [ app_begin ] --START--
INFO: ReadHtmlCache Behavior ::run [ RunTime:0.000299s ]
INFO: [ app_begin ] --END-- [ RunTime:0.000361s ]
SQL: SHOW COLUMNS FROM `cj_user` [ RunTime:0.000420s ]
SQL: SELECT * FROM `cj_user` WHERE ( `name`='km' and  `password` = '9b05de73d43f8c4ec1110c6bcc5312bc' ) LIMIT 1   [ RunTime:0.000211s ]
SQL: UPDATE `cj_user` SET `name`='km',`password`='9b05de73d43f8c4ec1110c6bcc5312bc',`email`='km@qq.com',`create_time`=1420817972,`login_time`=1420963014 WHERE ( `id` = 1 ) [ RunTime:0.000179s ]
INFO: [ view_parse ] --START--
INFO: ParseTemplate Behavior ::run [ RunTime:0.004541s ]
INFO: [ view_parse ] --END-- [ RunTime:0.004595s ]
INFO: [ view_filter ] --START--
INFO: ContentReplace Behavior ::run [ RunTime:0.000186s ]
INFO: TokenBuild Behavior ::run [ RunTime:0.000189s ]
INFO: WriteHtmlCache Behavior ::run [ RunTime:0.000126s ]
INFO: ShowRuntime Behavior ::run [ RunTime:0.000235s ]
INFO: [ view_filter ] --END-- [ RunTime:0.000862s ]
INFO: [ view_end ] --START--
INFO: ShowPageTrace Behavior ::run [ RunTime:0.000343s ]
INFO: [ view_end ] --END-- [ RunTime:0.000396s ]

[ 2015-01-11T15:56:55+08:00 ] 115.150.35.76 /dnspodt/index.php?m=Index&a=index
INFO: [ app_begin ] --START--
INFO: ReadHtmlCache Behavior ::run [ RunTime:0.000288s ]
INFO: [ app_begin ] --END-- [ RunTime:0.000345s ]
SQL: SHOW COLUMNS FROM `cj_user` [ RunTime:0.000421s ]
SQL: SELECT * FROM `cj_user` WHERE ( id= 1 and pwd= 9b05de73d43f8c4ec1110c6bcc5312bc ) LIMIT 1   [ RunTime:0.000164s ]
ERR: 1054:Unknown column 'pwd' in 'where clause'
 [ SQL语句 ] : SELECT * FROM `cj_user` WHERE ( id= 1 and pwd= 9b05de73d43f8c4ec1110c6bcc5312bc ) LIMIT 1  
NOTIC: [8] Undefined index: 1 /home/ftp/n/nkstu/wwwroot/dnspodt/home/Common/common.php 第 12 行.

[ 2015-01-11T15:57:02+08:00 ] 115.150.35.76 /dnspodt/index.php?m=Index&a=index
INFO: [ app_begin ] --START--
INFO: ReadHtmlCache Behavior ::run [ RunTime:0.000285s ]
INFO: [ app_begin ] --END-- [ RunTime:0.000341s ]
SQL: SHOW COLUMNS FROM `cj_user` [ RunTime:0.000552s ]
SQL: SELECT * FROM `cj_user` WHERE ( id= 1 and pwd= 9b05de73d43f8c4ec1110c6bcc5312bc ) LIMIT 1   [ RunTime:0.000208s ]
ERR: 1054:Unknown column 'pwd' in 'where clause'
 [ SQL语句 ] : SELECT * FROM `cj_user` WHERE ( id= 1 and pwd= 9b05de73d43f8c4ec1110c6bcc5312bc ) LIMIT 1  
NOTIC: [8] Undefined index: 1 /home/ftp/n/nkstu/wwwroot/dnspodt/home/Common/common.php 第 12 行.

[ 2015-01-11T15:57:28+08:00 ] 115.150.35.76 /dnspodt/index.php?m=Index&a=index
INFO: [ app_begin ] --START--
INFO: ReadHtmlCache Behavior ::run [ RunTime:0.000281s ]
INFO: [ app_begin ] --END-- [ RunTime:0.000334s ]
SQL: SHOW COLUMNS FROM `cj_user` [ RunTime:0.000465s ]
SQL: SELECT * FROM `cj_user` WHERE ( id= 1 and pwd= 9b05de73d43f8c4ec1110c6bcc5312bc ) LIMIT 1   [ RunTime:0.000108s ]
ERR: 1054:Unknown column 'pwd' in 'where clause'
 [ SQL语句 ] : SELECT * FROM `cj_user` WHERE ( id= 1 and pwd= 9b05de73d43f8c4ec1110c6bcc5312bc ) LIMIT 1  
NOTIC: [8] Undefined offset: 1 /home/ftp/n/nkstu/wwwroot/dnspodt/home/Common/common.php 第 12 行.

[ 2015-01-11T15:57:30+08:00 ] 115.150.35.76 /dnspodt/index.php?m=Index&a=index
INFO: [ app_begin ] --START--
INFO: ReadHtmlCache Behavior ::run [ RunTime:0.000274s ]
INFO: [ app_begin ] --END-- [ RunTime:0.000329s ]
SQL: SHOW COLUMNS FROM `cj_user` [ RunTime:0.000428s ]
SQL: SELECT * FROM `cj_user` WHERE ( id= 1 and pwd= 9b05de73d43f8c4ec1110c6bcc5312bc ) LIMIT 1   [ RunTime:0.000162s ]
ERR: 1054:Unknown column 'pwd' in 'where clause'
 [ SQL语句 ] : SELECT * FROM `cj_user` WHERE ( id= 1 and pwd= 9b05de73d43f8c4ec1110c6bcc5312bc ) LIMIT 1  
NOTIC: [8] Undefined offset: 1 /home/ftp/n/nkstu/wwwroot/dnspodt/home/Common/common.php 第 12 行.

[ 2015-01-11T15:57:31+08:00 ] 115.150.35.76 /dnspodt/index.php?m=Index&a=index
INFO: [ app_begin ] --START--
INFO: ReadHtmlCache Behavior ::run [ RunTime:0.000312s ]
INFO: [ app_begin ] --END-- [ RunTime:0.000380s ]
SQL: SHOW COLUMNS FROM `cj_user` [ RunTime:0.000500s ]
SQL: SELECT * FROM `cj_user` WHERE ( id= 1 and pwd= 9b05de73d43f8c4ec1110c6bcc5312bc ) LIMIT 1   [ RunTime:0.000178s ]
ERR: 1054:Unknown column 'pwd' in 'where clause'
 [ SQL语句 ] : SELECT * FROM `cj_user` WHERE ( id= 1 and pwd= 9b05de73d43f8c4ec1110c6bcc5312bc ) LIMIT 1  
NOTIC: [8] Undefined offset: 1 /home/ftp/n/nkstu/wwwroot/dnspodt/home/Common/common.php 第 12 行.

[ 2015-01-11T15:59:20+08:00 ] 115.150.35.76 /dnspodt/index.php?m=Index&a=index
INFO: [ app_begin ] --START--
INFO: ReadHtmlCache Behavior ::run [ RunTime:0.000293s ]
INFO: [ app_begin ] --END-- [ RunTime:0.000357s ]
SQL: SHOW COLUMNS FROM `cj_user` [ RunTime:0.000396s ]
SQL: SELECT * FROM `cj_user` WHERE ( id='1' and pwd='9b05de73d43f8c4ec1110c6bcc5312bc' ) LIMIT 1   [ RunTime:0.000172s ]
ERR: 1054:Unknown column 'pwd' in 'where clause'
 [ SQL语句 ] : SELECT * FROM `cj_user` WHERE ( id='1' and pwd='9b05de73d43f8c4ec1110c6bcc5312bc' ) LIMIT 1  
NOTIC: [8] Undefined offset: 1 /home/ftp/n/nkstu/wwwroot/dnspodt/home/Common/common.php 第 12 行.

[ 2015-01-11T15:59:23+08:00 ] 115.150.35.76 /dnspodt/index.php?m=Index&a=index
INFO: [ app_begin ] --START--
INFO: ReadHtmlCache Behavior ::run [ RunTime:0.000297s ]
INFO: [ app_begin ] --END-- [ RunTime:0.000353s ]
SQL: SHOW COLUMNS FROM `cj_user` [ RunTime:0.000413s ]
SQL: SELECT * FROM `cj_user` WHERE ( id='1' and pwd='9b05de73d43f8c4ec1110c6bcc5312bc' ) LIMIT 1   [ RunTime:0.000163s ]
ERR: 1054:Unknown column 'pwd' in 'where clause'
 [ SQL语句 ] : SELECT * FROM `cj_user` WHERE ( id='1' and pwd='9b05de73d43f8c4ec1110c6bcc5312bc' ) LIMIT 1  
NOTIC: [8] Undefined offset: 1 /home/ftp/n/nkstu/wwwroot/dnspodt/home/Common/common.php 第 12 行.

[ 2015-01-11T16:00:06+08:00 ] 115.150.35.76 /dnspodt/index.php?m=Index&a=index
INFO: [ app_begin ] --START--
INFO: ReadHtmlCache Behavior ::run [ RunTime:0.000316s ]
INFO: [ app_begin ] --END-- [ RunTime:0.000382s ]
SQL: SHOW COLUMNS FROM `cj_user` [ RunTime:0.000432s ]
SQL: SELECT * FROM `cj_user` WHERE ( id='1' and pwd='9b05de73d43f8c4ec1110c6bcc5312bc' ) LIMIT 1   [ RunTime:0.000189s ]
ERR: 1054:Unknown column 'pwd' in 'where clause'
 [ SQL语句 ] : SELECT * FROM `cj_user` WHERE ( id='1' and pwd='9b05de73d43f8c4ec1110c6bcc5312bc' ) LIMIT 1  

[ 2015-01-11T16:00:10+08:00 ] 115.150.35.76 /dnspodt/index.php?m=Index&a=index
INFO: [ app_begin ] --START--
INFO: ReadHtmlCache Behavior ::run [ RunTime:0.000334s ]
INFO: [ app_begin ] --END-- [ RunTime:0.000395s ]
SQL: SHOW COLUMNS FROM `cj_user` [ RunTime:0.000501s ]
SQL: SELECT * FROM `cj_user` WHERE ( id='1' and pwd='9b05de73d43f8c4ec1110c6bcc5312bc' ) LIMIT 1   [ RunTime:0.000186s ]
ERR: 1054:Unknown column 'pwd' in 'where clause'
 [ SQL语句 ] : SELECT * FROM `cj_user` WHERE ( id='1' and pwd='9b05de73d43f8c4ec1110c6bcc5312bc' ) LIMIT 1  

[ 2015-01-11T16:00:10+08:00 ] 115.150.35.76 /dnspodt/index.php?m=Index&a=index
INFO: [ app_begin ] --START--
INFO: ReadHtmlCache Behavior ::run [ RunTime:0.000282s ]
INFO: [ app_begin ] --END-- [ RunTime:0.000335s ]
SQL: SHOW COLUMNS FROM `cj_user` [ RunTime:0.000652s ]
SQL: SELECT * FROM `cj_user` WHERE ( id='1' and pwd='9b05de73d43f8c4ec1110c6bcc5312bc' ) LIMIT 1   [ RunTime:0.000222s ]
ERR: 1054:Unknown column 'pwd' in 'where clause'
 [ SQL语句 ] : SELECT * FROM `cj_user` WHERE ( id='1' and pwd='9b05de73d43f8c4ec1110c6bcc5312bc' ) LIMIT 1  

[ 2015-01-11T16:00:11+08:00 ] 115.150.35.76 /dnspodt/index.php?m=Index&a=index
INFO: [ app_begin ] --START--
INFO: ReadHtmlCache Behavior ::run [ RunTime:0.000290s ]
INFO: [ app_begin ] --END-- [ RunTime:0.000351s ]
SQL: SHOW COLUMNS FROM `cj_user` [ RunTime:0.000464s ]
SQL: SELECT * FROM `cj_user` WHERE ( id='1' and pwd='9b05de73d43f8c4ec1110c6bcc5312bc' ) LIMIT 1   [ RunTime:0.000162s ]
ERR: 1054:Unknown column 'pwd' in 'where clause'
 [ SQL语句 ] : SELECT * FROM `cj_user` WHERE ( id='1' and pwd='9b05de73d43f8c4ec1110c6bcc5312bc' ) LIMIT 1  

[ 2015-01-11T16:00:11+08:00 ] 115.150.35.76 /dnspodt/index.php?m=Index&a=index
INFO: [ app_begin ] --START--
INFO: ReadHtmlCache Behavior ::run [ RunTime:0.000284s ]
INFO: [ app_begin ] --END-- [ RunTime:0.000338s ]
SQL: SHOW COLUMNS FROM `cj_user` [ RunTime:0.000415s ]
SQL: SELECT * FROM `cj_user` WHERE ( id='1' and pwd='9b05de73d43f8c4ec1110c6bcc5312bc' ) LIMIT 1   [ RunTime:0.000164s ]
ERR: 1054:Unknown column 'pwd' in 'where clause'
 [ SQL语句 ] : SELECT * FROM `cj_user` WHERE ( id='1' and pwd='9b05de73d43f8c4ec1110c6bcc5312bc' ) LIMIT 1  

[ 2015-01-11T16:01:15+08:00 ] 115.150.35.76 /dnspodt/index.php?m=Index&a=index
INFO: [ app_begin ] --START--
INFO: ReadHtmlCache Behavior ::run [ RunTime:0.000292s ]
INFO: [ app_begin ] --END-- [ RunTime:0.000348s ]
SQL: SHOW COLUMNS FROM `cj_user` [ RunTime:0.000415s ]
SQL: SELECT * FROM `cj_user` WHERE ( id='1' and password='9b05de73d43f8c4ec1110c6bcc5312bc' ) LIMIT 1   [ RunTime:0.000220s ]

[ 2015-01-11T23:15:16+08:00 ] 115.150.35.76 /dnspodt/?m=Reg
INFO: [ app_begin ] --START--
INFO: ReadHtmlCache Behavior ::run [ RunTime:0.000352s ]
INFO: [ app_begin ] --END-- [ RunTime:0.000417s ]
INFO: [ view_parse ] --START--
INFO: ParseTemplate Behavior ::run [ RunTime:0.004959s ]
INFO: [ view_parse ] --END-- [ RunTime:0.005014s ]
INFO: [ view_filter ] --START--
INFO: ContentReplace Behavior ::run [ RunTime:0.000192s ]
INFO: TokenBuild Behavior ::run [ RunTime:0.000198s ]
INFO: WriteHtmlCache Behavior ::run [ RunTime:0.000130s ]
INFO: ShowRuntime Behavior ::run [ RunTime:0.000246s ]
INFO: [ view_filter ] --END-- [ RunTime:0.000899s ]
INFO: [ view_end ] --START--
INFO: ShowPageTrace Behavior ::run [ RunTime:0.000340s ]
INFO: [ view_end ] --END-- [ RunTime:0.000385s ]

[ 2015-01-11T23:15:17+08:00 ] 115.150.35.76 /dnspodt/index.php?m=Public&a=verify
INFO: [ app_begin ] --START--
INFO: ReadHtmlCache Behavior ::run [ RunTime:0.000330s ]
INFO: [ app_begin ] --END-- [ RunTime:0.000389s ]
NOTIC: [8] Undefined index: dns /home/ftp/n/nkstu/wwwroot/dnspodt/ThinkPHP/Common/functions.php 第 617 行.

[ 2015-01-11T23:15:18+08:00 ] 115.150.35.76 /dnspodt/index.php?m=Login&a=index
INFO: [ app_begin ] --START--
INFO: ReadHtmlCache Behavior ::run [ RunTime:0.000291s ]
INFO: [ app_begin ] --END-- [ RunTime:0.000354s ]
INFO: [ view_parse ] --START--
INFO: ParseTemplate Behavior ::run [ RunTime:0.004177s ]
INFO: [ view_parse ] --END-- [ RunTime:0.004229s ]
INFO: [ view_filter ] --START--
INFO: ContentReplace Behavior ::run [ RunTime:0.000190s ]
INFO: TokenBuild Behavior ::run [ RunTime:0.000210s ]
INFO: WriteHtmlCache Behavior ::run [ RunTime:0.000127s ]
INFO: ShowRuntime Behavior ::run [ RunTime:0.000238s ]
INFO: [ view_filter ] --END-- [ RunTime:0.000898s ]
INFO: [ view_end ] --START--
INFO: ShowPageTrace Behavior ::run [ RunTime:0.000340s ]
INFO: [ view_end ] --END-- [ RunTime:0.000386s ]

[ 2015-01-11T23:15:18+08:00 ] 115.150.35.76 /dnspodt/index.php?m=Public&a=verify
INFO: [ app_begin ] --START--
INFO: ReadHtmlCache Behavior ::run [ RunTime:0.000276s ]
INFO: [ app_begin ] --END-- [ RunTime:0.000331s ]

[ 2015-01-11T23:15:25+08:00 ] 115.150.35.76 /dnspodt/index.php?m=Login&a=logining
INFO: [ app_begin ] --START--
INFO: ReadHtmlCache Behavior ::run [ RunTime:0.000302s ]
INFO: [ app_begin ] --END-- [ RunTime:0.000358s ]
SQL: SHOW COLUMNS FROM `cj_user` [ RunTime:0.000654s ]
SQL: SELECT * FROM `cj_user` WHERE ( `name`='km' and  `password` = '9b05de73d43f8c4ec1110c6bcc5312bc' ) LIMIT 1   [ RunTime:0.000248s ]
SQL: UPDATE `cj_user` SET `name`='km',`password`='9b05de73d43f8c4ec1110c6bcc5312bc',`email`='km@qq.com',`create_time`=1420817972,`login_time`=1420989325 WHERE ( `id` = 1 ) [ RunTime:0.000220s ]
INFO: [ view_parse ] --START--
INFO: ParseTemplate Behavior ::run [ RunTime:0.006024s ]
INFO: [ view_parse ] --END-- [ RunTime:0.006092s ]
INFO: [ view_filter ] --START--
INFO: ContentReplace Behavior ::run [ RunTime:0.000185s ]
INFO: TokenBuild Behavior ::run [ RunTime:0.000190s ]
INFO: WriteHtmlCache Behavior ::run [ RunTime:0.000129s ]
INFO: ShowRuntime Behavior ::run [ RunTime:0.000236s ]
INFO: [ view_filter ] --END-- [ RunTime:0.000909s ]
INFO: [ view_end ] --START--
INFO: ShowPageTrace Behavior ::run [ RunTime:0.000335s ]
INFO: [ view_end ] --END-- [ RunTime:0.000380s ]

[ 2015-01-11T23:15:26+08:00 ] 115.150.35.76 /dnspodt/index.php?m=Index&a=index
INFO: [ app_begin ] --START--
INFO: ReadHtmlCache Behavior ::run [ RunTime:0.000279s ]
INFO: [ app_begin ] --END-- [ RunTime:0.000338s ]
SQL: SHOW COLUMNS FROM `cj_user` [ RunTime:0.000410s ]
SQL: SELECT * FROM `cj_user` WHERE ( id='1' and password='9b05de73d43f8c4ec1110c6bcc5312bc' ) LIMIT 1   [ RunTime:0.000222s ]

[ 2015-01-11T23:16:57+08:00 ] 115.150.35.76 /dnspodt/index.php?m=Index&a=index
INFO: [ app_begin ] --START--
INFO: ReadHtmlCache Behavior ::run [ RunTime:0.000289s ]
INFO: [ app_begin ] --END-- [ RunTime:0.000349s ]
SQL: SHOW COLUMNS FROM `cj_user` [ RunTime:0.000453s ]
SQL: SELECT * FROM `cj_user` WHERE ( id='1' and password='9b05de73d43f8c4ec1110c6bcc5312bc' ) LIMIT 1   [ RunTime:0.000215s ]

[ 2015-01-11T23:16:59+08:00 ] 115.150.35.76 /dnspodt/index.php?m=Index&a=index
INFO: [ app_begin ] --START--
INFO: ReadHtmlCache Behavior ::run [ RunTime:0.000288s ]
INFO: [ app_begin ] --END-- [ RunTime:0.000347s ]
SQL: SHOW COLUMNS FROM `cj_user` [ RunTime:0.000453s ]
SQL: SELECT * FROM `cj_user` WHERE ( id='1' and password='9b05de73d43f8c4ec1110c6bcc5312bc' ) LIMIT 1   [ RunTime:0.000255s ]

[ 2015-01-11T23:17:01+08:00 ] 115.150.35.76 /dnspodt/index.php?m=Index&a=index
INFO: [ app_begin ] --START--
INFO: ReadHtmlCache Behavior ::run [ RunTime:0.000285s ]
INFO: [ app_begin ] --END-- [ RunTime:0.000339s ]
SQL: SHOW COLUMNS FROM `cj_user` [ RunTime:0.000405s ]
SQL: SELECT * FROM `cj_user` WHERE ( id='1' and password='9b05de73d43f8c4ec1110c6bcc5312bc' ) LIMIT 1   [ RunTime:0.000226s ]

